(---------------------------------------------------------------------)
(                                                                     )
(    NC DRILL Log                                                     )
(                                                                     )
(    Drawing          : SDHCalFEB.brd                                 )
(    Software Version : 16.6S025                                      )
(    Date/Time        : Tue Jan 30 15:11:12 2018                      )
(                                                                     )
(---------------------------------------------------------------------)



 Processing NC Parameters file 'nc_param.txt' ...

 NC PARAMETERS
 -------------

 FORMAT   		2.5
 MACHINE-OFFSET		x:0.000000	y:0.000000
 FEEDRATE		1
 COORDINATES		ABSOLUTE
 OUTPUT-UNITS		ENGLISH
 TOOL-ORDER		INCREASING
 REPEAT-CODES		YES
 SUPPRESS-LEAD-ZEROES	NO
 SUPPRESS-TRAIL-ZEROES	NO
 SUPPRESS-EQUAL		NO
 TOOL-SELECT		NO
 HEADER			none
 LEADER			12
 CODE			ASCII
 SEPARATE		NO
 SEPARATE-ROUTING	NO
 OPTIMIZE_DRILLING	NO
 ENHANCED_EXCELLON	NO
 SCALE			1.000000

 WARNING(SPMHMF-358): Design precision is the same as that of the drill output file data.
 WARNING(SPMHMF-359): Data rounding errors may still be possible.


 Drill files being output to directory 'D:/MyProject/SDHCAL_DAQ/PCB&Schematic/SDHCalFEB/Allegro' ...



     'SDHCalFEB-2-9.drl' created for holes connecting GND1 and GND3
     --------------------------------------------------------------

           Num     Size      +/- Tolerance     Plating   Quantity

            1.  12.0000    0.0000/  0.0000      PLATED       6132

     ---- Total holes:                                       6132

     ---- Total head travel:              1019.17 feet (310.64 meters)




     'SDHCalFEB-9-10.drl' created for holes connecting GND3 and BOTTOM
     -----------------------------------------------------------------

           Num     Size      +/- Tolerance     Plating   Quantity

            1.   4.0000    0.0000/  0.0000      PLATED        900

     ---- Total holes:                                        900

     ---- Total head travel:              272.25 feet (82.98 meters)




     'SDHCalFEB-1-10.drl' created for holes connecting TOP and BOTTOM
     ----------------------------------------------------------------

           Num     Size      +/- Tolerance     Plating   Quantity

            1.  12.0000    0.0000/  0.0000      PLATED       2603
            2.  24.0000    0.0000/  0.0000      PLATED         26
            3.  63.0000    0.0000/  0.0000      PLATED          6
            4.  70.0000    0.0000/  0.0000      PLATED          4
            5. 125.9800    0.0000/  0.0000      PLATED         52
            6. 126.0000    0.0000/  0.0000      PLATED          2

     ---- Total holes:                                       2693

     ---- Total head travel:              350.07 feet (106.70 meters)




     'SDHCalFEB-1-2.drl' created for holes connecting TOP and GND1
     -------------------------------------------------------------

           Num     Size      +/- Tolerance     Plating   Quantity

            1.   4.0000    0.0000/  0.0000      PLATED       7297

     ---- Total holes:                                       7297

     ---- Total head travel:              914.84 feet (278.84 meters)

