(---------------------------------------------------------------------)
(                                                                     )
(    QUICKPLACE LOG                                                   )
(                                                                     )
(    Drawing          : SDHCalFEB.brd                                 )
(    Software Version : 16.6S025                                      )
(    Date/Time        : Mon Nov 20 16:27:12 2017                      )
(                                                                     )
(---------------------------------------------------------------------)


State: Placing on layer TOP

         Placed symbol:  C326 / CAPACITOR NP_SC0603_10PF 1% / SC0603 at (58.000 15668.500)
         Placed symbol:  C327 / CAPACITOR NP_SC0603_10PF 1% / SC0603 at (166.000 15668.500)
         Placed symbol:  R292 / RESISTOR_SR0603_100 / SR0603 at (273.000 15667.000)
         Placed symbol:  R293 / RESISTOR_SR0603_100 / SR0603 at (379.000 15667.000)
         Placed symbol:  R294 / RESISTOR_SR0603_100 / SR0603 at (485.000 15667.000)
         Placed symbol:  R295 / RESISTOR_SR0603_100 / SR0603 at (591.000 15667.000)
         Placed symbol:  R296 / RESISTOR_SR0603_100 / SR0603 at (697.000 15667.000)
         Placed symbol:  R297 / RESISTOR_SR0603_100 / SR0603 at (803.000 15667.000)
         Placed symbol:  R298 / RESISTOR_SR0603_100 / SR0603 at (909.000 15667.000)
         Placed symbol:  R299 / RESISTOR_SR0603_100 / SR0603 at (1015.000 15667.000)
         Placed symbol:  R300 / RESISTOR_SR0603_100 / SR0603 at (1121.000 15667.000)
         Placed symbol:  R301 / RESISTOR_SR0603_100 / SR0603 at (1227.000 15667.000)
         Placed symbol:  R302 / RESISTOR_SR0603_100 / SR0603 at (1333.000 15667.000)
         Placed symbol:  R303 / RESISTOR_SR0603_100 / SR0603 at (1439.000 15667.000)
         Placed symbol:  R304 / RESISTOR_SR0603_100 / SR0603 at (1545.000 15667.000)
         Placed symbol:  R305 / RESISTOR_SR0603_100 / SR0603 at (1651.000 15667.000)
         Placed symbol:  R306 / RESISTOR_SR0603_100 / SR0603 at (1757.000 15667.000)
         Placed symbol:  R307 / RESISTOR_SR0603_100 / SR0603 at (1863.000 15667.000)
         Placed symbol:  R308 / RESISTOR_SR0603_100 / SR0603 at (1969.000 15667.000)
         Placed symbol:  R309 / RESISTOR_SR0603_100 / SR0603 at (2075.000 15667.000)
         Placed symbol:  R310 / RESISTOR_SR0603_100 / SR0603 at (2181.000 15667.000)
         Placed symbol:  R311 / RESISTOR_SR0603_100 / SR0603 at (2287.000 15667.000)
         Placed symbol:  R312 / RESISTOR_SR0603_100 / SR0603 at (2393.000 15667.000)
         Placed symbol:  R313 / RESISTOR_SR0603_100 / SR0603 at (2499.000 15667.000)
         Placed symbol:  R314 / RESISTOR_SR0603_100 / SR0603 at (2605.000 15667.000)
         Placed symbol:  R322 / RESISTOR_SR0603_100 / SR0603 at (2711.000 15667.000)
         Placed symbol:  R323 / RESISTOR_SR0603_100 / SR0603 at (2817.000 15667.000)
         Placed symbol:  R324 / RESISTOR_SR0603_100 / SR0603 at (2923.000 15667.000)
         Placed symbol:  R325 / RESISTOR_SR0603_100 / SR0603 at (3029.000 15667.000)
         Placed symbol:  C343 / CAPACITOR NP_SC0402_0.1UF / SC0402 at (3121.000 15662.000)
         Placed symbol:  C342 / CAPACITOR NP_SC0402_0.1UF / SC0402 at (3199.000 15662.000)
         Placed symbol:  C341 / CAPACITOR NP_SC0402_0.1UF / SC0402 at (3277.000 15662.000)
         Placed symbol:  C340 / CAPACITOR NP_SC0402_0.1UF / SC0402 at (3355.000 15662.000)
         Placed symbol:  C339 / CAPACITOR NP_SC0402_0.1UF / SC0402 at (3433.000 15662.000)
         Placed symbol:  C338 / CAPACITOR NP_SC0402_0.1UF / SC0402 at (3511.000 15662.000)
         Placed symbol:  C337 / CAPACITOR NP_SC0402_0.1UF / SC0402 at (3589.000 15662.000)
         Placed symbol:  C336 / CAPACITOR NP_SC0402_0.1UF / SC0402 at (3667.000 15662.000)
         Placed symbol:  C335 / CAPACITOR NP_SC0402_0.1UF / SC0402 at (3745.000 15662.000)
         Placed symbol:  C334 / CAPACITOR NP_SC0402_0.1UF / SC0402 at (3823.000 15662.000)
         Placed symbol:  C333 / CAPACITOR NP_SC0402_0.1UF / SC0402 at (3901.000 15662.000)
         Placed symbol:  C332 / CAPACITOR NP_SC0402_0.1UF / SC0402 at (3979.000 15662.000)
         Placed symbol:  C331 / CAPACITOR NP_SC0402_0.1UF / SC0402 at (4057.000 15662.000)
         Placed symbol:  C330 / CAPACITOR NP_SC0402_0.1UF / SC0402 at (4135.000 15662.000)
         Placed symbol:  C329 / CAPACITOR NP_SC0402_0.1UF / SC0402 at (4213.000 15662.000)
         Placed symbol:  C325 / CAPACITOR NP_SC0603_10NF / SC0603 at (4306.000 15668.500)
         Placed symbol:  C324 / CAPACITOR NP_SC0603_10NF / SC0603 at (4414.000 15668.500)
         Placed symbol:  C323 / CAPACITOR NP_SC0603_10NF / SC0603 at (4522.000 15668.500)
         Placed symbol:  C322 / CAPACITOR NP_SC0603_10NF / SC0603 at (4630.000 15668.500)
         Placed symbol:  C321 / CAPACITOR NP_SC0603_10NF / SC0603 at (4738.000 15668.500)
         Placed symbol:  C320 / CAPACITOR NP_SC0603_10NF / SC0603 at (4846.000 15668.500)
         Placed symbol:  C319 / CAPACITOR NP_SC0603_10NF / SC0603 at (4954.000 15668.500)
         Placed symbol:  C318 / CAPACITOR NP_SC0603_10NF / SC0603 at (5062.000 15668.500)
         Placed symbol:  C317 / CAPACITOR NP_SC0603_10NF / SC0603 at (5170.000 15668.500)
         Placed symbol:  C316 / CAPACITOR NP_SC0603_10NF / SC0603 at (5278.000 15668.500)
         Placed symbol:  C315 / CAPACITOR NP_SC0603_10NF / SC0603 at (5386.000 15668.500)
         Placed symbol:  C314 / CAPACITOR NP_SC0603_10NF / SC0603 at (5494.000 15668.500)
         Placed symbol:  C313 / CAPACITOR NP_SC0603_10NF / SC0603 at (5602.000 15668.500)
         Placed symbol:  C312 / CAPACITOR NP_SC0603_10NF / SC0603 at (5710.000 15668.500)
         Placed symbol:  C311 / CAPACITOR NP_SC0603_10NF / SC0603 at (5818.000 15668.500)
         Placed symbol:  C310 / CAPACITOR NP_SC0603_10NF / SC0603 at (5926.000 15668.500)
         Placed symbol:  C309 / CAPACITOR NP_SC0603_10NF / SC0603 at (6034.000 15668.500)
         Placed symbol:  C308 / CAPACITOR NP_SC0603_10NF / SC0603 at (6142.000 15668.500)
         Placed symbol:  C307 / CAPACITOR NP_SC0603_10NF / SC0603 at (6250.000 15668.500)
         Placed symbol:  C306 / CAPACITOR NP_SC0603_10NF / SC0603 at (6358.000 15668.500)
         Placed symbol:  C305 / CAPACITOR NP_SC0603_10NF / SC0603 at (6466.000 15668.500)
         Placed symbol:  C304 / CAPACITOR NP_SC0603_10NF / SC0603 at (6574.000 15668.500)
         Placed symbol:  C303 / CAPACITOR NP_SC0603_10NF / SC0603 at (6682.000 15668.500)
         Placed symbol:  C302 / CAPACITOR NP_SC0603_10NF / SC0603 at (6790.000 15668.500)
         Placed symbol:  C301 / CAPACITOR NP_SC0603_10NF / SC0603 at (6898.000 15668.500)
         Placed symbol:  C300 / CAPACITOR NP_SC0603_10NF / SC0603 at (7006.000 15668.500)
         Placed symbol:  C299 / CAPACITOR NP_SC0603_10NF / SC0603 at (7114.000 15668.500)
         Placed symbol:  C298 / CAPACITOR NP_SC0603_10NF / SC0603 at (7222.000 15668.500)
         Placed symbol:  C297 / CAPACITOR NP_SC0603_10NF / SC0603 at (7330.000 15668.500)
         Placed symbol:  C296 / CAPACITOR NP_SC0603_10NF / SC0603 at (7438.000 15668.500)
         Placed symbol:  C295 / CAPACITOR NP_SC0603_10NF / SC0603 at (7546.000 15668.500)
         Placed symbol:  C294 / CAPACITOR NP_SC0603_10NF / SC0603 at (7654.000 15668.500)
         Placed symbol:  C293 / CAPACITOR NP_SC0603_10NF / SC0603 at (7762.000 15668.500)
         Placed symbol:  C292 / CAPACITOR NP_SC0603_10NF / SC0603 at (7870.000 15668.500)
         Placed symbol:  C291 / CAPACITOR NP_SC0603_10NF / SC0603 at (7978.000 15668.500)
         Placed symbol:  C290 / CAPACITOR NP_SC0603_10NF / SC0603 at (8086.000 15668.500)
         Placed symbol:  C289 / CAPACITOR NP_SC0603_10NF / SC0603 at (8194.000 15668.500)
         Placed symbol:  C288 / CAPACITOR NP_SC0603_10NF / SC0603 at (8302.000 15668.500)
         Placed symbol:  C287 / CAPACITOR NP_SC0603_10NF / SC0603 at (8410.000 15668.500)
         Placed symbol:  C286 / CAPACITOR NP_SC0603_10NF / SC0603 at (8518.000 15668.500)
         Placed symbol:  C285 / CAPACITOR NP_SC0603_10NF / SC0603 at (8626.000 15668.500)
         Placed symbol:  C284 / CAPACITOR NP_SC0603_10NF / SC0603 at (8734.000 15668.500)
         Placed symbol:  C283 / CAPACITOR NP_SC0603_10NF / SC0603 at (8842.000 15668.500)
         Placed symbol:  C282 / CAPACITOR NP_SC0603_10NF / SC0603 at (8950.000 15668.500)
         Placed symbol:  C281 / CAPACITOR NP_SC0603_10NF / SC0603 at (9058.000 15668.500)
         Placed symbol:  C280 / CAPACITOR NP_SC0603_10NF / SC0603 at (9166.000 15668.500)
         Placed symbol:  C279 / CAPACITOR NP_SC0603_10NF / SC0603 at (9274.000 15668.500)
         Placed symbol:  C278 / CAPACITOR NP_SC0603_10NF / SC0603 at (9382.000 15668.500)
         Placed symbol:  C277 / CAPACITOR NP_SC0603_10NF / SC0603 at (9490.000 15668.500)
         Placed symbol:  C276 / CAPACITOR NP_SC0603_10NF / SC0603 at (9598.000 15668.500)
         Placed symbol:  C275 / CAPACITOR NP_SC0603_10NF / SC0603 at (9706.000 15668.500)
         Placed symbol:  C274 / CAPACITOR NP_SC0603_10NF / SC0603 at (9814.000 15668.500)
         Placed symbol:  C273 / CAPACITOR NP_SC0603_10NF / SC0603 at (9922.000 15668.500)
         Placed symbol:  C272 / CAPACITOR NP_SC0603_10NF / SC0603 at (10030.000 15668.500)
         Placed symbol:  C271 / CAPACITOR NP_SC0603_10NF / SC0603 at (10138.000 15668.500)
         Placed symbol:  C270 / CAPACITOR NP_SC0603_10NF / SC0603 at (10246.000 15668.500)
         Placed symbol:  C269 / CAPACITOR NP_SC0603_10NF / SC0603 at (10354.000 15668.500)
         Placed symbol:  C268 / CAPACITOR NP_SC0603_10NF / SC0603 at (10462.000 15668.500)
         Placed symbol:  C267 / CAPACITOR NP_SC0603_10NF / SC0603 at (10570.000 15668.500)
         Placed symbol:  C266 / CAPACITOR NP_SC0603_10NF / SC0603 at (10678.000 15668.500)
         Placed symbol:  C265 / CAPACITOR NP_SC0603_10NF / SC0603 at (10786.000 15668.500)
         Placed symbol:  C264 / CAPACITOR NP_SC0603_10NF / SC0603 at (10894.000 15668.500)
         Placed symbol:  C263 / CAPACITOR NP_SC0603_10NF / SC0603 at (11002.000 15668.500)
         Placed symbol:  C262 / CAPACITOR NP_SC0603_10NF / SC0603 at (11110.000 15668.500)
         Placed symbol:  C328 / CAPACITOR NP_SC0402_0.1UF / SC0402 at (11203.000 15662.000)


Placed 109 of 109 applicable (3252 total) symbols.

-----------------------------------------------------------------------

