(---------------------------------------------------------------------)
(                                                                     )
(    ARTWORK LOG                                                      )
(                                                                     )
(    Drawing          : AGET_ERNI2HRS_HardBoard.brd                   )
(    Software Version : 16.6S025                                      )
(    Date/Time        : Thu Sep 14 22:18:52 2017                      )
(                                                                     )
(---------------------------------------------------------------------)


 ---- Photoplot outline rectangle not found; using drawing extents.



Results from parameter file ...
    DEVICE-TYPE           GERBER_RS274X
    OUTPUT-UNITS          INCHES
    FILM-SIZE             2400000 1600000
    FORMAT                2.5
    ABORT-ON-ERROR        NO
    SCALE                 1
    SUPPRESS-LEAD-ZEROES  YES
    SUPPRESS-TRAIL-ZEROES NO
    SUPPRESS-EQUAL        YES
    UNDEF-APT-CONT        NO


================================================================
     PROCESSING FILM < art01 >
     TO FILE < D:/MyProject/SDHCAL_DAQ/PCB&Schematic/AGET_ERNI2HRS/Allegro/HardBoard/art01.art > ...
================================================================

  FILM PARAMETERS :
  ---------------------------------------------------------
  Undefined line width                6.0
  Mirror code                         NONE
  Rotate angle                        NONE
  Offset x:                           0.0
  Offset y:                           0.0
  Plot negative                       NO
  Suppress unconnected internal pads  NO
  Draw holes only                     NO

    WARNING: 0 width line found at (25.0 0.0)
           ... using undefined line width of 6.0



  APERTURES USED:
  ---------------------------------------------------------
  TYPE       SIZE/NAME                   ROT   MIRROR MODE 
  ---------------------------------------------------------
  CIRCLE     0.00600                                  DARK 
  CIRCLE     0.01600                                  DARK 
  CIRCLE     0.02800                                  DARK 
  CIRCLE     0.06000                                  DARK 
  CIRCLE     0.07090                                  DARK 
  CIRCLE     0.17600                                  DARK 
  SQUARE     0.03150                     0.000 NO     DARK 
  RECTANGLE  0.03000     x 0.03200       0.000 NO     DARK 
  RECTANGLE  0.10630     x 0.04720       0.000 NO     DARK 

     art01 created with warnings


================================================================
     PROCESSING FILM < plane02 >
     TO FILE < D:/MyProject/SDHCAL_DAQ/PCB&Schematic/AGET_ERNI2HRS/Allegro/HardBoard/plane02.art > ...
================================================================

  FILM PARAMETERS :
  ---------------------------------------------------------
  Undefined line width                6.0
  Mirror code                         NONE
  Rotate angle                        NONE
  Offset x:                           0.0
  Offset y:                           0.0
  Plot negative                       YES
  Suppress unconnected internal pads  NO
  Draw holes only                     NO

    WARNING: Multiple 0 width lines; all will be treated the same as the first.
           ... using undefined line width of 6.0

    WARNING: No Photoplot Outline was found,
negative shape outline will be determined by Board Outline


  APERTURES USED:
  ---------------------------------------------------------
  TYPE       SIZE/NAME                   ROT   MIRROR MODE 
  ---------------------------------------------------------
  CIRCLE     0.00600                                  DARK 
  CIRCLE     0.02500                                  CLEAR
  FLASH SYM  FLASH_IN146_OUT176_WEB25    0.000 NO     CLEAR
  FLASH SYM  26                          0.000 NO     CLEAR
  FLASH SYM  CIR63_80                    0.000 NO     CLEAR
  FLASH SYM  80_1                        0.000 NO     CLEAR
  FLASH SYM  FLASH_IN28_OUT32_WEB10      0.000 NO     CLEAR
  FLASH SYM  80_1                      180.000 NO     CLEAR

     plane02 created with warnings


================================================================
     PROCESSING FILM < plane03 >
     TO FILE < D:/MyProject/SDHCAL_DAQ/PCB&Schematic/AGET_ERNI2HRS/Allegro/HardBoard/plane03.art > ...
================================================================

  FILM PARAMETERS :
  ---------------------------------------------------------
  Undefined line width                6.0
  Mirror code                         NONE
  Rotate angle                        NONE
  Offset x:                           0.0
  Offset y:                           0.0
  Plot negative                       YES
  Suppress unconnected internal pads  NO
  Draw holes only                     NO

    WARNING: No Photoplot Outline was found,
negative shape outline will be determined by Board Outline


  APERTURES USED:
  ---------------------------------------------------------
  TYPE       SIZE/NAME                   ROT   MIRROR MODE 
  ---------------------------------------------------------
  CIRCLE     0.00600                                  DARK 
  CIRCLE     0.02500                                  CLEAR
  FLASH SYM  FLASH_IN146_OUT176_WEB25    0.000 NO     CLEAR
  FLASH SYM  26                          0.000 NO     CLEAR
  FLASH SYM  CIR63_80                    0.000 NO     CLEAR
  FLASH SYM  80_1                        0.000 NO     CLEAR
  FLASH SYM  FLASH_IN28_OUT32_WEB10      0.000 NO     CLEAR
  FLASH SYM  80_1                      180.000 NO     CLEAR

     plane03 created with warnings


================================================================
     PROCESSING FILM < art04 >
     TO FILE < D:/MyProject/SDHCAL_DAQ/PCB&Schematic/AGET_ERNI2HRS/Allegro/HardBoard/art04.art > ...
================================================================

  FILM PARAMETERS :
  ---------------------------------------------------------
  Undefined line width                6.0
  Mirror code                         X
  Rotate angle                        NONE
  Offset x:                           0.0
  Offset y:                           0.0
  Plot negative                       NO
  Suppress unconnected internal pads  NO
  Draw holes only                     NO



  APERTURES USED:
  ---------------------------------------------------------
  TYPE       SIZE/NAME                   ROT   MIRROR MODE 
  ---------------------------------------------------------
  CIRCLE     0.00600                                  DARK 
  CIRCLE     0.01600                                  DARK 
  CIRCLE     0.02800                                  DARK 
  CIRCLE     0.06000                                  DARK 
  CIRCLE     0.07090                                  DARK 
  CIRCLE     0.17600                                  DARK 
  RECTANGLE  0.01180     x 0.04330      90.000 NO     DARK 
  RECTANGLE  0.02760     x 0.05910      90.000 NO     DARK 
  RECTANGLE  0.03000     x 0.03200       0.000 NO     DARK 
  RECTANGLE  0.06300     x 0.12200      90.000 NO     DARK 

     art04 created.


================================================================
     PROCESSING FILM < adbottom >
     TO FILE < D:/MyProject/SDHCAL_DAQ/PCB&Schematic/AGET_ERNI2HRS/Allegro/HardBoard/adbottom.art > ...
================================================================

  FILM PARAMETERS :
  ---------------------------------------------------------
  Undefined line width                6.0
  Mirror code                         X
  Rotate angle                        NONE
  Offset x:                           0.0
  Offset y:                           0.0
  Plot negative                       NO
  Suppress unconnected internal pads  NO
  Draw holes only                     NO



  APERTURES USED:
  ---------------------------------------------------------
  TYPE       SIZE/NAME                   ROT   MIRROR MODE 
  ---------------------------------------------------------
  CIRCLE     0.00200                                  DARK 
  CIRCLE     0.00500                                  DARK 
  CIRCLE     0.00600                                  DARK 
  CIRCLE     0.00790                                  DARK 
  CIRCLE     0.06000                                  DARK 
  CIRCLE     0.07090                                  DARK 
  CIRCLE     0.17600                                  DARK 
  RECTANGLE  0.01180     x 0.04330      90.000 NO     DARK 
  RECTANGLE  0.02760     x 0.05910      90.000 NO     DARK 
  RECTANGLE  0.03000     x 0.03200       0.000 NO     DARK 
  RECTANGLE  0.06300     x 0.12200      90.000 NO     DARK 

     adbottom created.


================================================================
     PROCESSING FILM < adtop >
     TO FILE < D:/MyProject/SDHCAL_DAQ/PCB&Schematic/AGET_ERNI2HRS/Allegro/HardBoard/adtop.art > ...
================================================================

  FILM PARAMETERS :
  ---------------------------------------------------------
  Undefined line width                6.0
  Mirror code                         NONE
  Rotate angle                        NONE
  Offset x:                           0.0
  Offset y:                           0.0
  Plot negative                       NO
  Suppress unconnected internal pads  NO
  Draw holes only                     NO



  APERTURES USED:
  ---------------------------------------------------------
  TYPE       SIZE/NAME                   ROT   MIRROR MODE 
  ---------------------------------------------------------
  CIRCLE     0.00200                                  DARK 
  CIRCLE     0.00400                                  DARK 
  CIRCLE     0.00500                                  DARK 
  CIRCLE     0.00600                                  DARK 
  CIRCLE     0.00700                                  DARK 
  CIRCLE     0.06000                                  DARK 
  CIRCLE     0.07090                                  DARK 
  CIRCLE     0.17600                                  DARK 
  SQUARE     0.03150                     0.000 NO     DARK 
  RECTANGLE  0.03000     x 0.03200       0.000 NO     DARK 
  RECTANGLE  0.10630     x 0.04720       0.000 NO     DARK 

     adtop created.


================================================================
     PROCESSING FILM < drill >
     TO FILE < D:/MyProject/SDHCAL_DAQ/PCB&Schematic/AGET_ERNI2HRS/Allegro/HardBoard/drill.art > ...
================================================================

  FILM PARAMETERS :
  ---------------------------------------------------------
  Undefined line width                6.0
  Mirror code                         NONE
  Rotate angle                        NONE
  Offset x:                           0.0
  Offset y:                           0.0
  Plot negative                       NO
  Suppress unconnected internal pads  NO
  Draw holes only                     NO

    WARNING: text composed 0 width line found at (-827.5 1228.5)
           ... using undefined line width of 6.0

    WARNING: text having Multiple 0 width lines; all will be treated the same as the first.
           ... using undefined line width of 6.0



  APERTURES USED:
  ---------------------------------------------------------
  TYPE       SIZE/NAME                   ROT   MIRROR MODE 
  ---------------------------------------------------------
  CIRCLE     0.00200                                  DARK 
  CIRCLE     0.00600                                  DARK 
  CIRCLE     0.00800                                  DARK 

     drill created with warnings


================================================================
     PROCESSING FILM < pastebottom >
     TO FILE < D:/MyProject/SDHCAL_DAQ/PCB&Schematic/AGET_ERNI2HRS/Allegro/HardBoard/pastebottom.art > ...
================================================================

  FILM PARAMETERS :
  ---------------------------------------------------------
  Undefined line width                6.0
  Mirror code                         X
  Rotate angle                        NONE
  Offset x:                           0.0
  Offset y:                           0.0
  Plot negative                       NO
  Suppress unconnected internal pads  NO
  Draw holes only                     NO



  APERTURES USED:
  ---------------------------------------------------------
  TYPE       SIZE/NAME                   ROT   MIRROR MODE 
  ---------------------------------------------------------
  CIRCLE     0.00600                                  DARK 
  CIRCLE     0.07090                                  DARK 
  CIRCLE     0.17600                                  DARK 
  RECTANGLE  0.01180     x 0.04330      90.000 NO     DARK 
  RECTANGLE  0.02760     x 0.05910      90.000 NO     DARK 
  RECTANGLE  0.03000     x 0.03200       0.000 NO     DARK 
  RECTANGLE  0.06300     x 0.12200      90.000 NO     DARK 

     pastebottom created.


================================================================
     PROCESSING FILM < pastetop >
     TO FILE < D:/MyProject/SDHCAL_DAQ/PCB&Schematic/AGET_ERNI2HRS/Allegro/HardBoard/pastetop.art > ...
================================================================

  FILM PARAMETERS :
  ---------------------------------------------------------
  Undefined line width                6.0
  Mirror code                         NONE
  Rotate angle                        NONE
  Offset x:                           0.0
  Offset y:                           0.0
  Plot negative                       NO
  Suppress unconnected internal pads  NO
  Draw holes only                     NO



  APERTURES USED:
  ---------------------------------------------------------
  TYPE       SIZE/NAME                   ROT   MIRROR MODE 
  ---------------------------------------------------------
  CIRCLE     0.00600                                  DARK 
  CIRCLE     0.07090                                  DARK 
  CIRCLE     0.17600                                  DARK 
  SQUARE     0.03150                     0.000 NO     DARK 
  RECTANGLE  0.03000     x 0.03200       0.000 NO     DARK 
  RECTANGLE  0.10630     x 0.04720       0.000 NO     DARK 

     pastetop created.


================================================================
     PROCESSING FILM < silkbottom >
     TO FILE < D:/MyProject/SDHCAL_DAQ/PCB&Schematic/AGET_ERNI2HRS/Allegro/HardBoard/silkbottom.art > ...
================================================================

  FILM PARAMETERS :
  ---------------------------------------------------------
  Undefined line width                6.0
  Mirror code                         X
  Rotate angle                        NONE
  Offset x:                           0.0
  Offset y:                           0.0
  Plot negative                       NO
  Suppress unconnected internal pads  NO
  Draw holes only                     NO



  APERTURES USED:
  ---------------------------------------------------------
  TYPE       SIZE/NAME                   ROT   MIRROR MODE 
  ---------------------------------------------------------
  CIRCLE     0.00200                                  DARK 
  CIRCLE     0.00500                                  DARK 
  CIRCLE     0.00600                                  DARK 
  CIRCLE     0.00790                                  DARK 

     silkbottom created.


================================================================
     PROCESSING FILM < silktop >
     TO FILE < D:/MyProject/SDHCAL_DAQ/PCB&Schematic/AGET_ERNI2HRS/Allegro/HardBoard/silktop.art > ...
================================================================

  FILM PARAMETERS :
  ---------------------------------------------------------
  Undefined line width                6.0
  Mirror code                         NONE
  Rotate angle                        NONE
  Offset x:                           0.0
  Offset y:                           0.0
  Plot negative                       NO
  Suppress unconnected internal pads  NO
  Draw holes only                     NO



  APERTURES USED:
  ---------------------------------------------------------
  TYPE       SIZE/NAME                   ROT   MIRROR MODE 
  ---------------------------------------------------------
  CIRCLE     0.00200                                  DARK 
  CIRCLE     0.00400                                  DARK 
  CIRCLE     0.00500                                  DARK 
  CIRCLE     0.00600                                  DARK 
  CIRCLE     0.00700                                  DARK 

     silktop created.


================================================================
     PROCESSING FILM < soldbottom >
     TO FILE < D:/MyProject/SDHCAL_DAQ/PCB&Schematic/AGET_ERNI2HRS/Allegro/HardBoard/soldbottom.art > ...
================================================================

  FILM PARAMETERS :
  ---------------------------------------------------------
  Undefined line width                6.0
  Mirror code                         X
  Rotate angle                        NONE
  Offset x:                           0.0
  Offset y:                           0.0
  Plot negative                       NO
  Suppress unconnected internal pads  NO
  Draw holes only                     NO



  APERTURES USED:
  ---------------------------------------------------------
  TYPE       SIZE/NAME                   ROT   MIRROR MODE 
  ---------------------------------------------------------
  CIRCLE     0.00600                                  DARK 
  CIRCLE     0.06800                                  DARK 
  CIRCLE     0.07090                                  DARK 
  CIRCLE     0.17600                                  DARK 
  RECTANGLE  0.01570     x 0.04720      90.000 NO     DARK 
  RECTANGLE  0.03150     x 0.06300      90.000 NO     DARK 
  RECTANGLE  0.03800     x 0.04000       0.000 NO     DARK 
  RECTANGLE  0.06690     x 0.12600      90.000 NO     DARK 

     soldbottom created.


================================================================
     PROCESSING FILM < soldtop >
     TO FILE < D:/MyProject/SDHCAL_DAQ/PCB&Schematic/AGET_ERNI2HRS/Allegro/HardBoard/soldtop.art > ...
================================================================

  FILM PARAMETERS :
  ---------------------------------------------------------
  Undefined line width                6.0
  Mirror code                         NONE
  Rotate angle                        NONE
  Offset x:                           0.0
  Offset y:                           0.0
  Plot negative                       NO
  Suppress unconnected internal pads  NO
  Draw holes only                     NO



  APERTURES USED:
  ---------------------------------------------------------
  TYPE       SIZE/NAME                   ROT   MIRROR MODE 
  ---------------------------------------------------------
  CIRCLE     0.00600                                  DARK 
  CIRCLE     0.06800                                  DARK 
  CIRCLE     0.07090                                  DARK 
  CIRCLE     0.17600                                  DARK 
  SQUARE     0.03350                     0.000 NO     DARK 
  RECTANGLE  0.03800     x 0.04000       0.000 NO     DARK 
  RECTANGLE  0.11020     x 0.05120       0.000 NO     DARK 

     soldtop created.


------------------------------------------------------
 SUMMARY:
        art01 created with warnings
        plane02 created with warnings
        plane03 created with warnings
        art04 created.
        adbottom created.
        adtop created.
        drill created with warnings
        pastebottom created.
        pastetop created.
        silkbottom created.
        silktop created.
        soldbottom created.
        soldtop created.

 ARTWORK had warnings
