{ Using PSTWRITER 16.6.0 d001Jan-22-2018 at 11:31:24 }

#1 WARNING(ORCAP-36038): "No_connect" property on Pin "U845.136" ignored for U845: ASIC_D1, Chip (30.48, 22.86). Connecting pin to net "IBI_PA_ASIC_D1".
#2 WARNING(ORCAP-36038): "No_connect" property on Pin "U650.136" ignored for U650: ASIC_C2, Chip (30.48, 22.86). Connecting pin to net "IBI_PA_ASIC_C2".
#3 WARNING(ORCAP-36038): "No_connect" property on Pin "U325.136" ignored for U325: ASIC_B1, Chip (30.48, 22.86). Connecting pin to net "IBI_PA_ASIC_B1".
#4 WARNING(ORCAP-36038): "No_connect" property on Pin "U780.136" ignored for U780: ASIC_C4, Chip (30.48, 22.86). Connecting pin to net "IBI_PA_ASIC_C4".
#5 WARNING(ORCAP-36038): "No_connect" property on Pin "U910.136" ignored for U910: ASIC_D2, Chip (30.48, 22.86). Connecting pin to net "IBI_PA_ASIC_D2".
#6 WARNING(ORCAP-36038): "No_connect" property on Pin "U975.136" ignored for U975: ASIC_D3, Chip (30.48, 22.86). Connecting pin to net "IBI_PA_ASIC_D3".
#7 WARNING(ORCAP-36038): "No_connect" property on Pin "U130.136" ignored for U130: ASIC_A2, Chip (30.48, 22.86). Connecting pin to net "IBI_PA_ASIC_A2".
#8 WARNING(ORCAP-36038): "No_connect" property on Pin "U390.136" ignored for U390: ASIC_B2, Chip (30.48, 22.86). Connecting pin to net "IBI_PA_ASIC_B5".
#9 WARNING(ORCAP-36038): "No_connect" property on Pin "U715.136" ignored for U715: ASIC_C3, Chip (30.48, 22.86). Connecting pin to net "IBI_PA_ASIC_C3".
#10 WARNING(ORCAP-36038): "No_connect" property on Pin "U585.136" ignored for U585: ASIC_C1, Chip (30.48, 22.86). Connecting pin to net "IBI_PA_ASIC_C1".
#11 WARNING(ORCAP-36038): "No_connect" property on Pin "U1040.136" ignored for U1040: ASIC_D4, Chip (30.48, 22.86). Connecting pin to net "IBI_PA_ASIC_D4".
#12 WARNING(ORCAP-36038): "No_connect" property on Pin "U455.136" ignored for U455: ASIC_B3, Chip (30.48, 22.86). Connecting pin to net "IBI_PA_ASIC_B6".
#13 WARNING(ORCAP-36038): "No_connect" property on Pin "U65.136" ignored for U65: ASIC_A1, Chip (30.48, 22.86). Connecting pin to net "IBI_PA_ASIC_A1".
#14 WARNING(ORCAP-36038): "No_connect" property on Pin "U195.136" ignored for U195: ASIC_A3, Chip (30.48, 22.86). Connecting pin to net "IBI_PA_ASIC_A3".
#15 WARNING(ORCAP-36038): "No_connect" property on Pin "U780.19" ignored for U780: ASIC_C4, Chip (30.48, 22.86). Connecting pin to net "ANALOGIN31_ASIC_C4".
#16 WARNING(ORCAP-36038): "No_connect" property on Pin "U260.136" ignored for U260: ASIC_A4, Chip (30.48, 22.86). Connecting pin to net "IBI_PA_ASIC_A4".
#17 WARNING(ORCAP-36038): "No_connect" property on Pin "U520.136" ignored for U520: ASIC_B4, Chip (30.48, 22.86). Connecting pin to net "IBI_PA_ASIC_B7".
#18 WARNING(ORCAP-36038): "No_connect" property on Pin "U845.39" ignored for U845: ASIC_D1, Chip (30.48, 22.86). Connecting pin to net "ANALOGIN50_ASIC_D1".
#19 WARNING(ORCAP-36006): Part Name "CONN_1_ERNI154744FEMALECONNECTOR_CONN" is renamed to "CONN_1_ERNI154744FEMALECONNECTO".
#20 WARNING(ORCAP-36042): Pin "GND" is renamed to "GND#1" as visible power pin of same name already exists in Package CONN_1 , J33: Interface To DAQ, Interface To DAQ (63.50, 12.70).
#21 WARNING(ORCAP-36042): Pin "GND" is renamed to "GND#2" as visible power pin of same name already exists in Package CONN_1 , J33: Interface To DAQ, Interface To DAQ (63.50, 12.70).
#22 WARNING(ORCAP-36042): Pin "GND" is renamed to "GND#3" as visible power pin of same name already exists in Package CONN_1 , J33: Interface To DAQ, Interface To DAQ (63.50, 12.70).
#23 WARNING(ORCAP-36042): Pin "GND" is renamed to "GND#4" as visible power pin of same name already exists in Package CONN_1 , J33: Interface To DAQ, Interface To DAQ (63.50, 12.70).
#24 WARNING(ORCAP-36042): Pin "GND" is renamed to "GND#5" as visible power pin of same name already exists in Package CONN_1 , J33: Interface To DAQ, Interface To DAQ (63.50, 12.70).
#25 WARNING(ORCAP-36042): Pin "GND" is renamed to "GND#6" as visible power pin of same name already exists in Package CONN_1 , J33: Interface To DAQ, Interface To DAQ (63.50, 12.70).
#26 WARNING(ORCAP-36006): Part Name "MECH_HOLE_3MM_PLATED_MECH_HOLE_3_2MM_PLATED_MECH_HOLE_3MM" is renamed to "MECH_HOLE_3MM_PLATED_MECH_HOLE_".
#27 WARNING(ORCAP-36006): Part Name "PAD30X30V2_PADREADOUTARRAY1V1_(S1+S2+S3+S4+S5+S6+S7+S8+S9+S10+S11+S12+S13+S14+S15+S16)_PAD30X30V2" is renamed to "PAD30X30V2_PADREADOUTARRAY1V1_(".
#28 WARNING(ORCAP-36006): Part Name "TESTPADGND_TESTPADGND_TEST PAD GND" is renamed to "TESTPADGND_TESTPADGND_TEST PAD".
#29 WARNING(ORCAP-36006): Part Name "BAV99W_SOT323_BAV99W_SOT323_BAV99W SOT323" is renamed to "BAV99W_SOT323_BAV99W_SOT323_BAV".
#30 WARNING(ORCAP-36006): Part Name "MICROROC_CQFP160Z0650_(S1+S2+S3)_MICROROC" is renamed to "MICROROC_CQFP160Z0650_(S1+S2+S3".
#31 WARNING(ORCAP-36042): Pin "VSSI" is renamed to "VSSI#1" as visible power pin of same name already exists in Package MICROROCC , U1040A: ASIC_D4, Chip (30.48, 22.86).
#32 WARNING(ORCAP-36042): Pin "GND_PA" is renamed to "GND_PA#21" as visible power pin of same name already exists in Package MICROROCC , U1040A: ASIC_D4, Chip (30.48, 22.86).
#33 WARNING(ORCAP-36042): Pin "VSSI" is renamed to "VSSI#41" as visible power pin of same name already exists in Package MICROROCC , U1040A: ASIC_D4, Chip (30.48, 22.86).
#34 WARNING(ORCAP-36042): Pin "GND_PA" is renamed to "GND_PA#42" as visible power pin of same name already exists in Package MICROROCC , U1040A: ASIC_D4, Chip (30.48, 22.86).
#35 WARNING(ORCAP-36042): Pin "GND_PA" is renamed to "GND_PA#57" as visible power pin of same name already exists in Package MICROROCC , U1040A: ASIC_D4, Chip (30.48, 22.86).
#36 WARNING(ORCAP-36042): Pin "VSSI" is renamed to "VSSI#58" as visible power pin of same name already exists in Package MICROROCC , U1040A: ASIC_D4, Chip (30.48, 22.86).
#37 WARNING(ORCAP-36042): Pin "VSSA" is renamed to "VSSA#64" as visible power pin of same name already exists in Package MICROROCC , U1040A: ASIC_D4, Chip (30.48, 22.86).
#38 WARNING(ORCAP-36042): Pin "VSSA" is renamed to "VSSA#74" as visible power pin of same name already exists in Package MICROROCC , U1040A: ASIC_D4, Chip (30.48, 22.86).
#39 WARNING(ORCAP-36042): Pin "VSSM" is renamed to "VSSM#75" as visible power pin of same name already exists in Package MICROROCC , U1040A: ASIC_D4, Chip (30.48, 22.86).
#40 WARNING(ORCAP-36042): Pin "VSSD" is renamed to "VSSD#81" as visible power pin of same name already exists in Package MICROROCC , U1040A: ASIC_D4, Chip (30.48, 22.86).
#41 WARNING(ORCAP-36042): Pin "VDDD" is renamed to "VDDD#82" as visible power pin of same name already exists in Package MICROROCC , U1040A: ASIC_D4, Chip (30.48, 22.86).
#42 WARNING(ORCAP-36042): Pin "VSSD" is renamed to "VSSD#101" as visible power pin of same name already exists in Package MICROROCC , U1040A: ASIC_D4, Chip (30.48, 22.86).
#43 WARNING(ORCAP-36042): Pin "VDDD" is renamed to "VDDD#120" as visible power pin of same name already exists in Package MICROROCC , U1040A: ASIC_D4, Chip (30.48, 22.86).
#44 WARNING(ORCAP-36042): Pin "VSSD" is renamed to "VSSD#121" as visible power pin of same name already exists in Package MICROROCC , U1040A: ASIC_D4, Chip (30.48, 22.86).
#45 WARNING(ORCAP-36042): Pin "VSSM" is renamed to "VSSM#126" as visible power pin of same name already exists in Package MICROROCC , U1040A: ASIC_D4, Chip (30.48, 22.86).
#46 WARNING(ORCAP-36042): Pin "VSSA" is renamed to "VSSA#127" as visible power pin of same name already exists in Package MICROROCC , U1040A: ASIC_D4, Chip (30.48, 22.86).
#47 WARNING(ORCAP-36042): Pin "VSSA" is renamed to "VSSA#139" as visible power pin of same name already exists in Package MICROROCC , U1040A: ASIC_D4, Chip (30.48, 22.86).
#48 WARNING(ORCAP-36042): Pin "VSSI" is renamed to "VSSI#144" as visible power pin of same name already exists in Package MICROROCC , U1040A: ASIC_D4, Chip (30.48, 22.86).
#49 WARNING(ORCAP-36042): Pin "GND_PA" is renamed to "GND_PA#145" as visible power pin of same name already exists in Package MICROROCC , U1040A: ASIC_D4, Chip (30.48, 22.86).
#50 WARNING(ORCAP-36042): Pin "GND_PA" is renamed to "GND_PA#160" as visible power pin of same name already exists in Package MICROROCC , U1040A: ASIC_D4, Chip (30.48, 22.86).
#51 WARNING(ORCAP-36006): Part Name "TS5A3116_TS5A3166DBVR_SOT23_TS5A3166" is renamed to "TS5A3116_TS5A3166DBVR_SOT23_TS5".
#52 WARNING(ORCAP-36006): Part Name "TLV5618_SOIC_TLV5618_SOIC_TLV5618A SOIC" is renamed to "TLV5618_SOIC_TLV5618_SOIC_TLV56".
#53 WARNING(ORCAP-36006): Part Name "LM6142_SOIC_LM6142_SOIC_LM6142 SOIC" is renamed to "LM6142_SOIC_LM6142_SOIC_LM6142".
#54 WARNING(ORCAP-36006): Part Name "AD8062_MSOP_AD8062_MSOP_AD8062 MSOP" is renamed to "AD8062_MSOP_AD8062_MSOP_AD8062".
#55 WARNING(ORCAP-36006): Part Name "74ACT11244_74ACT11244_TSSOP_74ACT11244" is renamed to "74ACT11244_74ACT11244_TSSOP_74A".
#56 WARNING(ORCAP-36042): Pin "GND" is renamed to "GND#5" as visible power pin of same name already exists in Package 74ACT11244 , U1050A: Interface To DAQ, LVCMOS Driver (48.26, 12.70).
#57 WARNING(ORCAP-36042): Pin "GND" is renamed to "GND#6" as visible power pin of same name already exists in Package 74ACT11244 , U1050A: Interface To DAQ, LVCMOS Driver (48.26, 12.70).
#58 WARNING(ORCAP-36042): Pin "GND" is renamed to "GND#7" as visible power pin of same name already exists in Package 74ACT11244 , U1050A: Interface To DAQ, LVCMOS Driver (48.26, 12.70).
#59 WARNING(ORCAP-36042): Pin "GND" is renamed to "GND#8" as visible power pin of same name already exists in Package 74ACT11244 , U1050A: Interface To DAQ, LVCMOS Driver (48.26, 12.70).
#60 WARNING(ORCAP-36006): Part Name "DS91M125_DS91M125TMA_SOIC_DS91M125" is renamed to "DS91M125_DS91M125TMA_SOIC_DS91M".
#61 WARNING(ORCAP-36006): Part Name "SN74LV08A_SN74LV08A_TSSOP_SN74LV08A" is renamed to "SN74LV08A_SN74LV08A_TSSOP_SN74L".
#62 WARNING(ORCAP-36042): Pin "OUT" is renamed to "OUT#1" as visible power pin of same name already exists in Package TPS7A85_0 , U1076: Power, Analog Power (58.42, 63.50).
#63 WARNING(ORCAP-36042): Pin "IN" is renamed to "IN#15" as visible power pin of same name already exists in Package TPS7A85_0 , U1076: Power, Analog Power (58.42, 63.50).
#64 WARNING(ORCAP-36042): Pin "GND" is renamed to "GND#8" as visible power pin of same name already exists in Package TPS7A85_0 , U1076: Power, Analog Power (58.42, 63.50).
#65 WARNING(ORCAP-36042): Pin "IN" is renamed to "IN#16" as visible power pin of same name already exists in Package TPS7A85_0 , U1076: Power, Analog Power (58.42, 63.50).
#66 WARNING(ORCAP-36042): Pin "IN" is renamed to "IN#17" as visible power pin of same name already exists in Package TPS7A85_0 , U1076: Power, Analog Power (58.42, 63.50).
#67 WARNING(ORCAP-36042): Pin "GND" is renamed to "GND#18" as visible power pin of same name already exists in Package TPS7A85_0 , U1076: Power, Analog Power (58.42, 63.50).
#68 WARNING(ORCAP-36042): Pin "OUT" is renamed to "OUT#19" as visible power pin of same name already exists in Package TPS7A85_0 , U1076: Power, Analog Power (58.42, 63.50).
#69 WARNING(ORCAP-36042): Pin "OUT" is renamed to "OUT#20" as visible power pin of same name already exists in Package TPS7A85_0 , U1076: Power, Analog Power (58.42, 63.50).
#70 WARNING(ORCAP-36006): Part Name "ADA4891-4_ADA4891-4-TSSOP_ADA4891-4" is renamed to "ADA4891-4_ADA4891-4-TSSOP_ADA48".
INFO(ORCAP-36080): Scanning netlist files ...

Loading... D:\MYPROJECT\SDHCAL_DAQ\PCB&SCHEMATIC\SDHCALFEB\CAPTURE\ALLEGRO/pstchip.dat

Loading... D:\MYPROJECT\SDHCAL_DAQ\PCB&SCHEMATIC\SDHCALFEB\CAPTURE\ALLEGRO/pstchip.dat

Loading... D:\MYPROJECT\SDHCAL_DAQ\PCB&SCHEMATIC\SDHCALFEB\CAPTURE\ALLEGRO/pstxprt.dat

Loading... D:\MYPROJECT\SDHCAL_DAQ\PCB&SCHEMATIC\SDHCALFEB\CAPTURE\ALLEGRO/pstxnet.dat
packaging the design view...