(---------------------------------------------------------------------)
(                                                                     )
(    NC DRILL Log                                                     )
(                                                                     )
(    Drawing          : SDHCalDIF.brd                                 )
(    Software Version : 16.6S025                                      )
(    Date/Time        : Fri Apr 27 14:41:52 2018                      )
(                                                                     )
(---------------------------------------------------------------------)



 Processing NC Parameters file 'nc_param.txt' ...

 NC PARAMETERS
 -------------

 FORMAT   		2.5
 MACHINE-OFFSET		x:0.000000	y:0.000000
 FEEDRATE		1
 COORDINATES		ABSOLUTE
 OUTPUT-UNITS		ENGLISH
 TOOL-ORDER		INCREASING
 REPEAT-CODES		YES
 SUPPRESS-LEAD-ZEROES	NO
 SUPPRESS-TRAIL-ZEROES	NO
 SUPPRESS-EQUAL		NO
 TOOL-SELECT		NO
 HEADER			none
 LEADER			12
 CODE			ASCII
 SEPARATE		NO
 SEPARATE-ROUTING	NO
 OPTIMIZE_DRILLING	NO
 ENHANCED_EXCELLON	NO
 SCALE			1.000000

 WARNING(SPMHMF-358): Design precision is the same as that of the drill output file data.
 WARNING(SPMHMF-359): Data rounding errors may still be possible.
 WARNING(SPMHMF-365): This design contains 16 slot holes that can NOT be drilled.
 WARNING(SPMHMF-366): They can be processed by NC routing instead.


 Drill files being output to directory 'D:/MyProject/SDHCAL_DAQ/PCB&Schematic/SDHCalDIF/Allegro' ...



     'SDHCalDIF-1-10.drl' created for holes connecting TOP and BOTTOM
     ----------------------------------------------------------------

           Num     Size      +/- Tolerance     Plating   Quantity

            1.   8.0000    0.0000/  0.0000      PLATED        801
            2.  10.0000    0.0000/  0.0000      PLATED        349
            3.  12.0000    0.0000/  0.0000      PLATED        405
            4.  16.0000    0.0000/  0.0000      PLATED        526
            5.  24.0000    0.0000/  0.0000      PLATED         23
            6.  32.0000    0.0000/  0.0000      PLATED         10
            7.  40.0000    0.0000/  0.0000      PLATED         66
            8.  50.0000    0.0000/  0.0000      PLATED         20
            9.  55.0000    0.0000/  0.0000      PLATED          6
           10.  60.0000    0.0000/  0.0000      PLATED         35
           11.  63.0000    0.0000/  0.0000      PLATED          6
           12.  70.0000    0.0000/  0.0000      PLATED          4
           13. 126.0000    0.0000/  0.0000      PLATED          8
           14.  40.0000    0.0000/  0.0000  NON_PLATED         18
           15.  70.0000    0.0000/  0.0000  NON_PLATED          4

     ---- Total holes:                                       2281

     ---- Total head travel:              116.66 feet (35.56 meters)

