(---------------------------------------------------------------------)
(                                                                     )
(    NC ROUTE Log                                                     )
(                                                                     )
(    Drawing          : SDHCalDIF.brd                                 )
(    Software Version : 16.6S025                                      )
(    Date/Time        : Fri Apr 27 14:42:02 2018                      )
(                                                                     )
(---------------------------------------------------------------------)



 Processing NC Parameters file 'nc_param.txt' ...

 NC PARAMETERS
 -------------

 FORMAT   		2.5
 MACHINE-OFFSET		x:0.000000	y:0.000000
 FEEDRATE		1
 COORDINATES		ABSOLUTE
 OUTPUT-UNITS		ENGLISH
 TOOL-ORDER		INCREASING
 REPEAT-CODES		YES
 SUPPRESS-LEAD-ZEROES	NO
 SUPPRESS-TRAIL-ZEROES	NO
 SUPPRESS-EQUAL		NO
 TOOL-SELECT		NO
 HEADER			none
 LEADER			12
 CODE			ASCII
 SEPARATE		NO
 SEPARATE-ROUTING	NO
 OPTIMIZE_DRILLING	NO
 ENHANCED_EXCELLON	NO
 SCALE			1.000000


 WARNING(SPMHMF-326): Cannot find NC Route bit tool file 'ncroutebits.txt'
 WARNING(SPMHMF-327): ... will auto-generate bit tool file 'ncroutebits_auto.txt'.

 Auto-generating tool file 'ncroutebits_auto.txt' ...

     0.0236  T01       
     0.0256  T02       
     0.0354  T03       

-------------------------------------------------------------

 Pre_processing route path data ...

 WARNING(SPMHMF-296): No route path data was found for processing.


-------------------------------------------------------------

 Processing slot hole data ...

 WARNING(SPMHMF-318): No toolcode of a size smaller than 23.620000 found for a RECTANGLE slot ... Defaulting to T01.

 WARNING(SPMHMF-318): No toolcode of a size smaller than 23.620000 found for a RECTANGLE slot ... Defaulting to T01.

 WARNING(SPMHMF-318): No toolcode of a size smaller than 23.620000 found for a RECTANGLE slot ... Defaulting to T01.

 WARNING(SPMHMF-318): No toolcode of a size smaller than 23.620000 found for a RECTANGLE slot ... Defaulting to T01.

 WARNING(SPMHMF-318): No toolcode of a size smaller than 23.620000 found for a RECTANGLE slot ... Defaulting to T01.

 WARNING(SPMHMF-318): No toolcode of a size smaller than 23.620000 found for a RECTANGLE slot ... Defaulting to T01.

 WARNING(SPMHMF-318): No toolcode of a size smaller than 23.620000 found for a RECTANGLE slot ... Defaulting to T01.

 WARNING(SPMHMF-318): No toolcode of a size smaller than 23.620000 found for a RECTANGLE slot ... Defaulting to T01.

 OVAL      slots routed: 8
 RECTANGLE slots routed: 8

-------------------------------------------------------------

 NC Route file 'SDHCalDIF.rou' created ...

-------------------------------------------------------------

 Program completed WITH WARNINGS.

