(---------------------------------------------------------------------)
(                                                                     )
(    ARTWORK LOG                                                      )
(                                                                     )
(    Drawing          : SDHCalDIF.brd                                 )
(    Software Version : 16.6S025                                      )
(    Date/Time        : Fri Apr 27 14:42:21 2018                      )
(                                                                     )
(---------------------------------------------------------------------)


 ---- Photoplot outline rectangle not found; using drawing extents.



Results from parameter file ...
    DEVICE-TYPE           GERBER_RS274X
    OUTPUT-UNITS          INCHES
    FILM-SIZE             2400000 1600000
    FORMAT                2.5
    ABORT-ON-ERROR        NO
    SCALE                 1
    SUPPRESS-LEAD-ZEROES  YES
    SUPPRESS-TRAIL-ZEROES NO
    SUPPRESS-EQUAL        YES
    UNDEF-APT-CONT        NO


================================================================
     PROCESSING FILM < adbottom >
     TO FILE < D:/MyProject/SDHCAL_DAQ/PCB&Schematic/SDHCalDIF/Allegro/adbottom.art > ...
================================================================

  FILM PARAMETERS :
  ---------------------------------------------------------
  Undefined line width                5.00
  Suppress shape fill on neg film     NO
  Mirror code                         X
  Rotate angle                        NONE
  Offset x:                           0.00
  Offset y:                           0.00
  Plot negative                       NO
  Suppress unconnected internal pads  NO
  Draw holes only                     NO

    WARNING: 0 width line found at (5956.00 4086.00)
           ... using undefined line width of 5.00

    WARNING: Multiple 0 width lines; all will be treated the same as the first.
           ... using undefined line width of 5.00



  APERTURES USED:
  ---------------------------------------------------------
  TYPE       SIZE/NAME                   ROT   MIRROR MODE 
  ---------------------------------------------------------
  CIRCLE     0.00200                                  DARK 
  CIRCLE     0.00500                                  DARK 
  CIRCLE     0.00700                                  DARK 
  CIRCLE     0.00787                                  DARK 
  CIRCLE     0.00800                                  DARK 
  CIRCLE     0.04000                                  DARK 
  CIRCLE     0.05200                                  DARK 
  CIRCLE     0.06000                                  DARK 
  CIRCLE     0.06200                                  DARK 
  CIRCLE     0.07000                                  DARK 
  CIRCLE     0.07090                                  DARK 
  CIRCLE     0.09000                                  DARK 
  CIRCLE     0.10000                                  DARK 
  CIRCLE     0.11000                                  DARK 
  CIRCLE     0.17600                                  DARK 
  SQUARE     0.06000                     0.000 NO     DARK 
  SQUARE     0.06200                     0.000 NO     DARK 
  SQUARE     0.07000                     0.000 NO     DARK 
  SQUARE     0.08000                     0.000 NO     DARK 
  SQUARE     0.11000                     0.000 NO     DARK 
  RECTANGLE  0.02500     x 0.02000       0.000 NO     DARK 
  RECTANGLE  0.02500     x 0.02000      45.000 NO     DARK 
  RECTANGLE  0.02500     x 0.02000      90.000 NO     DARK 
  RECTANGLE  0.03000     x 0.03200       0.000 NO     DARK 
  RECTANGLE  0.03000     x 0.03200      90.000 NO     DARK 
  RECTANGLE  0.03200     x 0.03500       0.000 NO     DARK 
  RECTANGLE  0.03200     x 0.03500      90.000 NO     DARK 
  RECTANGLE  0.03200     x 0.03500     135.000 NO     DARK 
  RECTANGLE  0.03937     x 0.08268      90.000 NO     DARK 
  RECTANGLE  0.04000     x 0.04500       0.000 NO     DARK 
  RECTANGLE  0.04134     x 0.02362       0.000 NO     DARK 
  RECTANGLE  0.04134     x 0.02362      90.000 NO     DARK 
  RECTANGLE  0.04331     x 0.10236      90.000 NO     DARK 
  RECTANGLE  0.05500     x 0.06500       0.000 NO     DARK 
  RECTANGLE  0.05500     x 0.06500      90.000 NO     DARK 
  RECTANGLE  0.06000     x 0.12500      90.000 NO     DARK 
  RECTANGLE  0.08000     x 0.09000       0.000 NO     DARK 
  RECTANGLE  0.08000     x 0.09000      45.000 NO     DARK 
  RECTANGLE  0.08000     x 0.09000      90.000 NO     DARK 
  RECTANGLE  0.08000     x 0.09000     135.000 NO     DARK 
  RECTANGLE  0.13000     x 0.09500      45.000 NO     DARK 
  RECTANGLE  0.13000     x 0.09500     135.000 NO     DARK 
  OBLONG     0.03346     x 0.04134      90.000 NO     DARK 
  OBLONG     0.05118     x 0.07874      90.000 NO     DARK 
  OBLONG     0.05551     x 0.10276      90.000 NO     DARK 
  OBLONG     0.05551     x 0.12638      90.000 NO     DARK 

     adbottom created with warnings


================================================================
     PROCESSING FILM < adtop >
     TO FILE < D:/MyProject/SDHCAL_DAQ/PCB&Schematic/SDHCalDIF/Allegro/adtop.art > ...
================================================================

  FILM PARAMETERS :
  ---------------------------------------------------------
  Undefined line width                5.00
  Suppress shape fill on neg film     NO
  Mirror code                         NONE
  Rotate angle                        NONE
  Offset x:                           0.00
  Offset y:                           0.00
  Plot negative                       NO
  Suppress unconnected internal pads  NO
  Draw holes only                     NO



  APERTURES USED:
  ---------------------------------------------------------
  TYPE       SIZE/NAME                   ROT   MIRROR MODE 
  ---------------------------------------------------------
  CIRCLE     0.00200                                  DARK 
  CIRCLE     0.00394                                  DARK 
  CIRCLE     0.00400                                  DARK 
  CIRCLE     0.00500                                  DARK 
  CIRCLE     0.00591                                  DARK 
  CIRCLE     0.00600                                  DARK 
  CIRCLE     0.00700                                  DARK 
  CIRCLE     0.00787                                  DARK 
  CIRCLE     0.00800                                  DARK 
  CIRCLE     0.00984                                  DARK 
  CIRCLE     0.02000                                  DARK 
  CIRCLE     0.02598                                  DARK 
  CIRCLE     0.04000                                  DARK 
  CIRCLE     0.05200                                  DARK 
  CIRCLE     0.06000                                  DARK 
  CIRCLE     0.06200                                  DARK 
  CIRCLE     0.07000                                  DARK 
  CIRCLE     0.07090                                  DARK 
  CIRCLE     0.09000                                  DARK 
  CIRCLE     0.10000                                  DARK 
  CIRCLE     0.11000                                  DARK 
  CIRCLE     0.17600                                  DARK 
  SQUARE     0.03150                     0.000 NO     DARK 
  SQUARE     0.06000                     0.000 NO     DARK 
  SQUARE     0.06200                     0.000 NO     DARK 
  SQUARE     0.07000                     0.000 NO     DARK 
  SQUARE     0.08000                     0.000 NO     DARK 
  SQUARE     0.08465                     0.000 NO     DARK 
  SQUARE     0.11000                     0.000 NO     DARK 
  SQUARE     0.11811                     0.000 NO     DARK 
  SQUARE     0.13000                     0.000 NO     DARK 
  RECTANGLE  0.01000     x 0.03400       0.000 NO     DARK 
  RECTANGLE  0.01102     x 0.09252      90.000 NO     DARK 
  RECTANGLE  0.01200     x 0.07000      90.000 NO     DARK 
  RECTANGLE  0.01300     x 0.03300      90.000 NO     DARK 
  RECTANGLE  0.01378     x 0.04134       0.000 NO     DARK 
  RECTANGLE  0.02500     x 0.02000       0.000 NO     DARK 
  RECTANGLE  0.02500     x 0.02000      90.000 NO     DARK 
  RECTANGLE  0.02500     x 0.02000     135.000 NO     DARK 
  RECTANGLE  0.03000     x 0.03200       0.000 NO     DARK 
  RECTANGLE  0.03000     x 0.03200      90.000 NO     DARK 
  RECTANGLE  0.03200     x 0.03500       0.000 NO     DARK 
  RECTANGLE  0.03200     x 0.03500      90.000 NO     DARK 
  RECTANGLE  0.03400     x 0.01000       0.000 NO     DARK 
  RECTANGLE  0.03937     x 0.01102       0.000 NO     DARK 
  RECTANGLE  0.03937     x 0.01102      90.000 NO     DARK 
  RECTANGLE  0.03937     x 0.02756      90.000 NO     DARK 
  RECTANGLE  0.03937     x 0.08268      90.000 NO     DARK 
  RECTANGLE  0.04000     x 0.05000       0.000 NO     DARK 
  RECTANGLE  0.04000     x 0.05000      90.000 NO     DARK 
  RECTANGLE  0.04134     x 0.01378       0.000 NO     DARK 
  RECTANGLE  0.04134     x 0.01496       0.000 NO     DARK 
  RECTANGLE  0.04200     x 0.02400       0.000 NO     DARK 
  RECTANGLE  0.04200     x 0.02400      90.000 NO     DARK 
  RECTANGLE  0.04331     x 0.10236      90.000 NO     DARK 
  RECTANGLE  0.04600     x 0.02000      90.000 NO     DARK 
  RECTANGLE  0.05315     x 0.01575       0.000 NO     DARK 
  RECTANGLE  0.05600     x 0.01400       0.000 NO     DARK 
  RECTANGLE  0.06000     x 0.12500       0.000 NO     DARK 
  RECTANGLE  0.06300     x 0.05900      45.000 NO     DARK 
  RECTANGLE  0.07000     x 0.08000       0.000 NO     DARK 
  RECTANGLE  0.08000     x 0.09000       0.000 NO     DARK 
  RECTANGLE  0.10000     x 0.02000       0.000 NO     DARK 
  RECTANGLE  0.10630     x 0.04720       0.000 NO     DARK 
  RECTANGLE  0.11417     x 0.07480      90.000 NO     DARK 
  OBLONG     0.03346     x 0.04134      90.000 NO     DARK 
  OBLONG     0.05118     x 0.07874      90.000 NO     DARK 
  OBLONG     0.05551     x 0.10276      90.000 NO     DARK 
  OBLONG     0.05551     x 0.12638      90.000 NO     DARK 

     adtop created.


================================================================
     PROCESSING FILM < drill >
     TO FILE < D:/MyProject/SDHCAL_DAQ/PCB&Schematic/SDHCalDIF/Allegro/drill.art > ...
================================================================

  FILM PARAMETERS :
  ---------------------------------------------------------
  Undefined line width                5.00
  Suppress shape fill on neg film     NO
  Mirror code                         NONE
  Rotate angle                        NONE
  Offset x:                           0.00
  Offset y:                           0.00
  Plot negative                       NO
  Suppress unconnected internal pads  NO
  Draw holes only                     NO

    WARNING: text composed 0 width line found at (-2107.50 4771.50)
           ... using undefined line width of 5.00

    WARNING: text having Multiple 0 width lines; all will be treated the same as the first.
           ... using undefined line width of 5.00



  APERTURES USED:
  ---------------------------------------------------------
  TYPE       SIZE/NAME                   ROT   MIRROR MODE 
  ---------------------------------------------------------
  CIRCLE     0.00200                                  DARK 
  CIRCLE     0.00500                                  DARK 
  CIRCLE     0.00800                                  DARK 

     drill created with warnings


================================================================
     PROCESSING FILM < pastebottom >
     TO FILE < D:/MyProject/SDHCAL_DAQ/PCB&Schematic/SDHCalDIF/Allegro/pastebottom.art > ...
================================================================

  FILM PARAMETERS :
  ---------------------------------------------------------
  Undefined line width                5.00
  Suppress shape fill on neg film     NO
  Mirror code                         X
  Rotate angle                        NONE
  Offset x:                           0.00
  Offset y:                           0.00
  Plot negative                       NO
  Suppress unconnected internal pads  NO
  Draw holes only                     NO



  APERTURES USED:
  ---------------------------------------------------------
  TYPE       SIZE/NAME                   ROT   MIRROR MODE 
  ---------------------------------------------------------
  CIRCLE     0.00500                                  DARK 
  CIRCLE     0.07090                                  DARK 
  CIRCLE     0.17600                                  DARK 
  RECTANGLE  0.02500     x 0.02000       0.000 NO     DARK 
  RECTANGLE  0.02500     x 0.02000      45.000 NO     DARK 
  RECTANGLE  0.02500     x 0.02000      90.000 NO     DARK 
  RECTANGLE  0.03000     x 0.03200       0.000 NO     DARK 
  RECTANGLE  0.03000     x 0.03200      90.000 NO     DARK 
  RECTANGLE  0.03200     x 0.03500       0.000 NO     DARK 
  RECTANGLE  0.03200     x 0.03500      90.000 NO     DARK 
  RECTANGLE  0.03200     x 0.03500     135.000 NO     DARK 
  RECTANGLE  0.04000     x 0.04500       0.000 NO     DARK 
  RECTANGLE  0.04134     x 0.02362       0.000 NO     DARK 
  RECTANGLE  0.04134     x 0.02362      90.000 NO     DARK 
  RECTANGLE  0.04331     x 0.08268      90.000 NO     DARK 
  RECTANGLE  0.04331     x 0.10300      90.000 NO     DARK 
  RECTANGLE  0.05500     x 0.06500       0.000 NO     DARK 
  RECTANGLE  0.05500     x 0.06500      90.000 NO     DARK 
  RECTANGLE  0.06000     x 0.12500      90.000 NO     DARK 
  RECTANGLE  0.08000     x 0.09000       0.000 NO     DARK 
  RECTANGLE  0.08000     x 0.09000      45.000 NO     DARK 
  RECTANGLE  0.08000     x 0.09000      90.000 NO     DARK 
  RECTANGLE  0.08000     x 0.09000     135.000 NO     DARK 
  RECTANGLE  0.13000     x 0.09500      45.000 NO     DARK 
  RECTANGLE  0.13000     x 0.09500     135.000 NO     DARK 
  OBLONG     0.03346     x 0.04134      90.000 NO     DARK 
  OBLONG     0.05118     x 0.07874      90.000 NO     DARK 

     pastebottom created.


================================================================
     PROCESSING FILM < pastetop >
     TO FILE < D:/MyProject/SDHCAL_DAQ/PCB&Schematic/SDHCalDIF/Allegro/pastetop.art > ...
================================================================

  FILM PARAMETERS :
  ---------------------------------------------------------
  Undefined line width                5.00
  Suppress shape fill on neg film     NO
  Mirror code                         NONE
  Rotate angle                        NONE
  Offset x:                           0.00
  Offset y:                           0.00
  Plot negative                       NO
  Suppress unconnected internal pads  NO
  Draw holes only                     NO



  APERTURES USED:
  ---------------------------------------------------------
  TYPE       SIZE/NAME                   ROT   MIRROR MODE 
  ---------------------------------------------------------
  CIRCLE     0.00500                                  DARK 
  CIRCLE     0.02000                                  DARK 
  CIRCLE     0.02598                                  DARK 
  CIRCLE     0.07090                                  DARK 
  CIRCLE     0.17600                                  DARK 
  SQUARE     0.03150                     0.000 NO     DARK 
  SQUARE     0.08465                     0.000 NO     DARK 
  SQUARE     0.11811                     0.000 NO     DARK 
  SQUARE     0.13000                     0.000 NO     DARK 
  RECTANGLE  0.01000     x 0.03400       0.000 NO     DARK 
  RECTANGLE  0.01102     x 0.09252      90.000 NO     DARK 
  RECTANGLE  0.01200     x 0.07000      90.000 NO     DARK 
  RECTANGLE  0.01300     x 0.03300      90.000 NO     DARK 
  RECTANGLE  0.01378     x 0.04134       0.000 NO     DARK 
  RECTANGLE  0.02500     x 0.02000       0.000 NO     DARK 
  RECTANGLE  0.02500     x 0.02000      90.000 NO     DARK 
  RECTANGLE  0.02500     x 0.02000     135.000 NO     DARK 
  RECTANGLE  0.03000     x 0.03200       0.000 NO     DARK 
  RECTANGLE  0.03000     x 0.03200      90.000 NO     DARK 
  RECTANGLE  0.03200     x 0.03500       0.000 NO     DARK 
  RECTANGLE  0.03200     x 0.03500      90.000 NO     DARK 
  RECTANGLE  0.03400     x 0.01000       0.000 NO     DARK 
  RECTANGLE  0.03937     x 0.01654       0.000 NO     DARK 
  RECTANGLE  0.03937     x 0.01654      90.000 NO     DARK 
  RECTANGLE  0.03937     x 0.02756      90.000 NO     DARK 
  RECTANGLE  0.04000     x 0.05000       0.000 NO     DARK 
  RECTANGLE  0.04000     x 0.05000      90.000 NO     DARK 
  RECTANGLE  0.04134     x 0.01378       0.000 NO     DARK 
  RECTANGLE  0.04134     x 0.01496       0.000 NO     DARK 
  RECTANGLE  0.04200     x 0.02400       0.000 NO     DARK 
  RECTANGLE  0.04200     x 0.02400      90.000 NO     DARK 
  RECTANGLE  0.04331     x 0.08268      90.000 NO     DARK 
  RECTANGLE  0.04331     x 0.10300      90.000 NO     DARK 
  RECTANGLE  0.04600     x 0.02000      90.000 NO     DARK 
  RECTANGLE  0.05315     x 0.01575       0.000 NO     DARK 
  RECTANGLE  0.05600     x 0.01400       0.000 NO     DARK 
  RECTANGLE  0.06000     x 0.12500       0.000 NO     DARK 
  RECTANGLE  0.06300     x 0.05900      45.000 NO     DARK 
  RECTANGLE  0.07000     x 0.08000       0.000 NO     DARK 
  RECTANGLE  0.08000     x 0.09000       0.000 NO     DARK 
  RECTANGLE  0.10000     x 0.02000       0.000 NO     DARK 
  RECTANGLE  0.10630     x 0.04720       0.000 NO     DARK 
  RECTANGLE  0.11417     x 0.07480      90.000 NO     DARK 
  OBLONG     0.03346     x 0.04134      90.000 NO     DARK 
  OBLONG     0.05118     x 0.07874      90.000 NO     DARK 

     pastetop created.


================================================================
     PROCESSING FILM < silkbottom >
     TO FILE < D:/MyProject/SDHCAL_DAQ/PCB&Schematic/SDHCalDIF/Allegro/silkbottom.art > ...
================================================================

  FILM PARAMETERS :
  ---------------------------------------------------------
  Undefined line width                5.00
  Suppress shape fill on neg film     NO
  Mirror code                         X
  Rotate angle                        NONE
  Offset x:                           0.00
  Offset y:                           0.00
  Plot negative                       NO
  Suppress unconnected internal pads  NO
  Draw holes only                     NO



  APERTURES USED:
  ---------------------------------------------------------
  TYPE       SIZE/NAME                   ROT   MIRROR MODE 
  ---------------------------------------------------------
  CIRCLE     0.00200                                  DARK 
  CIRCLE     0.00500                                  DARK 
  CIRCLE     0.00700                                  DARK 
  CIRCLE     0.00787                                  DARK 
  CIRCLE     0.00800                                  DARK 

     silkbottom created.


================================================================
     PROCESSING FILM < silktop >
     TO FILE < D:/MyProject/SDHCAL_DAQ/PCB&Schematic/SDHCalDIF/Allegro/silktop.art > ...
================================================================

  FILM PARAMETERS :
  ---------------------------------------------------------
  Undefined line width                5.00
  Suppress shape fill on neg film     NO
  Mirror code                         NONE
  Rotate angle                        NONE
  Offset x:                           0.00
  Offset y:                           0.00
  Plot negative                       NO
  Suppress unconnected internal pads  NO
  Draw holes only                     NO



  APERTURES USED:
  ---------------------------------------------------------
  TYPE       SIZE/NAME                   ROT   MIRROR MODE 
  ---------------------------------------------------------
  CIRCLE     0.00200                                  DARK 
  CIRCLE     0.00394                                  DARK 
  CIRCLE     0.00400                                  DARK 
  CIRCLE     0.00500                                  DARK 
  CIRCLE     0.00591                                  DARK 
  CIRCLE     0.00600                                  DARK 
  CIRCLE     0.00700                                  DARK 
  CIRCLE     0.00787                                  DARK 
  CIRCLE     0.00800                                  DARK 
  CIRCLE     0.00984                                  DARK 

     silktop created.


================================================================
     PROCESSING FILM < soldbottom >
     TO FILE < D:/MyProject/SDHCAL_DAQ/PCB&Schematic/SDHCalDIF/Allegro/soldbottom.art > ...
================================================================

  FILM PARAMETERS :
  ---------------------------------------------------------
  Undefined line width                5.00
  Suppress shape fill on neg film     NO
  Mirror code                         X
  Rotate angle                        NONE
  Offset x:                           0.00
  Offset y:                           0.00
  Plot negative                       NO
  Suppress unconnected internal pads  NO
  Draw holes only                     NO



  APERTURES USED:
  ---------------------------------------------------------
  TYPE       SIZE/NAME                   ROT   MIRROR MODE 
  ---------------------------------------------------------
  CIRCLE     0.00500                                  DARK 
  CIRCLE     0.05000                                  DARK 
  CIRCLE     0.06000                                  DARK 
  CIRCLE     0.06800                                  DARK 
  CIRCLE     0.07000                                  DARK 
  CIRCLE     0.07090                                  DARK 
  CIRCLE     0.07800                                  DARK 
  CIRCLE     0.08000                                  DARK 
  CIRCLE     0.10000                                  DARK 
  CIRCLE     0.11000                                  DARK 
  CIRCLE     0.12000                                  DARK 
  CIRCLE     0.17600                                  DARK 
  SQUARE     0.07000                     0.000 NO     DARK 
  SQUARE     0.07800                     0.000 NO     DARK 
  SQUARE     0.08500                     0.000 NO     DARK 
  SQUARE     0.09000                     0.000 NO     DARK 
  SQUARE     0.12000                     0.000 NO     DARK 
  RECTANGLE  0.03000     x 0.03000       0.000 NO     DARK 
  RECTANGLE  0.03000     x 0.03000      45.000 NO     DARK 
  RECTANGLE  0.03000     x 0.03000      90.000 NO     DARK 
  RECTANGLE  0.03800     x 0.04000       0.000 NO     DARK 
  RECTANGLE  0.03800     x 0.04000      90.000 NO     DARK 
  RECTANGLE  0.04000     x 0.04300       0.000 NO     DARK 
  RECTANGLE  0.04000     x 0.04300      90.000 NO     DARK 
  RECTANGLE  0.04000     x 0.04300     135.000 NO     DARK 
  RECTANGLE  0.04331     x 0.09000      90.000 NO     DARK 
  RECTANGLE  0.04685     x 0.02913       0.000 NO     DARK 
  RECTANGLE  0.04685     x 0.02913      90.000 NO     DARK 
  RECTANGLE  0.04800     x 0.05300       0.000 NO     DARK 
  RECTANGLE  0.05118     x 0.11024      90.000 NO     DARK 
  RECTANGLE  0.06500     x 0.07500       0.000 NO     DARK 
  RECTANGLE  0.06500     x 0.07500      90.000 NO     DARK 
  RECTANGLE  0.07000     x 0.13500      90.000 NO     DARK 
  RECTANGLE  0.09000     x 0.10000       0.000 NO     DARK 
  RECTANGLE  0.09000     x 0.10000      45.000 NO     DARK 
  RECTANGLE  0.09000     x 0.10000      90.000 NO     DARK 
  RECTANGLE  0.09000     x 0.10000     135.000 NO     DARK 
  RECTANGLE  0.14000     x 0.10500      45.000 NO     DARK 
  RECTANGLE  0.14000     x 0.10500     135.000 NO     DARK 
  OBLONG     0.04134     x 0.04921      90.000 NO     DARK 
  OBLONG     0.05906     x 0.08661      90.000 NO     DARK 
  OBLONG     0.06142     x 0.10866      90.000 NO     DARK 
  OBLONG     0.06142     x 0.13228      90.000 NO     DARK 

     soldbottom created.


================================================================
     PROCESSING FILM < soldtop >
     TO FILE < D:/MyProject/SDHCAL_DAQ/PCB&Schematic/SDHCalDIF/Allegro/soldtop.art > ...
================================================================

  FILM PARAMETERS :
  ---------------------------------------------------------
  Undefined line width                5.00
  Suppress shape fill on neg film     NO
  Mirror code                         NONE
  Rotate angle                        NONE
  Offset x:                           0.00
  Offset y:                           0.00
  Plot negative                       NO
  Suppress unconnected internal pads  NO
  Draw holes only                     NO



  APERTURES USED:
  ---------------------------------------------------------
  TYPE       SIZE/NAME                   ROT   MIRROR MODE 
  ---------------------------------------------------------
  CIRCLE     0.00500                                  DARK 
  CIRCLE     0.02200                                  DARK 
  CIRCLE     0.02992                                  DARK 
  CIRCLE     0.05000                                  DARK 
  CIRCLE     0.06000                                  DARK 
  CIRCLE     0.06800                                  DARK 
  CIRCLE     0.07000                                  DARK 
  CIRCLE     0.07090                                  DARK 
  CIRCLE     0.07800                                  DARK 
  CIRCLE     0.08000                                  DARK 
  CIRCLE     0.10000                                  DARK 
  CIRCLE     0.11000                                  DARK 
  CIRCLE     0.12000                                  DARK 
  CIRCLE     0.17600                                  DARK 
  SQUARE     0.03350                     0.000 NO     DARK 
  SQUARE     0.07000                     0.000 NO     DARK 
  SQUARE     0.07800                     0.000 NO     DARK 
  SQUARE     0.08000                     0.000 NO     DARK 
  SQUARE     0.09000                     0.000 NO     DARK 
  SQUARE     0.09055                     0.000 NO     DARK 
  SQUARE     0.11811                     0.000 NO     DARK 
  SQUARE     0.12000                     0.000 NO     DARK 
  SQUARE     0.14000                     0.000 NO     DARK 
  RECTANGLE  0.01200     x 0.03800       0.000 NO     DARK 
  RECTANGLE  0.01378     x 0.04134       0.000 NO     DARK 
  RECTANGLE  0.01496     x 0.09646      90.000 NO     DARK 
  RECTANGLE  0.01500     x 0.03500      90.000 NO     DARK 
  RECTANGLE  0.02000     x 0.08000      90.000 NO     DARK 
  RECTANGLE  0.03000     x 0.03000       0.000 NO     DARK 
  RECTANGLE  0.03000     x 0.03000      90.000 NO     DARK 
  RECTANGLE  0.03000     x 0.03000     135.000 NO     DARK 
  RECTANGLE  0.03800     x 0.01200       0.000 NO     DARK 
  RECTANGLE  0.03800     x 0.04000       0.000 NO     DARK 
  RECTANGLE  0.03800     x 0.04000      90.000 NO     DARK 
  RECTANGLE  0.04000     x 0.04300       0.000 NO     DARK 
  RECTANGLE  0.04000     x 0.04300      90.000 NO     DARK 
  RECTANGLE  0.04134     x 0.01378       0.000 NO     DARK 
  RECTANGLE  0.04331     x 0.03150      90.000 NO     DARK 
  RECTANGLE  0.04331     x 0.09000      90.000 NO     DARK 
  RECTANGLE  0.04488     x 0.01654       0.000 NO     DARK 
  RECTANGLE  0.04488     x 0.01654      90.000 NO     DARK 
  RECTANGLE  0.04528     x 0.01890       0.000 NO     DARK 
  RECTANGLE  0.04600     x 0.02800       0.000 NO     DARK 
  RECTANGLE  0.04600     x 0.02800      90.000 NO     DARK 
  RECTANGLE  0.05000     x 0.02400      90.000 NO     DARK 
  RECTANGLE  0.05000     x 0.06000       0.000 NO     DARK 
  RECTANGLE  0.05000     x 0.06000      90.000 NO     DARK 
  RECTANGLE  0.05118     x 0.11024      90.000 NO     DARK 
  RECTANGLE  0.06102     x 0.02362       0.000 NO     DARK 
  RECTANGLE  0.06200     x 0.01800       0.000 NO     DARK 
  RECTANGLE  0.07000     x 0.13500       0.000 NO     DARK 
  RECTANGLE  0.07300     x 0.06900      45.000 NO     DARK 
  RECTANGLE  0.08000     x 0.09000       0.000 NO     DARK 
  RECTANGLE  0.09000     x 0.10000       0.000 NO     DARK 
  RECTANGLE  0.11000     x 0.02800       0.000 NO     DARK 
  RECTANGLE  0.11020     x 0.05120       0.000 NO     DARK 
  RECTANGLE  0.12205     x 0.08268      90.000 NO     DARK 
  OBLONG     0.04134     x 0.04921      90.000 NO     DARK 
  OBLONG     0.05906     x 0.08661      90.000 NO     DARK 
  OBLONG     0.06142     x 0.10866      90.000 NO     DARK 
  OBLONG     0.06142     x 0.13228      90.000 NO     DARK 

     soldtop created.


================================================================
     PROCESSING FILM < art10 >
     TO FILE < D:/MyProject/SDHCAL_DAQ/PCB&Schematic/SDHCalDIF/Allegro/art10.art > ...
================================================================

  FILM PARAMETERS :
  ---------------------------------------------------------
  Undefined line width                5.00
  Suppress shape fill on neg film     NO
  Mirror code                         X
  Rotate angle                        NONE
  Offset x:                           0.00
  Offset y:                           0.00
  Plot negative                       NO
  Suppress unconnected internal pads  NO
  Draw holes only                     NO



  APERTURES USED:
  ---------------------------------------------------------
  TYPE       SIZE/NAME                   ROT   MIRROR MODE 
  ---------------------------------------------------------
  CIRCLE     0.00400                                  DARK 
  CIRCLE     0.00500                                  DARK 
  CIRCLE     0.00600                                  DARK 
  CIRCLE     0.01000                                  DARK 
  CIRCLE     0.01200                                  DARK 
  CIRCLE     0.01600                                  DARK 
  CIRCLE     0.02000                                  DARK 
  CIRCLE     0.02400                                  DARK 
  CIRCLE     0.02800                                  DARK 
  CIRCLE     0.03000                                  DARK 
  CIRCLE     0.04000                                  DARK 
  CIRCLE     0.05200                                  DARK 
  CIRCLE     0.06000                                  DARK 
  CIRCLE     0.06200                                  DARK 
  CIRCLE     0.07000                                  DARK 
  CIRCLE     0.07090                                  DARK 
  CIRCLE     0.09000                                  DARK 
  CIRCLE     0.10000                                  DARK 
  CIRCLE     0.11000                                  DARK 
  CIRCLE     0.17600                                  DARK 
  SQUARE     0.06000                     0.000 NO     DARK 
  SQUARE     0.06200                     0.000 NO     DARK 
  SQUARE     0.07000                     0.000 NO     DARK 
  SQUARE     0.08000                     0.000 NO     DARK 
  SQUARE     0.11000                     0.000 NO     DARK 
  RECTANGLE  0.02500     x 0.02000       0.000 NO     DARK 
  RECTANGLE  0.02500     x 0.02000      45.000 NO     DARK 
  RECTANGLE  0.02500     x 0.02000      90.000 NO     DARK 
  RECTANGLE  0.03000     x 0.03200       0.000 NO     DARK 
  RECTANGLE  0.03000     x 0.03200      90.000 NO     DARK 
  RECTANGLE  0.03200     x 0.03500       0.000 NO     DARK 
  RECTANGLE  0.03200     x 0.03500      90.000 NO     DARK 
  RECTANGLE  0.03200     x 0.03500     135.000 NO     DARK 
  RECTANGLE  0.03937     x 0.08268      90.000 NO     DARK 
  RECTANGLE  0.04000     x 0.04500       0.000 NO     DARK 
  RECTANGLE  0.04134     x 0.02362       0.000 NO     DARK 
  RECTANGLE  0.04134     x 0.02362      90.000 NO     DARK 
  RECTANGLE  0.04331     x 0.10236      90.000 NO     DARK 
  RECTANGLE  0.05500     x 0.06500       0.000 NO     DARK 
  RECTANGLE  0.05500     x 0.06500      90.000 NO     DARK 
  RECTANGLE  0.06000     x 0.12500      90.000 NO     DARK 
  RECTANGLE  0.08000     x 0.09000       0.000 NO     DARK 
  RECTANGLE  0.08000     x 0.09000      45.000 NO     DARK 
  RECTANGLE  0.08000     x 0.09000      90.000 NO     DARK 
  RECTANGLE  0.08000     x 0.09000     135.000 NO     DARK 
  RECTANGLE  0.13000     x 0.09500      45.000 NO     DARK 
  RECTANGLE  0.13000     x 0.09500     135.000 NO     DARK 
  OBLONG     0.03346     x 0.04134      90.000 NO     DARK 
  OBLONG     0.05118     x 0.07874      90.000 NO     DARK 
  OBLONG     0.05551     x 0.10276      90.000 NO     DARK 
  OBLONG     0.05551     x 0.12638      90.000 NO     DARK 

     art10 created.


================================================================
     PROCESSING FILM < plane09 >
     TO FILE < D:/MyProject/SDHCAL_DAQ/PCB&Schematic/SDHCalDIF/Allegro/plane09.art > ...
================================================================

  FILM PARAMETERS :
  ---------------------------------------------------------
  Undefined line width                5.00
  Suppress shape fill on neg film     NO
  Mirror code                         NONE
  Rotate angle                        NONE
  Offset x:                           0.00
  Offset y:                           0.00
  Plot negative                       YES
  Suppress unconnected internal pads  NO
  Draw holes only                     NO

    WARNING: No Photoplot Outline was found,
negative shape outline will be determined by Board Outline


  APERTURES USED:
  ---------------------------------------------------------
  TYPE       SIZE/NAME                   ROT   MIRROR MODE 
  ---------------------------------------------------------
  CIRCLE     0.00500                                  DARK 
  CIRCLE     0.01700                                  CLEAR
  CIRCLE     0.02500                                  CLEAR
  CIRCLE     0.05300                                  CLEAR
  CIRCLE     0.06000                                  CLEAR
  CIRCLE     0.06500                                  CLEAR
  CIRCLE     0.08000                                  CLEAR
  CIRCLE     0.08500                                  CLEAR
  CIRCLE     0.08700                                  CLEAR
  CIRCLE     0.09500                                  CLEAR
  CIRCLE     0.10000                                  CLEAR
  CIRCLE     0.11000                                  CLEAR
  RECTANGLE  0.04724     x 0.12000      90.000 NO     CLEAR
  RECTANGLE  0.05500     x 0.09449      90.000 NO     CLEAR
  OBLONG     0.04134     x 0.04921      90.000 NO     CLEAR
  OBLONG     0.05906     x 0.08661      90.000 NO     CLEAR
  OBLONG     0.06535     x 0.11260      90.000 NO     CLEAR
  OBLONG     0.06535     x 0.13622      90.000 NO     CLEAR
  FLASH SYM  26                          0.000 NO     CLEAR
  FLASH SYM  TR_18_14                    0.000 NO     CLEAR
  FLASH SYM  FLASH_IN40_OUT50_WEB10      0.000 NO     CLEAR
  FLASH SYM  FLASH_IN146_OUT176_WEB25    0.000 NO     CLEAR
  FLASH SYM  95                          0.000 NO     CLEAR
  FLASH SYM  FLASH_IN28_OUT32_WEB10      0.000 NO     CLEAR
  FLASH SYM  100                         0.000 NO     CLEAR
  FLASH SYM  80_1                        0.000 NO     CLEAR
  FLASH SYM  FLASH_IN70_OUT90_WEB10     90.000 NO     CLEAR
  FLASH SYM  FLASH_IN62OUT_80WEB_10MIL  90.000 NO     CLEAR
  FLASH SYM  80_1                      180.000 NO     CLEAR
  FLASH SYM  FLASH_IN70_OUT90_WEB10    180.000 NO     CLEAR
  FLASH SYM  PAD5                      180.000 NO     CLEAR
  FLASH SYM  110                       180.000 NO     CLEAR
  FLASH SYM  CIR63_80                  180.000 NO     CLEAR
  FLASH SYM  26                        180.000 NO     CLEAR
  FLASH SYM  85                        180.000 NO     CLEAR
  FLASH SYM  95                        180.000 NO     CLEAR
  FLASH SYM  26                        270.000 NO     CLEAR
  FLASH SYM  FLASH_IN28_OUT32_WEB10    270.000 NO     CLEAR
  FLASH SYM  100                       270.000 NO     CLEAR
  FLASH SYM  FLASH_IN70_OUT90_WEB10    270.000 NO     CLEAR

     plane09 created with warnings


================================================================
     PROCESSING FILM < plane08 >
     TO FILE < D:/MyProject/SDHCAL_DAQ/PCB&Schematic/SDHCalDIF/Allegro/plane08.art > ...
================================================================

  FILM PARAMETERS :
  ---------------------------------------------------------
  Undefined line width                5.00
  Suppress shape fill on neg film     NO
  Mirror code                         NONE
  Rotate angle                        NONE
  Offset x:                           0.00
  Offset y:                           0.00
  Plot negative                       YES
  Suppress unconnected internal pads  NO
  Draw holes only                     NO

    WARNING: No Photoplot Outline was found,
negative shape outline will be determined by Board Outline


  APERTURES USED:
  ---------------------------------------------------------
  TYPE       SIZE/NAME                   ROT   MIRROR MODE 
  ---------------------------------------------------------
  CIRCLE     0.00500                                  DARK 
  CIRCLE     0.01700                                  CLEAR
  CIRCLE     0.02500                                  CLEAR
  CIRCLE     0.05300                                  CLEAR
  CIRCLE     0.06000                                  CLEAR
  CIRCLE     0.06500                                  CLEAR
  CIRCLE     0.07480                                  CLEAR
  CIRCLE     0.08000                                  CLEAR
  CIRCLE     0.08500                                  CLEAR
  CIRCLE     0.08700                                  CLEAR
  CIRCLE     0.09500                                  CLEAR
  CIRCLE     0.10000                                  CLEAR
  CIRCLE     0.11000                                  CLEAR
  CIRCLE     0.11600                                  CLEAR
  CIRCLE     0.18600                                  CLEAR
  RECTANGLE  0.04724     x 0.12000      90.000 NO     CLEAR
  RECTANGLE  0.05500     x 0.09449      90.000 NO     CLEAR
  OBLONG     0.06535     x 0.11260      90.000 NO     CLEAR
  OBLONG     0.06535     x 0.13622      90.000 NO     CLEAR
  FLASH SYM  26                          0.000 NO     CLEAR
  FLASH SYM  FLASH_IN28_OUT32_WEB10      0.000 NO     CLEAR
  FLASH SYM  80_1                        0.000 NO     CLEAR
  FLASH SYM  FLASH_IN40_OUT50_WEB10      0.000 NO     CLEAR
  FLASH SYM  TR_18_14                    0.000 NO     CLEAR
  FLASH SYM  FLASHOVALMICROUSBS1        90.000 NO     CLEAR
  FLASH SYM  FLASH_IN1_05_OUT1_4_WEB0_  90.000 NO     CLEAR
  FLASH SYM  26                        180.000 NO     CLEAR
  FLASH SYM  80                        180.000 NO     CLEAR
  FLASH SYM  26                        270.000 NO     CLEAR
  FLASH SYM  80                        270.000 NO     CLEAR

     plane08 created with warnings


================================================================
     PROCESSING FILM < art07 >
     TO FILE < D:/MyProject/SDHCAL_DAQ/PCB&Schematic/SDHCalDIF/Allegro/art07.art > ...
================================================================

  FILM PARAMETERS :
  ---------------------------------------------------------
  Undefined line width                5.00
  Suppress shape fill on neg film     NO
  Mirror code                         NONE
  Rotate angle                        NONE
  Offset x:                           0.00
  Offset y:                           0.00
  Plot negative                       NO
  Suppress unconnected internal pads  NO
  Draw holes only                     NO



  APERTURES USED:
  ---------------------------------------------------------
  TYPE       SIZE/NAME                   ROT   MIRROR MODE 
  ---------------------------------------------------------
  CIRCLE     0.00500                                  DARK 
  CIRCLE     0.00600                                  DARK 
  CIRCLE     0.01000                                  DARK 
  CIRCLE     0.01200                                  DARK 
  CIRCLE     0.02000                                  DARK 
  CIRCLE     0.02800                                  DARK 
  CIRCLE     0.04000                                  DARK 
  CIRCLE     0.04500                                  DARK 
  CIRCLE     0.06000                                  DARK 
  CIRCLE     0.06200                                  DARK 
  CIRCLE     0.07000                                  DARK 
  CIRCLE     0.07090                                  DARK 
  CIRCLE     0.08000                                  DARK 
  CIRCLE     0.09000                                  DARK 
  CIRCLE     0.10000                                  DARK 
  CIRCLE     0.11000                                  DARK 
  CIRCLE     0.17600                                  DARK 
  RECTANGLE  0.03937     x 0.08268      90.000 NO     DARK 
  RECTANGLE  0.04331     x 0.10236      90.000 NO     DARK 
  OBLONG     0.03346     x 0.04134      90.000 NO     DARK 
  OBLONG     0.05118     x 0.07874      90.000 NO     DARK 
  OBLONG     0.05551     x 0.10276      90.000 NO     DARK 
  OBLONG     0.05551     x 0.12638      90.000 NO     DARK 

     art07 created.


================================================================
     PROCESSING FILM < plane06 >
     TO FILE < D:/MyProject/SDHCAL_DAQ/PCB&Schematic/SDHCalDIF/Allegro/plane06.art > ...
================================================================

  FILM PARAMETERS :
  ---------------------------------------------------------
  Undefined line width                5.00
  Suppress shape fill on neg film     NO
  Mirror code                         NONE
  Rotate angle                        NONE
  Offset x:                           0.00
  Offset y:                           0.00
  Plot negative                       YES
  Suppress unconnected internal pads  NO
  Draw holes only                     NO

    WARNING: No Photoplot Outline was found,
negative shape outline will be determined by Board Outline


  APERTURES USED:
  ---------------------------------------------------------
  TYPE       SIZE/NAME                   ROT   MIRROR MODE 
  ---------------------------------------------------------
  CIRCLE     0.00500                                  DARK 
  CIRCLE     0.01700                                  CLEAR
  CIRCLE     0.02500                                  CLEAR
  CIRCLE     0.05300                                  CLEAR
  CIRCLE     0.06000                                  CLEAR
  CIRCLE     0.06500                                  CLEAR
  CIRCLE     0.07480                                  CLEAR
  CIRCLE     0.08000                                  CLEAR
  CIRCLE     0.08500                                  CLEAR
  CIRCLE     0.08700                                  CLEAR
  CIRCLE     0.09500                                  CLEAR
  CIRCLE     0.10000                                  CLEAR
  CIRCLE     0.11000                                  CLEAR
  CIRCLE     0.11600                                  CLEAR
  CIRCLE     0.18600                                  CLEAR
  RECTANGLE  0.04724     x 0.12000      90.000 NO     CLEAR
  RECTANGLE  0.05500     x 0.09449      90.000 NO     CLEAR
  OBLONG     0.04134     x 0.04921      90.000 NO     CLEAR
  OBLONG     0.05906     x 0.08661      90.000 NO     CLEAR
  OBLONG     0.06535     x 0.11260      90.000 NO     CLEAR
  OBLONG     0.06535     x 0.13622      90.000 NO     CLEAR
  FLASH SYM  26                          0.000 NO     CLEAR
  FLASH SYM  80                          0.000 NO     CLEAR
  FLASH SYM  FLASH_IN40_OUT50_WEB10      0.000 NO     CLEAR
  FLASH SYM  80_1                        0.000 NO     CLEAR
  FLASH SYM  TR_18_14                    0.000 NO     CLEAR
  FLASH SYM  80                         90.000 NO     CLEAR
  FLASH SYM  FLASH_IN62OUT_80WEB_10MIL  90.000 NO     CLEAR
  FLASH SYM  80_1                      180.000 NO     CLEAR
  FLASH SYM  26                        180.000 NO     CLEAR
  FLASH SYM  80                        270.000 NO     CLEAR
  FLASH SYM  26                        270.000 NO     CLEAR
  FLASH SYM  FLASH_IN28_OUT32_WEB10    270.000 NO     CLEAR

     plane06 created with warnings


================================================================
     PROCESSING FILM < plane05 >
     TO FILE < D:/MyProject/SDHCAL_DAQ/PCB&Schematic/SDHCalDIF/Allegro/plane05.art > ...
================================================================

  FILM PARAMETERS :
  ---------------------------------------------------------
  Undefined line width                5.00
  Suppress shape fill on neg film     NO
  Mirror code                         NONE
  Rotate angle                        NONE
  Offset x:                           0.00
  Offset y:                           0.00
  Plot negative                       YES
  Suppress unconnected internal pads  NO
  Draw holes only                     NO

    WARNING: No Photoplot Outline was found,
negative shape outline will be determined by Board Outline


  APERTURES USED:
  ---------------------------------------------------------
  TYPE       SIZE/NAME                   ROT   MIRROR MODE 
  ---------------------------------------------------------
  CIRCLE     0.00500                                  DARK 
  CIRCLE     0.01700                                  CLEAR
  CIRCLE     0.02500                                  CLEAR
  CIRCLE     0.05300                                  CLEAR
  CIRCLE     0.06000                                  CLEAR
  CIRCLE     0.06500                                  CLEAR
  CIRCLE     0.08000                                  CLEAR
  CIRCLE     0.08500                                  CLEAR
  CIRCLE     0.08700                                  CLEAR
  CIRCLE     0.09500                                  CLEAR
  CIRCLE     0.10000                                  CLEAR
  CIRCLE     0.11000                                  CLEAR
  RECTANGLE  0.04724     x 0.12000      90.000 NO     CLEAR
  RECTANGLE  0.05500     x 0.09449      90.000 NO     CLEAR
  OBLONG     0.04134     x 0.04921      90.000 NO     CLEAR
  OBLONG     0.05906     x 0.08661      90.000 NO     CLEAR
  OBLONG     0.06535     x 0.11260      90.000 NO     CLEAR
  OBLONG     0.06535     x 0.13622      90.000 NO     CLEAR
  FLASH SYM  26                          0.000 NO     CLEAR
  FLASH SYM  TR_18_14                    0.000 NO     CLEAR
  FLASH SYM  FLASH_IN40_OUT50_WEB10      0.000 NO     CLEAR
  FLASH SYM  FLASH_IN146_OUT176_WEB25    0.000 NO     CLEAR
  FLASH SYM  95                          0.000 NO     CLEAR
  FLASH SYM  FLASH_IN28_OUT32_WEB10      0.000 NO     CLEAR
  FLASH SYM  100                         0.000 NO     CLEAR
  FLASH SYM  80_1                        0.000 NO     CLEAR
  FLASH SYM  FLASH_IN70_OUT90_WEB10     90.000 NO     CLEAR
  FLASH SYM  FLASH_IN62OUT_80WEB_10MIL  90.000 NO     CLEAR
  FLASH SYM  80_1                      180.000 NO     CLEAR
  FLASH SYM  FLASH_IN70_OUT90_WEB10    180.000 NO     CLEAR
  FLASH SYM  PAD5                      180.000 NO     CLEAR
  FLASH SYM  110                       180.000 NO     CLEAR
  FLASH SYM  CIR63_80                  180.000 NO     CLEAR
  FLASH SYM  26                        180.000 NO     CLEAR
  FLASH SYM  85                        180.000 NO     CLEAR
  FLASH SYM  95                        180.000 NO     CLEAR
  FLASH SYM  26                        270.000 NO     CLEAR
  FLASH SYM  FLASH_IN28_OUT32_WEB10    270.000 NO     CLEAR
  FLASH SYM  100                       270.000 NO     CLEAR
  FLASH SYM  FLASH_IN70_OUT90_WEB10    270.000 NO     CLEAR

     plane05 created with warnings


================================================================
     PROCESSING FILM < art04 >
     TO FILE < D:/MyProject/SDHCAL_DAQ/PCB&Schematic/SDHCalDIF/Allegro/art04.art > ...
================================================================

  FILM PARAMETERS :
  ---------------------------------------------------------
  Undefined line width                5.00
  Suppress shape fill on neg film     NO
  Mirror code                         NONE
  Rotate angle                        NONE
  Offset x:                           0.00
  Offset y:                           0.00
  Plot negative                       NO
  Suppress unconnected internal pads  NO
  Draw holes only                     NO



  APERTURES USED:
  ---------------------------------------------------------
  TYPE       SIZE/NAME                   ROT   MIRROR MODE 
  ---------------------------------------------------------
  CIRCLE     0.00400                                  DARK 
  CIRCLE     0.00500                                  DARK 
  CIRCLE     0.00600                                  DARK 
  CIRCLE     0.01200                                  DARK 
  CIRCLE     0.02000                                  DARK 
  CIRCLE     0.02800                                  DARK 
  CIRCLE     0.04000                                  DARK 
  CIRCLE     0.04500                                  DARK 
  CIRCLE     0.06000                                  DARK 
  CIRCLE     0.06200                                  DARK 
  CIRCLE     0.07000                                  DARK 
  CIRCLE     0.07090                                  DARK 
  CIRCLE     0.08000                                  DARK 
  CIRCLE     0.09000                                  DARK 
  CIRCLE     0.10000                                  DARK 
  CIRCLE     0.11000                                  DARK 
  CIRCLE     0.17600                                  DARK 
  RECTANGLE  0.03937     x 0.08268      90.000 NO     DARK 
  RECTANGLE  0.04331     x 0.10236      90.000 NO     DARK 
  OBLONG     0.03346     x 0.04134      90.000 NO     DARK 
  OBLONG     0.05118     x 0.07874      90.000 NO     DARK 
  OBLONG     0.05551     x 0.10276      90.000 NO     DARK 
  OBLONG     0.05551     x 0.12638      90.000 NO     DARK 

     art04 created.


================================================================
     PROCESSING FILM < plane03 >
     TO FILE < D:/MyProject/SDHCAL_DAQ/PCB&Schematic/SDHCalDIF/Allegro/plane03.art > ...
================================================================

  FILM PARAMETERS :
  ---------------------------------------------------------
  Undefined line width                5.00
  Suppress shape fill on neg film     NO
  Mirror code                         NONE
  Rotate angle                        NONE
  Offset x:                           0.00
  Offset y:                           0.00
  Plot negative                       YES
  Suppress unconnected internal pads  NO
  Draw holes only                     NO

    WARNING: No Photoplot Outline was found,
negative shape outline will be determined by Board Outline


  APERTURES USED:
  ---------------------------------------------------------
  TYPE       SIZE/NAME                   ROT   MIRROR MODE 
  ---------------------------------------------------------
  CIRCLE     0.00500                                  DARK 
  CIRCLE     0.01700                                  CLEAR
  CIRCLE     0.02500                                  CLEAR
  CIRCLE     0.05300                                  CLEAR
  CIRCLE     0.06000                                  CLEAR
  CIRCLE     0.06500                                  CLEAR
  CIRCLE     0.07480                                  CLEAR
  CIRCLE     0.08000                                  CLEAR
  CIRCLE     0.08500                                  CLEAR
  CIRCLE     0.08700                                  CLEAR
  CIRCLE     0.09500                                  CLEAR
  CIRCLE     0.10000                                  CLEAR
  CIRCLE     0.11000                                  CLEAR
  CIRCLE     0.11600                                  CLEAR
  CIRCLE     0.18600                                  CLEAR
  OBLONG     0.04134     x 0.04921      90.000 NO     CLEAR
  OBLONG     0.05906     x 0.08661      90.000 NO     CLEAR
  FLASH SYM  26                          0.000 NO     CLEAR
  FLASH SYM  FLASH_IN146_OUT176_WEB25    0.000 NO     CLEAR
  FLASH SYM  FLASH_IN28_OUT32_WEB10      0.000 NO     CLEAR
  FLASH SYM  TR_18_14                    0.000 NO     CLEAR
  FLASH SYM  80_1                        0.000 NO     CLEAR
  FLASH SYM  FLASH_IN40_OUT50_WEB10      0.000 NO     CLEAR
  FLASH SYM  100                         0.000 NO     CLEAR
  FLASH SYM  FLASH_IN62OUT_80WEB_10MIL  90.000 NO     CLEAR
  FLASH SYM  FLASH_OBLONG_60X110_80X_1  90.000 NO     CLEAR
  FLASH SYM  80_1                       90.000 NO     CLEAR
  FLASH SYM  FLASH_RECT_50X110_70X130_  90.000 NO     CLEAR
  FLASH SYM  FLASH_RECT_48X90_68X110_4  90.000 NO     CLEAR
  FLASH SYM  FLASH_OBLONG_60X136_80X15  90.000 NO     CLEAR
  FLASH SYM  FLASH_IN70_OUT90_WEB10     90.000 NO     CLEAR
  FLASH SYM  26                        180.000 NO     CLEAR
  FLASH SYM  80_1                      180.000 NO     CLEAR
  FLASH SYM  FLASH_IN70_OUT90_WEB10    180.000 NO     CLEAR
  FLASH SYM  80                        270.000 NO     CLEAR
  FLASH SYM  26                        270.000 NO     CLEAR

     plane03 created with warnings


================================================================
     PROCESSING FILM < plane02 >
     TO FILE < D:/MyProject/SDHCAL_DAQ/PCB&Schematic/SDHCalDIF/Allegro/plane02.art > ...
================================================================

  FILM PARAMETERS :
  ---------------------------------------------------------
  Undefined line width                5.00
  Suppress shape fill on neg film     NO
  Mirror code                         NONE
  Rotate angle                        NONE
  Offset x:                           0.00
  Offset y:                           0.00
  Plot negative                       YES
  Suppress unconnected internal pads  NO
  Draw holes only                     NO

    WARNING: No Photoplot Outline was found,
negative shape outline will be determined by Board Outline


  APERTURES USED:
  ---------------------------------------------------------
  TYPE       SIZE/NAME                   ROT   MIRROR MODE 
  ---------------------------------------------------------
  CIRCLE     0.00500                                  DARK 
  CIRCLE     0.01700                                  CLEAR
  CIRCLE     0.02500                                  CLEAR
  CIRCLE     0.05300                                  CLEAR
  CIRCLE     0.06000                                  CLEAR
  CIRCLE     0.06500                                  CLEAR
  CIRCLE     0.08000                                  CLEAR
  CIRCLE     0.08500                                  CLEAR
  CIRCLE     0.08700                                  CLEAR
  CIRCLE     0.09500                                  CLEAR
  CIRCLE     0.10000                                  CLEAR
  CIRCLE     0.11000                                  CLEAR
  RECTANGLE  0.04724     x 0.12000      90.000 NO     CLEAR
  RECTANGLE  0.05500     x 0.09449      90.000 NO     CLEAR
  OBLONG     0.04134     x 0.04921      90.000 NO     CLEAR
  OBLONG     0.05906     x 0.08661      90.000 NO     CLEAR
  OBLONG     0.06535     x 0.11260      90.000 NO     CLEAR
  OBLONG     0.06535     x 0.13622      90.000 NO     CLEAR
  FLASH SYM  26                          0.000 NO     CLEAR
  FLASH SYM  TR_18_14                    0.000 NO     CLEAR
  FLASH SYM  FLASH_IN40_OUT50_WEB10      0.000 NO     CLEAR
  FLASH SYM  FLASH_IN146_OUT176_WEB25    0.000 NO     CLEAR
  FLASH SYM  95                          0.000 NO     CLEAR
  FLASH SYM  FLASH_IN28_OUT32_WEB10      0.000 NO     CLEAR
  FLASH SYM  100                         0.000 NO     CLEAR
  FLASH SYM  80_1                        0.000 NO     CLEAR
  FLASH SYM  FLASH_IN70_OUT90_WEB10     90.000 NO     CLEAR
  FLASH SYM  FLASH_IN62OUT_80WEB_10MIL  90.000 NO     CLEAR
  FLASH SYM  80_1                      180.000 NO     CLEAR
  FLASH SYM  FLASH_IN70_OUT90_WEB10    180.000 NO     CLEAR
  FLASH SYM  PAD5                      180.000 NO     CLEAR
  FLASH SYM  110                       180.000 NO     CLEAR
  FLASH SYM  CIR63_80                  180.000 NO     CLEAR
  FLASH SYM  26                        180.000 NO     CLEAR
  FLASH SYM  85                        180.000 NO     CLEAR
  FLASH SYM  95                        180.000 NO     CLEAR
  FLASH SYM  26                        270.000 NO     CLEAR
  FLASH SYM  FLASH_IN28_OUT32_WEB10    270.000 NO     CLEAR
  FLASH SYM  100                       270.000 NO     CLEAR
  FLASH SYM  FLASH_IN70_OUT90_WEB10    270.000 NO     CLEAR

     plane02 created with warnings


================================================================
     PROCESSING FILM < art01 >
     TO FILE < D:/MyProject/SDHCAL_DAQ/PCB&Schematic/SDHCalDIF/Allegro/art01.art > ...
================================================================

  FILM PARAMETERS :
  ---------------------------------------------------------
  Undefined line width                5.00
  Suppress shape fill on neg film     NO
  Mirror code                         NONE
  Rotate angle                        NONE
  Offset x:                           0.00
  Offset y:                           0.00
  Plot negative                       NO
  Suppress unconnected internal pads  NO
  Draw holes only                     NO



  APERTURES USED:
  ---------------------------------------------------------
  TYPE       SIZE/NAME                   ROT   MIRROR MODE 
  ---------------------------------------------------------
  CIRCLE     0.00400                                  DARK 
  CIRCLE     0.00500                                  DARK 
  CIRCLE     0.00600                                  DARK 
  CIRCLE     0.00800                                  DARK 
  CIRCLE     0.01000                                  DARK 
  CIRCLE     0.01200                                  DARK 
  CIRCLE     0.01600                                  DARK 
  CIRCLE     0.02000                                  DARK 
  CIRCLE     0.02400                                  DARK 
  CIRCLE     0.02598                                  DARK 
  CIRCLE     0.02800                                  DARK 
  CIRCLE     0.04000                                  DARK 
  CIRCLE     0.05200                                  DARK 
  CIRCLE     0.06000                                  DARK 
  CIRCLE     0.06200                                  DARK 
  CIRCLE     0.07000                                  DARK 
  CIRCLE     0.07090                                  DARK 
  CIRCLE     0.09000                                  DARK 
  CIRCLE     0.10000                                  DARK 
  CIRCLE     0.11000                                  DARK 
  CIRCLE     0.17600                                  DARK 
  SQUARE     0.03150                     0.000 NO     DARK 
  SQUARE     0.06000                     0.000 NO     DARK 
  SQUARE     0.06200                     0.000 NO     DARK 
  SQUARE     0.07000                     0.000 NO     DARK 
  SQUARE     0.08000                     0.000 NO     DARK 
  SQUARE     0.08465                     0.000 NO     DARK 
  SQUARE     0.11000                     0.000 NO     DARK 
  SQUARE     0.11811                     0.000 NO     DARK 
  SQUARE     0.13000                     0.000 NO     DARK 
  RECTANGLE  0.01000     x 0.03400       0.000 NO     DARK 
  RECTANGLE  0.01102     x 0.09252      90.000 NO     DARK 
  RECTANGLE  0.01200     x 0.07000      90.000 NO     DARK 
  RECTANGLE  0.01300     x 0.03300      90.000 NO     DARK 
  RECTANGLE  0.01378     x 0.04134       0.000 NO     DARK 
  RECTANGLE  0.02500     x 0.02000       0.000 NO     DARK 
  RECTANGLE  0.02500     x 0.02000      90.000 NO     DARK 
  RECTANGLE  0.02500     x 0.02000     135.000 NO     DARK 
  RECTANGLE  0.03000     x 0.03200       0.000 NO     DARK 
  RECTANGLE  0.03000     x 0.03200      90.000 NO     DARK 
  RECTANGLE  0.03200     x 0.03500       0.000 NO     DARK 
  RECTANGLE  0.03200     x 0.03500      90.000 NO     DARK 
  RECTANGLE  0.03400     x 0.01000       0.000 NO     DARK 
  RECTANGLE  0.03937     x 0.01102       0.000 NO     DARK 
  RECTANGLE  0.03937     x 0.01102      90.000 NO     DARK 
  RECTANGLE  0.03937     x 0.02756      90.000 NO     DARK 
  RECTANGLE  0.03937     x 0.08268      90.000 NO     DARK 
  RECTANGLE  0.04000     x 0.05000       0.000 NO     DARK 
  RECTANGLE  0.04000     x 0.05000      90.000 NO     DARK 
  RECTANGLE  0.04134     x 0.01378       0.000 NO     DARK 
  RECTANGLE  0.04134     x 0.01496       0.000 NO     DARK 
  RECTANGLE  0.04200     x 0.02400       0.000 NO     DARK 
  RECTANGLE  0.04200     x 0.02400      90.000 NO     DARK 
  RECTANGLE  0.04331     x 0.10236      90.000 NO     DARK 
  RECTANGLE  0.04600     x 0.02000      90.000 NO     DARK 
  RECTANGLE  0.05315     x 0.01575       0.000 NO     DARK 
  RECTANGLE  0.05600     x 0.01400       0.000 NO     DARK 
  RECTANGLE  0.06000     x 0.12500       0.000 NO     DARK 
  RECTANGLE  0.06300     x 0.05900      45.000 NO     DARK 
  RECTANGLE  0.07000     x 0.08000       0.000 NO     DARK 
  RECTANGLE  0.08000     x 0.09000       0.000 NO     DARK 
  RECTANGLE  0.10000     x 0.02000       0.000 NO     DARK 
  RECTANGLE  0.10630     x 0.04720       0.000 NO     DARK 
  RECTANGLE  0.11417     x 0.07480      90.000 NO     DARK 
  OBLONG     0.03346     x 0.04134      90.000 NO     DARK 
  OBLONG     0.05118     x 0.07874      90.000 NO     DARK 
  OBLONG     0.05551     x 0.10276      90.000 NO     DARK 
  OBLONG     0.05551     x 0.12638      90.000 NO     DARK 

     art01 created.


------------------------------------------------------
 SUMMARY:
        adbottom created with warnings
        adtop created.
        drill created with warnings
        pastebottom created.
        pastetop created.
        silkbottom created.
        silktop created.
        soldbottom created.
        soldtop created.
        art10 created.
        plane09 created with warnings
        plane08 created with warnings
        art07 created.
        plane06 created with warnings
        plane05 created with warnings
        art04 created.
        plane03 created with warnings
        plane02 created with warnings
        art01 created.

 ARTWORK had warnings
