(---------------------------------------------------------------------)
(                                                                     )
(    QUICKPLACE LOG                                                   )
(                                                                     )
(    Drawing          : SDHCalDIF.brd                                 )
(    Software Version : 16.6S025                                      )
(    Date/Time        : Tue Apr 10 18:10:46 2018                      )
(                                                                     )
(---------------------------------------------------------------------)


State: Placing on layer TOP

         Placed symbol:  U18 / LTM4644-1_1_LTM4644_1_LTM4644-1 / LTM4644_1 at (303.28 8862.33)
         Placed symbol:  U15 / TPS74401_QFN65P500X500-21_TPS74 / QFN65P500X500-21 at (735.50 8809.18)
         Placed symbol:  U17 / TPS74401_QFN65P500X500-21_TPS74 / QFN65P500X500-21 at (996.46 8809.18)
         Placed symbol:  U16 / TPS386000_TPS386000-VQFN_TPS386 / TPS386000-VQFN at (1146.98 8703.66)
         Placed symbol:  J13 / 4 HEADER_SIP-4P-156_DC JACK / SIP-4P-156 at (1643.96 8839.16)
         Placed symbol:  C152 / CAP NP_SC1206_47UF / SC1206 at (2059.46 8722.66)
         Placed symbol:  C153 / CAP NP_SC1206_47UF / SC1206 at (2242.46 8722.66)
         Placed symbol:  C155 / CAP NP_SC1206_47UF / SC1206 at (2425.46 8722.66)
         Placed symbol:  C150 / CAP NP_SC1206_47UF / SC1206 at (2608.46 8722.66)
         Placed symbol:  C158 / CAP NP_SC1206_47UF / SC1206 at (2791.46 8722.66)
         Placed symbol:  C149 / CAP NP_SC1206_47UF / SC1206 at (2974.46 8722.66)
         Placed symbol:  C151 / CAP NP_0_SC0603_100N / SC0603 at (3119.96 8706.66)
         Placed symbol:  C154 / CAP NP_0_SC0603_100N / SC0603 at (3227.96 8706.66)
         Placed symbol:  C156 / CAP NP_SC1206_47UF / SC1206 at (3373.46 8722.66)
         Placed symbol:  C161 / CAP NP_SC0805_10UF / SC0805 at (3543.96 8722.16)
         Placed symbol:  C159 / CAP NP_SC1206_47UF / SC1206 at (3712.46 8722.66)
         Placed symbol:  C162 / CAP NP_SC0805_10UF / SC0805 at (3882.96 8722.16)
         Placed symbol:  C163 / CAP NP_SC0805_10UF / SC0805 at (4038.96 8722.16)
         Placed symbol:  C164 / CAP NP_SC0805_10UF / SC0805 at (4194.96 8722.16)
         Placed symbol:  C157 / CAP NP_0_SC0603_100N / SC0603 at (4325.96 8706.66)
         Placed symbol:  L3 / INDUCTOR_SL1812_10UH / SL1812 at (4508.96 8752.66)
         Placed symbol:  L4 / INDUCTOR_1_SL0805_MAGBEAD / SL0805 at (4708.89 8722.76)
         Placed symbol:  L5 / INDUCTOR_1_SL0805_MAGBEAD / SL0805 at (4850.75 8722.76)
         Placed symbol:  L6 / INDUCTOR_1_SL0805_MAGBEAD / SL0805 at (4992.61 8722.76)
         Placed symbol:  C134 / CAPACITOR NP_SC0603_100N / SC0603 at (5117.54 8706.66)
         Placed symbol:  C160 / CAP NP_0_SC0603_100N / SC0603 at (5225.54 8706.66)
         Placed symbol:  R81 / RESISTOR_SR0603_100K / SR0603 at (5332.54 8705.16)
         Placed symbol:  C137 / CAPACITOR NP_SC0603_100N / SC0603 at (5439.54 8706.66)
         Placed symbol:  R101 / RESISTOR_SR0603_100K / SR0603 at (5546.54 8705.16)
         Placed symbol:  R85 / RESISTOR_SR0603_100K / SR0603 at (5652.54 8705.16)
         Placed symbol:  R89 / RESISTOR_SR0603_100K / SR0603 at (5758.54 8705.16)
         Placed symbol:  R102 / R_0603_SR0603_40.2K / SR0603 at (5864.54 8705.16)
         Placed symbol:  R105 / R_0603_SR0603_40.2K / SR0603 at (57.00 9067.50)
         Placed symbol:  R103 / R_0603_SR0603_60.2K / SR0603 at (163.00 9067.50)
         Placed symbol:  R104 / R_0603_SR0603_0 / SR0603 at (269.00 9067.50)
         Placed symbol:  R114 / R_0603_SR0603_0 / SR0603 at (375.00 9067.50)
         Placed symbol:  R106 / R_0603_SR0603_20K / SR0603 at (481.00 9067.50)
         Placed symbol:  R107 / R_0603_SR0603_X / SR0603 at (587.00 9067.50)
         Placed symbol:  R110 / R_0603_SR0603_X / SR0603 at (693.00 9067.50)
         Placed symbol:  R113 / R_0603_SR0603_X / SR0603 at (799.00 9067.50)
         Placed symbol:  R108 / R_0603_SR0603_68K / SR0603 at (905.00 9067.50)
         Placed symbol:  R111 / R_0603_SR0603_68K / SR0603 at (1011.00 9067.50)
         Placed symbol:  R109 / R_0603_SR0603_15K / SR0603 at (1117.00 9067.50)
         Placed symbol:  R112 / R_0603_SR0603_21K / SR0603 at (1223.00 9067.50)
         Placed symbol:  R77 / RESISTOR_SR0603_1.5K / SR0603 at (1329.00 9067.50)
         Placed symbol:  R79 / RESISTOR_SR0603_1.5K / SR0603 at (1435.00 9067.50)
         Placed symbol:  R83 / RESISTOR_SR0603_33K / SR0603 at (1541.00 9067.50)
         Placed symbol:  L7 / INDUCTOR_1_SL0805_MAGBEAD / SL0805 at (1664.93 9085.10)
         Placed symbol:  R82 / RESISTOR_SR0603_100K / SR0603 at (1788.86 9067.50)
         Placed symbol:  R93 / RESISTOR_SR0603_6.04K / SR0603 at (1894.86 9067.50)
         Placed symbol:  R98 / RESISTOR_SR0603_6.04K / SR0603 at (2000.86 9067.50)
         Placed symbol:  R90 / RESISTOR_SR0603_4.02K / SR0603 at (2106.86 9067.50)
         Placed symbol:  R92 / RESISTOR_SR0603_3K / SR0603 at (2212.86 9067.50)
         Placed symbol:  R95 / RESISTOR_SR0603_20K / SR0603 at (2318.86 9067.50)
         Placed symbol:  R84 / RESISTOR_SR0603_100K / SR0603 at (2424.86 9067.50)
         Placed symbol:  R88 / RESISTOR_SR0603_6.04K / SR0603 at (2530.86 9067.50)
         Placed symbol:  R87 / RESISTOR_SR0603_33K / SR0603 at (2636.86 9067.50)
         Placed symbol:  R78 / R_SR0603_100K / SR0603 at (2742.86 9067.50)
         Placed symbol:  C135 / CAPACITOR NP_SC0603_4.7U / SC0603 at (2849.86 9069.00)
         Placed symbol:  C139 / CAPACITOR NP_SC0603_4.7U / SC0603 at (2957.86 9069.00)
         Placed symbol:  C141 / CAPACITOR NP_SC0603_4.7U / SC0603 at (3065.86 9069.00)
         Placed symbol:  C148 / CAPACITOR NP_SC0603_4.7U / SC0603 at (3173.86 9069.00)
         Placed symbol:  D14 / LED_SD0805_GREEN / SD0805 at (3301.86 9077.50)
         Placed symbol:  D15 / LED_SD0805_GREEN / SD0805 at (3449.86 9077.50)
         Placed symbol:  D16 / LED_SD0805_GREEN / SD0805 at (3597.86 9077.50)
         Placed symbol:  D17 / LED_SD0805_GREEN / SD0805 at (3745.86 9077.50)
         Placed symbol:  D18 / LED_SD0805_GREEN / SD0805 at (3893.86 9077.50)
         Placed symbol:  D19 / LED_SD0805_GREEN / SD0805 at (4041.86 9077.50)
         Placed symbol:  D20 / LED_SD0805_GREEN / SD0805 at (4189.86 9077.50)
         Placed symbol:  BT2 / BUTTON_INDC2-200-M_BUTTON / INDC2-200-M at (4422.94 9202.59)
         Placed symbol:  C132 / CAPACITOR POL_STC3528_10U / STC3528 at (4727.54 9114.50)
         Placed symbol:  C133 / CAPACITOR POL_STC3528_10U / STC3528 at (4997.54 9114.50)
         Placed symbol:  C136 / CAPACITOR POL_STC3528_10U / STC3528 at (5267.54 9114.50)
         Placed symbol:  C138 / CAPACITOR POL_STC3528_10U / STC3528 at (5537.54 9114.50)
         Placed symbol:  C146 / CAPACITOR POL_STC3528_10U / STC3528 at (5807.54 9114.50)
         Placed symbol:  C147 / CAPACITOR NP_SC0603_1N / SC0603 at (58.00 9391.09)
         Placed symbol:  C140 / CAPACITOR NP_SC0603_470P / SC0603 at (166.00 9391.09)
         Placed symbol:  C142 / CAPACITOR NP_SC0603_22N / SC0603 at (274.00 9391.09)
         Placed symbol:  C143 / CAPACITOR NP_SC0603_22N / SC0603 at (382.00 9391.09)
         Placed symbol:  C144 / CAPACITOR NP_SC0603_22N / SC0603 at (490.00 9391.09)
         Placed symbol:  C145 / CAPACITOR NP_SC0603_22N / SC0603 at (598.00 9391.09)
         Placed symbol:  R91 / RESISTOR_SR0603_X / SR0603 at (705.00 9389.59)
         Placed symbol:  R75 / RESISTOR_SR0603_0 / SR0603 at (811.00 9389.59)
         Placed symbol:  R76 / RESISTOR_SR0603_0 / SR0603 at (917.00 9389.59)
         Placed symbol:  R80 / RESISTOR_SR0603_68K / SR0603 at (1023.00 9389.59)
         Placed symbol:  R86 / RESISTOR_SR0603_13K / SR0603 at (1129.00 9389.59)
         Placed symbol:  R115 / RESISTOR_SR0603_10K / SR0603 at (1235.00 9389.59)
         Placed symbol:  R116 / RESISTOR_SR0603_10K / SR0603 at (1341.00 9389.59)
         Placed symbol:  R117 / RESISTOR_SR0603_10K / SR0603 at (1447.00 9389.59)
         Placed symbol:  R118 / RESISTOR_SR0603_10K / SR0603 at (1553.00 9389.59)
         Placed symbol:  R94 / RESISTOR_SR0603_10K / SR0603 at (1659.00 9389.59)
         Placed symbol:  R96 / RESISTOR_SR0603_10K / SR0603 at (1765.00 9389.59)
         Placed symbol:  R100 / R_SR0603_0 / SR0603 at (1871.00 9389.59)
         Placed symbol:  R97 / R_SR0603_0 / SR0603 at (1977.00 9389.59)
         Placed symbol:  R99 / R_SR0603_0 / SR0603 at (2083.00 9389.59)
         Placed symbol:  C131 / CAPACITOR NP_SC0603_100N / SC0603 at (2190.00 9391.09)


Placed 96 of 96 applicable (96 total) symbols.

-----------------------------------------------------------------------

