Tue Apr 10 16:57:22 2018				Page     1


 
Update Symbols/Modules Logfile
	Tue Apr 10 16:57:22 2018

------ Module Refresh Messages ------

SUMMARY:    Updated 0 out of 0 modules

------ End Module Messages     ------



(---------------------------------------------------------------------)
(                                                                     )
(    Refresh Symbol                                                   )
(                                                                     )
(    Drawing          : SDHCalDIF.brd                                 )
(    Software Version : 16.6S025                                      )
(    Date/Time        : Tue Apr 10 16:57:22 2018                      )
(                                                                     )
(---------------------------------------------------------------------)


Tue Apr 10 16:57:22 2018				Page     1


------ Symbol Refresh Directives ------

Input design = 'D:/MyProject/SDHCAL_DAQ/PCB&Schematic/SDHCalDIF/Allegro/SDHCalDIF.brd'
Output design = ''
Update mechanical symbols = 'NO'
Update format symbols = 'NO'
Update package symbols = 'NO'
Update shape/flash symbols = 'NO'
Update symbol padstacks = 'NO'
Reset symbol text and size locations = 'NO'
Reset Pin Escapes (fanouts) = 'NO'
Ripup Etch = 'NO'
Reset custom drill data = 'NO'
Symbol list file = 'C:/Users/wyu08/AppData/Local/Temp/#Taaaaec04704.tmp'


------ Library Paths ------
PSMPATH =  . 
           symbols 
           .. 
           ../symbols 
           D:/Cadence/SPB_16.6/share/local/pcb/symbols 
           D:/Cadence/SPB_16.6/share/pcb/pcb_lib/symbols 
           D:/Cadence/SPB_16.6/share/pcb/allegrolib/symbols 
           D:/Cadence_workspace/Cadence Library/Allegro Library/Allegro Library/BGO_FEE_Library/ 
           D:/Cadence_workspace/Cadence Library/Allegro Library/Allegro Library/FEE_DAQ_Library/ 

PADPATH =  D:/Cadence_workspace/Cadence Library/Allegro Library/Allegro Library/BGO_FEE_Library/ 
           . 
           symbols 
           .. 
           ../symbols 
           D:/Cadence/SPB_16.6/share/local/pcb/padstacks 
           D:/Cadence/SPB_16.6/share/pcb/pcb_lib/symbols 
           D:/Cadence/SPB_16.6/share/pcb/allegrolib/symbols 
           D:/Cadence_workspace/Cadence Library/Allegro Library/Allegro Library/DAQ_CARD_Library/pad/ 
           D:/Cadence_workspace/Cadence Library/Allegro Library/Allegro Library/FEE_DAQ_Library/ 


------ Symbol Refresh Messages ------

'ERNI154767MALECONNECTOR'  symbol refreshed successfully.


----- Symbol Update Summary ----

Updated symbols: 1 out 1
    Design updated.

