{ Using PSTWRITER 16.6.0 d001Apr-26-2018 at 09:48:46 }

#1 WARNING(ORCAP-36038): "No_connect" property on Pin "U8.20" ignored for U8: InterfaceToDAQ, InterfaceToDAQ (116.84, 10.16). Connecting pin to net "PLUG2_VCOM2".
#2 WARNING(ORCAP-36038): "No_connect" property on Pin "U8.10" ignored for U8: InterfaceToDAQ, InterfaceToDAQ (116.84, 10.16). Connecting pin to net "DTCC_CONTROL2IN_N".
#3 WARNING(ORCAP-36038): "No_connect" property on Pin "U7.9" ignored for U7: InterfaceToDAQ, InterfaceToDAQ (35.56, 10.16). Connecting pin to net "PLUG1_VBUS".
#4 WARNING(ORCAP-36038): "No_connect" property on Pin "U8.14" ignored for U8: InterfaceToDAQ, InterfaceToDAQ (116.84, 10.16). Connecting pin to net "DTCC_CLK2OUT_P".
#5 WARNING(ORCAP-36038): "No_connect" property on Pin "U8.11" ignored for U8: InterfaceToDAQ, InterfaceToDAQ (116.84, 10.16). Connecting pin to net "DTCC_CONTROL2IN_P".
#6 WARNING(ORCAP-36038): "No_connect" property on Pin "U8.8" ignored for U8: InterfaceToDAQ, InterfaceToDAQ (116.84, 10.16). Connecting pin to net "PLUG2_VCOM1".
#7 WARNING(ORCAP-36038): "No_connect" property on Pin "U18.C2" ignored for U18: Power, Digital Power (76.20, 22.86). Connecting pin to net "PG1.8V".
#8 WARNING(ORCAP-36038): "No_connect" property on Pin "U7.10" ignored for U7: InterfaceToDAQ, InterfaceToDAQ (35.56, 10.16). Connecting pin to net "DTCC_CLK2IN_N".
#9 WARNING(ORCAP-36038): "No_connect" property on Pin "U8.15" ignored for U8: InterfaceToDAQ, InterfaceToDAQ (116.84, 10.16). Connecting pin to net "DTCC_CLK2OUT_N".
#10 WARNING(ORCAP-36038): "No_connect" property on Pin "U7.14" ignored for U7: InterfaceToDAQ, InterfaceToDAQ (35.56, 10.16). Connecting pin to net "DTCC_DATA2OUT_P".
#11 WARNING(ORCAP-36038): "No_connect" property on Pin "U7.8" ignored for U7: InterfaceToDAQ, InterfaceToDAQ (35.56, 10.16). Connecting pin to net "PLUG1_VCOM1".
#12 WARNING(ORCAP-36038): "No_connect" property on Pin "U7.20" ignored for U7: InterfaceToDAQ, InterfaceToDAQ (35.56, 10.16). Connecting pin to net "PLUG1_VCOM2".
#13 WARNING(ORCAP-36038): "No_connect" property on Pin "U18.C3" ignored for U18: Power, Digital Power (76.20, 22.86). Connecting pin to net "PG1.0V".
#14 WARNING(ORCAP-36038): "No_connect" property on Pin "U18.F2" ignored for U18: Power, Digital Power (76.20, 22.86). Connecting pin to net "PG3.3V".
#15 WARNING(ORCAP-36038): "No_connect" property on Pin "J11.B36" ignored for J11: InterfaceToFEB, InterfaceToFEB (203.20, 33.02). Connecting pin to net "STARTREADOUT2B_B".
#16 WARNING(ORCAP-36038): "No_connect" property on Pin "U18.J2" ignored for U18: Power, Digital Power (76.20, 22.86). Connecting pin to net "PG2.5V".
#17 WARNING(ORCAP-36038): "No_connect" property on Pin "U7.19" ignored for U7: InterfaceToDAQ, InterfaceToDAQ (35.56, 10.16). Connecting pin to net "PLUG1_DATAOUT2_N".
#18 WARNING(ORCAP-36038): "No_connect" property on Pin "U7.18" ignored for U7: InterfaceToDAQ, InterfaceToDAQ (35.56, 10.16). Connecting pin to net "PLUG1_DATAOUT2_P".
#19 WARNING(ORCAP-36038): "No_connect" property on Pin "U8.19" ignored for U8: InterfaceToDAQ, InterfaceToDAQ (116.84, 10.16). Connecting pin to net "PLUG2_DATAIN2_N".
#20 WARNING(ORCAP-36038): "No_connect" property on Pin "U8.18" ignored for U8: InterfaceToDAQ, InterfaceToDAQ (116.84, 10.16). Connecting pin to net "PLUG2_DATAIN2_P".
#21 WARNING(ORCAP-36038): "No_connect" property on Pin "J11.B10" ignored for J11: InterfaceToFEB, InterfaceToFEB (203.20, 33.02). Connecting pin to net "SPARE_LVDS_N".
#22 WARNING(ORCAP-36038): "No_connect" property on Pin "J11.B9" ignored for J11: InterfaceToFEB, InterfaceToFEB (203.20, 33.02). Connecting pin to net "SPARE_LVDS_P".
#23 WARNING(ORCAP-36038): "No_connect" property on Pin "U7.15" ignored for U7: InterfaceToDAQ, InterfaceToDAQ (35.56, 10.16). Connecting pin to net "DTCC_DATA2OUT_N".
#24 WARNING(ORCAP-36038): "No_connect" property on Pin "J12.B38" ignored for J12: InterfaceToFEB, InterfaceToFEB (340.36, 33.02). Connecting pin to net "COLUMNSELECT1".
#25 WARNING(ORCAP-36038): "No_connect" property on Pin "J12.A39" ignored for J12: InterfaceToFEB, InterfaceToFEB (340.36, 33.02). Connecting pin to net "COLUMNSELECT2".
#26 WARNING(ORCAP-36038): "No_connect" property on Pin "U7.11" ignored for U7: InterfaceToDAQ, InterfaceToDAQ (35.56, 10.16). Connecting pin to net "DTCC_CLK2IN_P".
#27 WARNING(ORCAP-36038): "No_connect" property on Pin "U8.21" ignored for U8: InterfaceToDAQ, InterfaceToDAQ (116.84, 10.16). Connecting pin to net "PLUG2_VBUS".
#28 WARNING(ORCAP-36006): Part Name "CONN_1_ERNI154767MALECONNECTOR_CONN" is renamed to "CONN_1_ERNI154767MALECONNECTOR_".
#29 WARNING(ORCAP-36042): Pin "GND" is renamed to "GND#1" as visible power pin of same name already exists in Package CONN_1 , J10: InterfaceToFEB, InterfaceToFEB (63.50, 33.02).
#30 WARNING(ORCAP-36042): Pin "GND" is renamed to "GND#2" as visible power pin of same name already exists in Package CONN_1 , J10: InterfaceToFEB, InterfaceToFEB (63.50, 33.02).
#31 WARNING(ORCAP-36042): Pin "GND" is renamed to "GND#3" as visible power pin of same name already exists in Package CONN_1 , J10: InterfaceToFEB, InterfaceToFEB (63.50, 33.02).
#32 WARNING(ORCAP-36042): Pin "GND" is renamed to "GND#4" as visible power pin of same name already exists in Package CONN_1 , J10: InterfaceToFEB, InterfaceToFEB (63.50, 33.02).
#33 WARNING(ORCAP-36042): Pin "GND" is renamed to "GND#5" as visible power pin of same name already exists in Package CONN_1 , J10: InterfaceToFEB, InterfaceToFEB (63.50, 33.02).
#34 WARNING(ORCAP-36042): Pin "GND" is renamed to "GND#6" as visible power pin of same name already exists in Package CONN_1 , J10: InterfaceToFEB, InterfaceToFEB (63.50, 33.02).
#35 WARNING(ORCAP-36006): Part Name "MECH_HOLE_3MM_PLATED_MECH_HOLE_3_2MM_PLATED_MECH_HOLE_3MM" is renamed to "MECH_HOLE_3MM_PLATED_MECH_HOLE_".
#36 WARNING(ORCAP-36006): Part Name "SIT9102_XO75L_SIT9102AI-283N25E125.000" is renamed to "SIT9102_XO75L_SIT9102AI-283N25E".
#37 WARNING(ORCAP-36006): Part Name "SN74LVC1T45_SN74LVC1T45-DBV_SN74LVC1T45" is renamed to "SN74LVC1T45_SN74LVC1T45-DBV_SN7".
#38 WARNING(ORCAP-36006): Part Name "REF3025_REF3025-SOT-23-3_REF3025" is renamed to "REF3025_REF3025-SOT-23-3_REF302".
#39 WARNING(ORCAP-36006): Part Name "TPS74401_QFN65P500X500-21_TPS74401" is renamed to "TPS74401_QFN65P500X500-21_TPS74".
#40 WARNING(ORCAP-36006): Part Name "TPS386000_TPS386000-VQFN_TPS386000" is renamed to "TPS386000_TPS386000-VQFN_TPS386".
#41 WARNING(ORCAP-36042): Pin "VOUT1" is renamed to "VOUT1#A1" as visible power pin of same name already exists in Package LTM4644-1_1 , U18: Power, Digital Power (76.20, 22.86).
#42 WARNING(ORCAP-36042): Pin "VOUT1" is renamed to "VOUT1#A2" as visible power pin of same name already exists in Package LTM4644-1_1 , U18: Power, Digital Power (76.20, 22.86).
#43 WARNING(ORCAP-36042): Pin "VOUT1" is renamed to "VOUT1#A3" as visible power pin of same name already exists in Package LTM4644-1_1 , U18: Power, Digital Power (76.20, 22.86).
#44 WARNING(ORCAP-36042): Pin "GND" is renamed to "GND#A4" as visible power pin of same name already exists in Package LTM4644-1_1 , U18: Power, Digital Power (76.20, 22.86).
#45 WARNING(ORCAP-36042): Pin "GND" is renamed to "GND#A5" as visible power pin of same name already exists in Package LTM4644-1_1 , U18: Power, Digital Power (76.20, 22.86).
#46 WARNING(ORCAP-36042): Pin "GND" is renamed to "GND#B1" as visible power pin of same name already exists in Package LTM4644-1_1 , U18: Power, Digital Power (76.20, 22.86).
#47 WARNING(ORCAP-36042): Pin "GND" is renamed to "GND#B2" as visible power pin of same name already exists in Package LTM4644-1_1 , U18: Power, Digital Power (76.20, 22.86).
#48 WARNING(ORCAP-36042): Pin "VIN1" is renamed to "VIN1#B3" as visible power pin of same name already exists in Package LTM4644-1_1 , U18: Power, Digital Power (76.20, 22.86).
#49 WARNING(ORCAP-36042): Pin "VIN1" is renamed to "VIN1#B4" as visible power pin of same name already exists in Package LTM4644-1_1 , U18: Power, Digital Power (76.20, 22.86).
#50 WARNING(ORCAP-36042): Pin "VOUT2" is renamed to "VOUT2#C1" as visible power pin of same name already exists in Package LTM4644-1_1 , U18: Power, Digital Power (76.20, 22.86).
#51 WARNING(ORCAP-36042): Pin "GND" is renamed to "GND#C5" as visible power pin of same name already exists in Package LTM4644-1_1 , U18: Power, Digital Power (76.20, 22.86).
#52 WARNING(ORCAP-36042): Pin "VOUT2" is renamed to "VOUT2#D1" as visible power pin of same name already exists in Package LTM4644-1_1 , U18: Power, Digital Power (76.20, 22.86).
#53 WARNING(ORCAP-36042): Pin "VOUT2" is renamed to "VOUT2#D2" as visible power pin of same name already exists in Package LTM4644-1_1 , U18: Power, Digital Power (76.20, 22.86).
#54 WARNING(ORCAP-36042): Pin "GND" is renamed to "GND#D3" as visible power pin of same name already exists in Package LTM4644-1_1 , U18: Power, Digital Power (76.20, 22.86).
#55 WARNING(ORCAP-36042): Pin "GND" is renamed to "GND#D4" as visible power pin of same name already exists in Package LTM4644-1_1 , U18: Power, Digital Power (76.20, 22.86).
#56 WARNING(ORCAP-36042): Pin "GND" is renamed to "GND#D5" as visible power pin of same name already exists in Package LTM4644-1_1 , U18: Power, Digital Power (76.20, 22.86).
#57 WARNING(ORCAP-36042): Pin "GND" is renamed to "GND#E1" as visible power pin of same name already exists in Package LTM4644-1_1 , U18: Power, Digital Power (76.20, 22.86).
#58 WARNING(ORCAP-36042): Pin "GND" is renamed to "GND#E2" as visible power pin of same name already exists in Package LTM4644-1_1 , U18: Power, Digital Power (76.20, 22.86).
#59 WARNING(ORCAP-36042): Pin "VIN2" is renamed to "VIN2#E3" as visible power pin of same name already exists in Package LTM4644-1_1 , U18: Power, Digital Power (76.20, 22.86).
#60 WARNING(ORCAP-36042): Pin "VIN2" is renamed to "VIN2#E4" as visible power pin of same name already exists in Package LTM4644-1_1 , U18: Power, Digital Power (76.20, 22.86).
#61 WARNING(ORCAP-36042): Pin "VOUT3" is renamed to "VOUT3#F1" as visible power pin of same name already exists in Package LTM4644-1_1 , U18: Power, Digital Power (76.20, 22.86).
#62 WARNING(ORCAP-36042): Pin "GND" is renamed to "GND#F5" as visible power pin of same name already exists in Package LTM4644-1_1 , U18: Power, Digital Power (76.20, 22.86).
#63 WARNING(ORCAP-36042): Pin "VOUT3" is renamed to "VOUT3#G1" as visible power pin of same name already exists in Package LTM4644-1_1 , U18: Power, Digital Power (76.20, 22.86).
#64 WARNING(ORCAP-36042): Pin "VOUT3" is renamed to "VOUT3#G2" as visible power pin of same name already exists in Package LTM4644-1_1 , U18: Power, Digital Power (76.20, 22.86).
#65 WARNING(ORCAP-36042): Pin "GND" is renamed to "GND#G3" as visible power pin of same name already exists in Package LTM4644-1_1 , U18: Power, Digital Power (76.20, 22.86).
#66 WARNING(ORCAP-36042): Pin "GND" is renamed to "GND#G4" as visible power pin of same name already exists in Package LTM4644-1_1 , U18: Power, Digital Power (76.20, 22.86).
#67 WARNING(ORCAP-36042): Pin "GND" is renamed to "GND#G5" as visible power pin of same name already exists in Package LTM4644-1_1 , U18: Power, Digital Power (76.20, 22.86).
#68 WARNING(ORCAP-36042): Pin "GND" is renamed to "GND#H1" as visible power pin of same name already exists in Package LTM4644-1_1 , U18: Power, Digital Power (76.20, 22.86).
#69 WARNING(ORCAP-36042): Pin "GND" is renamed to "GND#H2" as visible power pin of same name already exists in Package LTM4644-1_1 , U18: Power, Digital Power (76.20, 22.86).
#70 WARNING(ORCAP-36042): Pin "GND" is renamed to "GND#J5" as visible power pin of same name already exists in Package LTM4644-1_1 , U18: Power, Digital Power (76.20, 22.86).
#71 WARNING(ORCAP-36042): Pin "GND" is renamed to "GND#K3" as visible power pin of same name already exists in Package LTM4644-1_1 , U18: Power, Digital Power (76.20, 22.86).
#72 WARNING(ORCAP-36042): Pin "GND" is renamed to "GND#K4" as visible power pin of same name already exists in Package LTM4644-1_1 , U18: Power, Digital Power (76.20, 22.86).
#73 WARNING(ORCAP-36042): Pin "GND" is renamed to "GND#L1" as visible power pin of same name already exists in Package LTM4644-1_1 , U18: Power, Digital Power (76.20, 22.86).
#74 WARNING(ORCAP-36042): Pin "GND" is renamed to "GND#L2" as visible power pin of same name already exists in Package LTM4644-1_1 , U18: Power, Digital Power (76.20, 22.86).
#75 WARNING(ORCAP-36042): Pin "VIN3" is renamed to "VIN3#H3" as visible power pin of same name already exists in Package LTM4644-1_1 , U18: Power, Digital Power (76.20, 22.86).
#76 WARNING(ORCAP-36042): Pin "VIN3" is renamed to "VIN3#H4" as visible power pin of same name already exists in Package LTM4644-1_1 , U18: Power, Digital Power (76.20, 22.86).
#77 WARNING(ORCAP-36042): Pin "VOUT4" is renamed to "VOUT4#J1" as visible power pin of same name already exists in Package LTM4644-1_1 , U18: Power, Digital Power (76.20, 22.86).
#78 WARNING(ORCAP-36042): Pin "VOUT4" is renamed to "VOUT4#K1" as visible power pin of same name already exists in Package LTM4644-1_1 , U18: Power, Digital Power (76.20, 22.86).
#79 WARNING(ORCAP-36042): Pin "VOUT4" is renamed to "VOUT4#K2" as visible power pin of same name already exists in Package LTM4644-1_1 , U18: Power, Digital Power (76.20, 22.86).
#80 WARNING(ORCAP-36042): Pin "VIN4" is renamed to "VIN4#L3" as visible power pin of same name already exists in Package LTM4644-1_1 , U18: Power, Digital Power (76.20, 22.86).
#81 WARNING(ORCAP-36042): Pin "VIN4" is renamed to "VIN4#L4" as visible power pin of same name already exists in Package LTM4644-1_1 , U18: Power, Digital Power (76.20, 22.86).
#82 WARNING(ORCAP-36006): Part Name "74441-0010_LASER22-4816-M_74441-0010" is renamed to "74441-0010_LASER22-4816-M_74441".
#83 WARNING(ORCAP-36006): Part Name "CY7C68013A_0_SOP56-25-300_CY7C68013A" is renamed to "CY7C68013A_0_SOP56-25-300_CY7C6".
#84 WARNING(ORCAP-36006): Part Name "MICROUSBMOLEX47590-0001_MICROUSBMOLEX47590_0001_MOLEX47590-0001" is renamed to "MICROUSBMOLEX47590-0001_MICROUS".
#85 WARNING(ORCAP-36006): Part Name "TPS3820-33_TPS3820-33-SOT23_TPS3820-33" is renamed to "TPS3820-33_TPS3820-33-SOT23_TPS".
#86 WARNING(ORCAP-36042): Pin "VCC" is renamed to "VCC#1" as visible power pin of same name already exists in Package ADN2815 , U25: SFP, SFP Regular IO (109.22, 124.46).
#87 WARNING(ORCAP-36042): Pin "VCC" is renamed to "VCC#2" as visible power pin of same name already exists in Package ADN2815 , U25: SFP, SFP Regular IO (109.22, 124.46).
#88 WARNING(ORCAP-36042): Pin "VEE" is renamed to "VEE#8" as visible power pin of same name already exists in Package ADN2815 , U25: SFP, SFP Regular IO (109.22, 124.46).
#89 WARNING(ORCAP-36042): Pin "VCC" is renamed to "VCC#12" as visible power pin of same name already exists in Package ADN2815 , U25: SFP, SFP Regular IO (109.22, 124.46).
#90 WARNING(ORCAP-36042): Pin "VEE" is renamed to "VEE#13" as visible power pin of same name already exists in Package ADN2815 , U25: SFP, SFP Regular IO (109.22, 124.46).
#91 WARNING(ORCAP-36042): Pin "VEE" is renamed to "VEE#17" as visible power pin of same name already exists in Package ADN2815 , U25: SFP, SFP Regular IO (109.22, 124.46).
#92 WARNING(ORCAP-36042): Pin "VCC" is renamed to "VCC#18" as visible power pin of same name already exists in Package ADN2815 , U25: SFP, SFP Regular IO (109.22, 124.46).
#93 WARNING(ORCAP-36042): Pin "VEE" is renamed to "VEE#23" as visible power pin of same name already exists in Package ADN2815 , U25: SFP, SFP Regular IO (109.22, 124.46).
#94 WARNING(ORCAP-36042): Pin "VCC" is renamed to "VCC#24" as visible power pin of same name already exists in Package ADN2815 , U25: SFP, SFP Regular IO (109.22, 124.46).
#95 WARNING(ORCAP-36042): Pin "VEE" is renamed to "VEE#30" as visible power pin of same name already exists in Package ADN2815 , U25: SFP, SFP Regular IO (109.22, 124.46).
#96 WARNING(ORCAP-36042): Pin "VCC" is renamed to "VCC#31" as visible power pin of same name already exists in Package ADN2815 , U25: SFP, SFP Regular IO (109.22, 124.46).
#97 WARNING(ORCAP-36042): Pin "VCC" is renamed to "VCC#32" as visible power pin of same name already exists in Package ADN2815 , U25: SFP, SFP Regular IO (109.22, 124.46).
#98 WARNING(ORCAP-36006): Part Name "XC7A100TFGG484_ARTIX-7-FGG484_(S1+S2+S3+S4+S5+S6+S7+S8+S9)_XC7A100TFGG484" is renamed to "XC7A100TFGG484_ARTIX-7-FGG484_(".
#99 WARNING(ORCAP-36042): Pin "GND" is renamed to "GND#D8" as visible power pin of same name already exists in Package XC7A100TFGG484I , U4A: FPGA, A7_Configuration (2.70, 0.80).
#100 WARNING(ORCAP-36042): Pin "GND" is renamed to "GND#A2" as visible power pin of same name already exists in Package XC7A100TFGG484I , U4A: FPGA, A7_Configuration (2.70, 0.80).
#101 WARNING(ORCAP-36042): Pin "GND" is renamed to "GND#A3" as visible power pin of same name already exists in Package XC7A100TFGG484I , U4A: FPGA, A7_Configuration (2.70, 0.80).
#102 WARNING(ORCAP-36042): Pin "GND" is renamed to "GND#A5" as visible power pin of same name already exists in Package XC7A100TFGG484I , U4A: FPGA, A7_Configuration (2.70, 0.80).
#103 WARNING(ORCAP-36042): Pin "GND" is renamed to "GND#A7" as visible power pin of same name already exists in Package XC7A100TFGG484I , U4A: FPGA, A7_Configuration (2.70, 0.80).
#104 WARNING(ORCAP-36042): Pin "GND" is renamed to "GND#A9" as visible power pin of same name already exists in Package XC7A100TFGG484I , U4A: FPGA, A7_Configuration (2.70, 0.80).
#105 WARNING(ORCAP-36042): Pin "GND" is renamed to "GND#A11" as visible power pin of same name already exists in Package XC7A100TFGG484I , U4A: FPGA, A7_Configuration (2.70, 0.80).
#106 WARNING(ORCAP-36042): Pin "GND" is renamed to "GND#A12" as visible power pin of same name already exists in Package XC7A100TFGG484I , U4A: FPGA, A7_Configuration (2.70, 0.80).
#107 WARNING(ORCAP-36042): Pin "GND" is renamed to "GND#A22" as visible power pin of same name already exists in Package XC7A100TFGG484I , U4A: FPGA, A7_Configuration (2.70, 0.80).
#108 WARNING(ORCAP-36042): Pin "GND" is renamed to "GND#AA2" as visible power pin of same name already exists in Package XC7A100TFGG484I , U4A: FPGA, A7_Configuration (2.70, 0.80).
#109 WARNING(ORCAP-36042): Pin "GND" is renamed to "GND#AA12" as visible power pin of same name already exists in Package XC7A100TFGG484I , U4A: FPGA, A7_Configuration (2.70, 0.80).
#110 WARNING(ORCAP-36042): Pin "GND" is renamed to "GND#AA22" as visible power pin of same name already exists in Package XC7A100TFGG484I , U4A: FPGA, A7_Configuration (2.70, 0.80).
#111 WARNING(ORCAP-36042): Pin "GND" is renamed to "GND#AB9" as visible power pin of same name already exists in Package XC7A100TFGG484I , U4A: FPGA, A7_Configuration (2.70, 0.80).
#112 WARNING(ORCAP-36042): Pin "GND" is renamed to "GND#AB19" as visible power pin of same name already exists in Package XC7A100TFGG484I , U4A: FPGA, A7_Configuration (2.70, 0.80).
#113 WARNING(ORCAP-36042): Pin "GND" is renamed to "GND#B3" as visible power pin of same name already exists in Package XC7A100TFGG484I , U4A: FPGA, A7_Configuration (2.70, 0.80).
#114 WARNING(ORCAP-36042): Pin "GND" is renamed to "GND#B12" as visible power pin of same name already exists in Package XC7A100TFGG484I , U4A: FPGA, A7_Configuration (2.70, 0.80).
#115 WARNING(ORCAP-36042): Pin "GND" is renamed to "GND#B19" as visible power pin of same name already exists in Package XC7A100TFGG484I , U4A: FPGA, A7_Configuration (2.70, 0.80).
#116 WARNING(ORCAP-36042): Pin "GND" is renamed to "GND#C3" as visible power pin of same name already exists in Package XC7A100TFGG484I , U4A: FPGA, A7_Configuration (2.70, 0.80).
#117 WARNING(ORCAP-36042): Pin "GND" is renamed to "GND#C6" as visible power pin of same name already exists in Package XC7A100TFGG484I , U4A: FPGA, A7_Configuration (2.70, 0.80).
#118 WARNING(ORCAP-36042): Pin "GND" is renamed to "GND#C10" as visible power pin of same name already exists in Package XC7A100TFGG484I , U4A: FPGA, A7_Configuration (2.70, 0.80).
#119 WARNING(ORCAP-36042): Pin "GND" is renamed to "GND#C12" as visible power pin of same name already exists in Package XC7A100TFGG484I , U4A: FPGA, A7_Configuration (2.70, 0.80).
#120 WARNING(ORCAP-36042): Pin "GND" is renamed to "GND#C16" as visible power pin of same name already exists in Package XC7A100TFGG484I , U4A: FPGA, A7_Configuration (2.70, 0.80).
#121 WARNING(ORCAP-36042): Pin "GND" is renamed to "GND#D3" as visible power pin of same name already exists in Package XC7A100TFGG484I , U4A: FPGA, A7_Configuration (2.70, 0.80).
#122 WARNING(ORCAP-36042): Pin "GND" is renamed to "GND#D4" as visible power pin of same name already exists in Package XC7A100TFGG484I , U4A: FPGA, A7_Configuration (2.70, 0.80).
#123 WARNING(ORCAP-36042): Pin "GND" is renamed to "GND#D12" as visible power pin of same name already exists in Package XC7A100TFGG484I , U4A: FPGA, A7_Configuration (2.70, 0.80).
#124 WARNING(ORCAP-36042): Pin "GND" is renamed to "GND#D13" as visible power pin of same name already exists in Package XC7A100TFGG484I , U4A: FPGA, A7_Configuration (2.70, 0.80).
#125 WARNING(ORCAP-36042): Pin "GND" is renamed to "GND#E4" as visible power pin of same name already exists in Package XC7A100TFGG484I , U4A: FPGA, A7_Configuration (2.70, 0.80).
#126 WARNING(ORCAP-36042): Pin "GND" is renamed to "GND#E5" as visible power pin of same name already exists in Package XC7A100TFGG484I , U4A: FPGA, A7_Configuration (2.70, 0.80).
#127 WARNING(ORCAP-36042): Pin "GND" is renamed to "GND#E7" as visible power pin of same name already exists in Package XC7A100TFGG484I , U4A: FPGA, A7_Configuration (2.70, 0.80).
#128 WARNING(ORCAP-36042): Pin "GND" is renamed to "GND#E9" as visible power pin of same name already exists in Package XC7A100TFGG484I , U4A: FPGA, A7_Configuration (2.70, 0.80).
#129 WARNING(ORCAP-36042): Pin "GND" is renamed to "GND#E11" as visible power pin of same name already exists in Package XC7A100TFGG484I , U4A: FPGA, A7_Configuration (2.70, 0.80).
#130 WARNING(ORCAP-36042): Pin "GND" is renamed to "GND#E20" as visible power pin of same name already exists in Package XC7A100TFGG484I , U4A: FPGA, A7_Configuration (2.70, 0.80).
#131 WARNING(ORCAP-36042): Pin "GND" is renamed to "GND#F5" as visible power pin of same name already exists in Package XC7A100TFGG484I , U4A: FPGA, A7_Configuration (2.70, 0.80).
#132 WARNING(ORCAP-36042): Pin "GND" is renamed to "GND#F11" as visible power pin of same name already exists in Package XC7A100TFGG484I , U4A: FPGA, A7_Configuration (2.70, 0.80).
#133 WARNING(ORCAP-36042): Pin "GND" is renamed to "GND#F17" as visible power pin of same name already exists in Package XC7A100TFGG484I , U4A: FPGA, A7_Configuration (2.70, 0.80).
#134 WARNING(ORCAP-36042): Pin "GND" is renamed to "GND#G5" as visible power pin of same name already exists in Package XC7A100TFGG484I , U4A: FPGA, A7_Configuration (2.70, 0.80).
#135 WARNING(ORCAP-36042): Pin "GND" is renamed to "GND#G6" as visible power pin of same name already exists in Package XC7A100TFGG484I , U4A: FPGA, A7_Configuration (2.70, 0.80).
#136 WARNING(ORCAP-36042): Pin "GND" is renamed to "GND#G7" as visible power pin of same name already exists in Package XC7A100TFGG484I , U4A: FPGA, A7_Configuration (2.70, 0.80).
#137 WARNING(ORCAP-36042): Pin "GND" is renamed to "GND#G8" as visible power pin of same name already exists in Package XC7A100TFGG484I , U4A: FPGA, A7_Configuration (2.70, 0.80).
#138 WARNING(ORCAP-36042): Pin "GND" is renamed to "GND#G9" as visible power pin of same name already exists in Package XC7A100TFGG484I , U4A: FPGA, A7_Configuration (2.70, 0.80).
#139 WARNING(ORCAP-36042): Pin "GND" is renamed to "GND#G10" as visible power pin of same name already exists in Package XC7A100TFGG484I , U4A: FPGA, A7_Configuration (2.70, 0.80).
#140 WARNING(ORCAP-36042): Pin "GND" is renamed to "GND#G12" as visible power pin of same name already exists in Package XC7A100TFGG484I , U4A: FPGA, A7_Configuration (2.70, 0.80).
#141 WARNING(ORCAP-36042): Pin "GND" is renamed to "GND#G14" as visible power pin of same name already exists in Package XC7A100TFGG484I , U4A: FPGA, A7_Configuration (2.70, 0.80).
#142 WARNING(ORCAP-36042): Pin "GND" is renamed to "GND#H1" as visible power pin of same name already exists in Package XC7A100TFGG484I , U4A: FPGA, A7_Configuration (2.70, 0.80).
#143 WARNING(ORCAP-36042): Pin "GND" is renamed to "GND#H7" as visible power pin of same name already exists in Package XC7A100TFGG484I , U4A: FPGA, A7_Configuration (2.70, 0.80).
#144 WARNING(ORCAP-36042): Pin "GND" is renamed to "GND#H9" as visible power pin of same name already exists in Package XC7A100TFGG484I , U4A: FPGA, A7_Configuration (2.70, 0.80).
#145 WARNING(ORCAP-36042): Pin "GND" is renamed to "GND#H11" as visible power pin of same name already exists in Package XC7A100TFGG484I , U4A: FPGA, A7_Configuration (2.70, 0.80).
#146 WARNING(ORCAP-36042): Pin "GND" is renamed to "GND#H21" as visible power pin of same name already exists in Package XC7A100TFGG484I , U4A: FPGA, A7_Configuration (2.70, 0.80).
#147 WARNING(ORCAP-36042): Pin "GND" is renamed to "GND#J8" as visible power pin of same name already exists in Package XC7A100TFGG484I , U4A: FPGA, A7_Configuration (2.70, 0.80).
#148 WARNING(ORCAP-36042): Pin "GND" is renamed to "GND#J10" as visible power pin of same name already exists in Package XC7A100TFGG484I , U4A: FPGA, A7_Configuration (2.70, 0.80).
#149 WARNING(ORCAP-36042): Pin "GND" is renamed to "GND#J12" as visible power pin of same name already exists in Package XC7A100TFGG484I , U4A: FPGA, A7_Configuration (2.70, 0.80).
#150 WARNING(ORCAP-36042): Pin "GND" is renamed to "GND#J18" as visible power pin of same name already exists in Package XC7A100TFGG484I , U4A: FPGA, A7_Configuration (2.70, 0.80).
#151 WARNING(ORCAP-36042): Pin "GND" is renamed to "GND#K5" as visible power pin of same name already exists in Package XC7A100TFGG484I , U4A: FPGA, A7_Configuration (2.70, 0.80).
#152 WARNING(ORCAP-36042): Pin "GND" is renamed to "GND#K7" as visible power pin of same name already exists in Package XC7A100TFGG484I , U4A: FPGA, A7_Configuration (2.70, 0.80).
#153 WARNING(ORCAP-36042): Pin "GND" is renamed to "GND#K11" as visible power pin of same name already exists in Package XC7A100TFGG484I , U4A: FPGA, A7_Configuration (2.70, 0.80).
#154 WARNING(ORCAP-36042): Pin "GND" is renamed to "GND#K15" as visible power pin of same name already exists in Package XC7A100TFGG484I , U4A: FPGA, A7_Configuration (2.70, 0.80).
#155 WARNING(ORCAP-36042): Pin "GND" is renamed to "GND#L2" as visible power pin of same name already exists in Package XC7A100TFGG484I , U4A: FPGA, A7_Configuration (2.70, 0.80).
#156 WARNING(ORCAP-36042): Pin "GND" is renamed to "GND#L8" as visible power pin of same name already exists in Package XC7A100TFGG484I , U4A: FPGA, A7_Configuration (2.70, 0.80).
#157 WARNING(ORCAP-36042): Pin "GND" is renamed to "GND#L22" as visible power pin of same name already exists in Package XC7A100TFGG484I , U4A: FPGA, A7_Configuration (2.70, 0.80).
#158 WARNING(ORCAP-36042): Pin "GND" is renamed to "GND#M7" as visible power pin of same name already exists in Package XC7A100TFGG484I , U4A: FPGA, A7_Configuration (2.70, 0.80).
#159 WARNING(ORCAP-36042): Pin "GND" is renamed to "GND#M11" as visible power pin of same name already exists in Package XC7A100TFGG484I , U4A: FPGA, A7_Configuration (2.70, 0.80).
#160 WARNING(ORCAP-36042): Pin "GND" is renamed to "GND#M19" as visible power pin of same name already exists in Package XC7A100TFGG484I , U4A: FPGA, A7_Configuration (2.70, 0.80).
#161 WARNING(ORCAP-36042): Pin "GND" is renamed to "GND#N6" as visible power pin of same name already exists in Package XC7A100TFGG484I , U4A: FPGA, A7_Configuration (2.70, 0.80).
#162 WARNING(ORCAP-36042): Pin "GND" is renamed to "GND#N8" as visible power pin of same name already exists in Package XC7A100TFGG484I , U4A: FPGA, A7_Configuration (2.70, 0.80).
#163 WARNING(ORCAP-36042): Pin "GND" is renamed to "GND#N16" as visible power pin of same name already exists in Package XC7A100TFGG484I , U4A: FPGA, A7_Configuration (2.70, 0.80).
#164 WARNING(ORCAP-36042): Pin "GND" is renamed to "GND#P3" as visible power pin of same name already exists in Package XC7A100TFGG484I , U4A: FPGA, A7_Configuration (2.70, 0.80).
#165 WARNING(ORCAP-36042): Pin "GND" is renamed to "GND#P7" as visible power pin of same name already exists in Package XC7A100TFGG484I , U4A: FPGA, A7_Configuration (2.70, 0.80).
#166 WARNING(ORCAP-36042): Pin "GND" is renamed to "GND#P9" as visible power pin of same name already exists in Package XC7A100TFGG484I , U4A: FPGA, A7_Configuration (2.70, 0.80).
#167 WARNING(ORCAP-36042): Pin "GND" is renamed to "GND#P11" as visible power pin of same name already exists in Package XC7A100TFGG484I , U4A: FPGA, A7_Configuration (2.70, 0.80).
#168 WARNING(ORCAP-36042): Pin "GND" is renamed to "GND#P13" as visible power pin of same name already exists in Package XC7A100TFGG484I , U4A: FPGA, A7_Configuration (2.70, 0.80).
#169 WARNING(ORCAP-36042): Pin "GND" is renamed to "GND#R8" as visible power pin of same name already exists in Package XC7A100TFGG484I , U4A: FPGA, A7_Configuration (2.70, 0.80).
#170 WARNING(ORCAP-36042): Pin "GND" is renamed to "GND#R10" as visible power pin of same name already exists in Package XC7A100TFGG484I , U4A: FPGA, A7_Configuration (2.70, 0.80).
#171 WARNING(ORCAP-36042): Pin "GND" is renamed to "GND#R12" as visible power pin of same name already exists in Package XC7A100TFGG484I , U4A: FPGA, A7_Configuration (2.70, 0.80).
#172 WARNING(ORCAP-36042): Pin "GND" is renamed to "GND#R20" as visible power pin of same name already exists in Package XC7A100TFGG484I , U4A: FPGA, A7_Configuration (2.70, 0.80).
#173 WARNING(ORCAP-36042): Pin "GND" is renamed to "GND#T7" as visible power pin of same name already exists in Package XC7A100TFGG484I , U4A: FPGA, A7_Configuration (2.70, 0.80).
#174 WARNING(ORCAP-36042): Pin "GND" is renamed to "GND#T9" as visible power pin of same name already exists in Package XC7A100TFGG484I , U4A: FPGA, A7_Configuration (2.70, 0.80).
#175 WARNING(ORCAP-36042): Pin "GND" is renamed to "GND#T11" as visible power pin of same name already exists in Package XC7A100TFGG484I , U4A: FPGA, A7_Configuration (2.70, 0.80).
#176 WARNING(ORCAP-36042): Pin "GND" is renamed to "GND#T17" as visible power pin of same name already exists in Package XC7A100TFGG484I , U4A: FPGA, A7_Configuration (2.70, 0.80).
#177 WARNING(ORCAP-36042): Pin "GND" is renamed to "GND#U4" as visible power pin of same name already exists in Package XC7A100TFGG484I , U4A: FPGA, A7_Configuration (2.70, 0.80).
#178 WARNING(ORCAP-36042): Pin "GND" is renamed to "GND#U14" as visible power pin of same name already exists in Package XC7A100TFGG484I , U4A: FPGA, A7_Configuration (2.70, 0.80).
#179 WARNING(ORCAP-36042): Pin "GND" is renamed to "GND#V1" as visible power pin of same name already exists in Package XC7A100TFGG484I , U4A: FPGA, A7_Configuration (2.70, 0.80).
#180 WARNING(ORCAP-36042): Pin "GND" is renamed to "GND#V11" as visible power pin of same name already exists in Package XC7A100TFGG484I , U4A: FPGA, A7_Configuration (2.70, 0.80).
#181 WARNING(ORCAP-36042): Pin "GND" is renamed to "GND#V21" as visible power pin of same name already exists in Package XC7A100TFGG484I , U4A: FPGA, A7_Configuration (2.70, 0.80).
#182 WARNING(ORCAP-36042): Pin "GND" is renamed to "GND#W8" as visible power pin of same name already exists in Package XC7A100TFGG484I , U4A: FPGA, A7_Configuration (2.70, 0.80).
#183 WARNING(ORCAP-36042): Pin "GND" is renamed to "GND#W18" as visible power pin of same name already exists in Package XC7A100TFGG484I , U4A: FPGA, A7_Configuration (2.70, 0.80).
#184 WARNING(ORCAP-36042): Pin "GND" is renamed to "GND#Y5" as visible power pin of same name already exists in Package XC7A100TFGG484I , U4A: FPGA, A7_Configuration (2.70, 0.80).
#185 WARNING(ORCAP-36042): Pin "GND" is renamed to "GND#Y15" as visible power pin of same name already exists in Package XC7A100TFGG484I , U4A: FPGA, A7_Configuration (2.70, 0.80).
#186 WARNING(ORCAP-36042): Pin "VCCINT" is renamed to "VCCINT#H8" as visible power pin of same name already exists in Package XC7A100TFGG484I , U4A: FPGA, A7_Configuration (2.70, 0.80).
#187 WARNING(ORCAP-36042): Pin "VCCINT" is renamed to "VCCINT#H10" as visible power pin of same name already exists in Package XC7A100TFGG484I , U4A: FPGA, A7_Configuration (2.70, 0.80).
#188 WARNING(ORCAP-36042): Pin "VCCINT" is renamed to "VCCINT#J7" as visible power pin of same name already exists in Package XC7A100TFGG484I , U4A: FPGA, A7_Configuration (2.70, 0.80).
#189 WARNING(ORCAP-36042): Pin "VCCINT" is renamed to "VCCINT#J9" as visible power pin of same name already exists in Package XC7A100TFGG484I , U4A: FPGA, A7_Configuration (2.70, 0.80).
#190 WARNING(ORCAP-36042): Pin "VCCINT" is renamed to "VCCINT#K8" as visible power pin of same name already exists in Package XC7A100TFGG484I , U4A: FPGA, A7_Configuration (2.70, 0.80).
#191 WARNING(ORCAP-36042): Pin "VCCINT" is renamed to "VCCINT#L7" as visible power pin of same name already exists in Package XC7A100TFGG484I , U4A: FPGA, A7_Configuration (2.70, 0.80).
#192 WARNING(ORCAP-36042): Pin "VCCINT" is renamed to "VCCINT#M8" as visible power pin of same name already exists in Package XC7A100TFGG484I , U4A: FPGA, A7_Configuration (2.70, 0.80).
#193 WARNING(ORCAP-36042): Pin "VCCINT" is renamed to "VCCINT#N7" as visible power pin of same name already exists in Package XC7A100TFGG484I , U4A: FPGA, A7_Configuration (2.70, 0.80).
#194 WARNING(ORCAP-36042): Pin "VCCINT" is renamed to "VCCINT#P8" as visible power pin of same name already exists in Package XC7A100TFGG484I , U4A: FPGA, A7_Configuration (2.70, 0.80).
#195 WARNING(ORCAP-36042): Pin "VCCINT" is renamed to "VCCINT#P10" as visible power pin of same name already exists in Package XC7A100TFGG484I , U4A: FPGA, A7_Configuration (2.70, 0.80).
#196 WARNING(ORCAP-36042): Pin "VCCINT" is renamed to "VCCINT#R7" as visible power pin of same name already exists in Package XC7A100TFGG484I , U4A: FPGA, A7_Configuration (2.70, 0.80).
#197 WARNING(ORCAP-36042): Pin "VCCINT" is renamed to "VCCINT#R9" as visible power pin of same name already exists in Package XC7A100TFGG484I , U4A: FPGA, A7_Configuration (2.70, 0.80).
#198 WARNING(ORCAP-36042): Pin "VCCINT" is renamed to "VCCINT#T8" as visible power pin of same name already exists in Package XC7A100TFGG484I , U4A: FPGA, A7_Configuration (2.70, 0.80).
#199 WARNING(ORCAP-36042): Pin "VCCINT" is renamed to "VCCINT#T10" as visible power pin of same name already exists in Package XC7A100TFGG484I , U4A: FPGA, A7_Configuration (2.70, 0.80).
#200 WARNING(ORCAP-36042): Pin "VCCAUX" is renamed to "VCCAUX#H12" as visible power pin of same name already exists in Package XC7A100TFGG484I , U4A: FPGA, A7_Configuration (2.70, 0.80).
#201 WARNING(ORCAP-36042): Pin "VCCAUX" is renamed to "VCCAUX#K12" as visible power pin of same name already exists in Package XC7A100TFGG484I , U4A: FPGA, A7_Configuration (2.70, 0.80).
#202 WARNING(ORCAP-36042): Pin "VCCAUX" is renamed to "VCCAUX#M12" as visible power pin of same name already exists in Package XC7A100TFGG484I , U4A: FPGA, A7_Configuration (2.70, 0.80).
#203 WARNING(ORCAP-36042): Pin "VCCAUX" is renamed to "VCCAUX#P12" as visible power pin of same name already exists in Package XC7A100TFGG484I , U4A: FPGA, A7_Configuration (2.70, 0.80).
#204 WARNING(ORCAP-36042): Pin "VCCAUX" is renamed to "VCCAUX#R11" as visible power pin of same name already exists in Package XC7A100TFGG484I , U4A: FPGA, A7_Configuration (2.70, 0.80).
#205 WARNING(ORCAP-36042): Pin "VCCBRAM" is renamed to "VCCBRAM#J11" as visible power pin of same name already exists in Package XC7A100TFGG484I , U4A: FPGA, A7_Configuration (2.70, 0.80).
#206 WARNING(ORCAP-36042): Pin "VCCBRAM" is renamed to "VCCBRAM#L11" as visible power pin of same name already exists in Package XC7A100TFGG484I , U4A: FPGA, A7_Configuration (2.70, 0.80).
#207 WARNING(ORCAP-36042): Pin "VCCBRAM" is renamed to "VCCBRAM#N11" as visible power pin of same name already exists in Package XC7A100TFGG484I , U4A: FPGA, A7_Configuration (2.70, 0.80).
#208 WARNING(ORCAP-36006): Part Name "OSCILLATOR_1_OSC4-0705_OSCILLATER 40M" is renamed to "OSCILLATOR_1_OSC4-0705_OSCILLAT".
#209 WARNING(ORCAP-36006): Part Name "USBTYPECPLUG_0_USB_TYPEC_PLUG_V1_USBTYPECPLUG" is renamed to "USBTYPECPLUG_0_USB_TYPEC_PLUG_V".
#210 WARNING(ORCAP-36042): Pin "Shell" is renamed to "SHELL#M1" as visible power pin of same name already exists in Package USBTypeCPlug_0 , U7: InterfaceToDAQ, InterfaceToDAQ (35.56, 10.16).
#211 WARNING(ORCAP-36042): Pin "Shell" is renamed to "SHELL#M2" as visible power pin of same name already exists in Package USBTypeCPlug_0 , U7: InterfaceToDAQ, InterfaceToDAQ (35.56, 10.16).
#212 WARNING(ORCAP-36042): Pin "Shell" is renamed to "SHELL#M3" as visible power pin of same name already exists in Package USBTypeCPlug_0 , U7: InterfaceToDAQ, InterfaceToDAQ (35.56, 10.16).
#213 WARNING(ORCAP-36042): Pin "Shell" is renamed to "SHELL#M4" as visible power pin of same name already exists in Package USBTypeCPlug_0 , U7: InterfaceToDAQ, InterfaceToDAQ (35.56, 10.16).
INFO(ORCAP-36080): Scanning netlist files ...

Loading... D:\MYPROJECT\SDHCAL_DAQ\PCB&SCHEMATIC\SDHCALDIF\CAPTURE\ALLEGRO/pstchip.dat

Loading... D:\MYPROJECT\SDHCAL_DAQ\PCB&SCHEMATIC\SDHCALDIF\CAPTURE\ALLEGRO/pstchip.dat

Loading... D:\MYPROJECT\SDHCAL_DAQ\PCB&SCHEMATIC\SDHCALDIF\CAPTURE\ALLEGRO/pstxprt.dat

Loading... D:\MYPROJECT\SDHCAL_DAQ\PCB&SCHEMATIC\SDHCALDIF\CAPTURE\ALLEGRO/pstxnet.dat
packaging the design view...