Vivado Simulator 2018.1
Copyright 1986-1999, 2001-2017 Xilinx, Inc. All Rights Reserved.
Running: D:/Xilinx/2018.1/Vivado/2018.1/bin/unwrapped/win64.o/xelab.exe -wto 3d7088bf164940e9b12aa103b996dc76 --incr --debug typical --relax --mt 2 -L fifo_generator_v13_2_2 -L xil_defaultlib -L unisims_ver -L unimacro_ver -L secureip -L xpm --snapshot SlowControlAndReadScope_tb_behav xil_defaultlib.SlowControlAndReadScope_tb xil_defaultlib.glbl -log elaborate.log 
Using 2 slave threads.
Starting static elaboration
WARNING: [VRFC 10-597] element index 592 into SlowControlParameters is out of bounds [D:/MyProject/SDHCAL_DAQ/SDHCAL_DIF1V0/src/ParameterGenerator.v:81]
Completed static elaboration
Starting simulation data flow analysis
Completed simulation data flow analysis
Time Resolution for simulation is 1ps
Compiling module fifo_generator_v13_2_2.fifo_generator_v13_2_2_bhv_ver_s...
Compiling module fifo_generator_v13_2_2.fifo_generator_v13_2_2_CONV_VER(...
Compiling module fifo_generator_v13_2_2.fifo_generator_vlog_beh(C_COMMON...
Compiling module fifo_generator_v13_2_2.fifo_generator_v13_2_2(C_COMMON_...
Compiling module xil_defaultlib.ConfigParameterFIFO
Compiling module xil_defaultlib.ParameterGenerator
Compiling module xil_defaultlib.PulseSynchronous
Compiling module xil_defaultlib.BitShiftOut
Compiling module xil_defaultlib.SlowControlAndReadScopeSet
Compiling module xil_defaultlib.SlowControlAndReadScope_tb
Compiling module xil_defaultlib.glbl
Built simulation snapshot SlowControlAndReadScope_tb_behav
