(---------------------------------------------------------------------)
(                                                                     )
(    NC DRILL Log                                                     )
(                                                                     )
(    Drawing          : AGET_ERNI2HRS_HardBoard.brd                   )
(    Software Version : 16.6S025                                      )
(    Date/Time        : Thu Sep 14 22:18:28 2017                      )
(                                                                     )
(---------------------------------------------------------------------)



 Processing NC Parameters file 'nc_param.txt' ...

 NC PARAMETERS
 -------------

 FORMAT   		2.5
 MACHINE-OFFSET		x:0.000000	y:0.000000
 FEEDRATE		1
 COORDINATES		ABSOLUTE
 OUTPUT-UNITS		ENGLISH
 TOOL-ORDER		INCREASING
 REPEAT-CODES		YES
 SUPPRESS-LEAD-ZEROES	NO
 SUPPRESS-TRAIL-ZEROES	NO
 SUPPRESS-EQUAL		NO
 TOOL-SELECT		NO
 HEADER			none
 LEADER			12
 CODE			ASCII
 SEPARATE		NO
 SEPARATE-ROUTING	NO
 OPTIMIZE_DRILLING	NO
 ENHANCED_EXCELLON	NO
 SCALE			1.000000



 Drill files being output to directory 'D:/MyProject/SDHCAL_DAQ/PCB&Schematic/AGET_ERNI2HRS/Allegro/HardBoard' ...



     'AGET_ERNI2HRS_HardBoard-1-4.drl' created for holes connecting TOP and BOTTOM
     -----------------------------------------------------------------------------

           Num     Size      +/- Tolerance     Plating   Quantity

            1.   8.0000    0.0000/  0.0000      PLATED        234
            2.  16.0000    0.0000/  0.0000      PLATED         78
            3.  40.0000    0.0000/  0.0000      PLATED          8
            4.  63.0000    0.0000/  0.0000      PLATED          2
            5. 126.0000    0.0000/  0.0000      PLATED          4

     ---- Total holes:                                        326

     ---- Total head travel:              12.68 feet (3.86 meters)

