mktextfm Inconsolata
mktextfm Inconsolata
mktextfm Inconsolata
mktextfm Inconsolata/BI
mktextfm Inconsolata
mktextfm Inconsolata/B
mktextfm Inconsolata
mktextfm Inconsolata/I
mktextfm Inconsolata
mktextfm Inconsolata
mktextfm HYShuSongYiJ/OT
mktextfm HYShuSongYiJ/OT
mktextfm HYShuSongYiJ/OT
mktextfm HYShuSongYiJ/BI/OT
mktextfm HYShuSongYiJ/OT
mktextfm HYShuSongYiJ/OT
mktextfm HYShuSongYiJ/OT
mktextfm Inconsolata
mktextfm HYShuSongYiJ/OT
mktextfm HYShuSongYiJ/OT
mktextfm HYShuSongYiJ/OT
mktextfm Inconsolata
mktextfm Inconsolata
mktextfm Inconsolata
mktextfm Inconsolata/BI
mktextfm Inconsolata
mktextfm Inconsolata/B
mktextfm Inconsolata
mktextfm Inconsolata/I
mktextfm Inconsolata
mktextfm Inconsolata
mktextfm HYShuSongYiJ/OT
mktextfm HYShuSongYiJ/OT
mktextfm HYShuSongYiJ/OT
mktextfm HYShuSongYiJ/BI/OT
mktextfm HYShuSongYiJ/OT
mktextfm HYShuSongYiJ/OT
mktextfm HYShuSongYiJ/OT
mktextfm Inconsolata
mktextfm HYShuSongYiJ/OT
mktextfm HYShuSongYiJ/OT
mktextfm HYShuSongYiJ/OT
mktextfm HYShuSongYiJ/OT
mktextfm Inconsolata
mktextfm Inconsolata
mktextfm Inconsolata
mktextfm Inconsolata/BI
mktextfm Inconsolata
mktextfm Inconsolata/B
mktextfm Inconsolata
mktextfm Inconsolata/I
mktextfm Inconsolata
mktextfm Inconsolata
mktextfm HYShuSongYiJ/OT
mktextfm HYShuSongYiJ/OT
mktextfm HYShuSongYiJ/OT
mktextfm HYShuSongYiJ/BI/OT
mktextfm HYShuSongYiJ/OT
mktextfm HYShuSongYiJ/OT
mktextfm HYShuSongYiJ/OT
mktextfm Inconsolata
mktextfm HYShuSongYiJ/OT
mktextfm HYShuSongYiJ/OT
mktextfm HYShuSongYiJ/OT
mktextfm Inconsolata
mktextfm Inconsolata
mktextfm Inconsolata
mktextfm Inconsolata/BI
mktextfm Inconsolata
mktextfm Inconsolata/B
mktextfm Inconsolata
mktextfm Inconsolata/I
mktextfm Inconsolata
mktextfm Inconsolata
mktextfm HYShuSongYiJ/OT
mktextfm HYShuSongYiJ/OT
mktextfm HYShuSongYiJ/OT
mktextfm HYShuSongYiJ/BI/OT
mktextfm HYShuSongYiJ/OT
mktextfm HYShuSongYiJ/OT
mktextfm HYShuSongYiJ/OT
mktextfm Inconsolata
mktextfm HYShuSongYiJ/OT
mktextfm HYShuSongYiJ/OT
mktextfm HYShuSongYiJ/OT
mktextfm Inconsolata
mktextfm Inconsolata
mktextfm Inconsolata
mktextfm Inconsolata/BI
mktextfm Inconsolata
mktextfm Inconsolata/B
mktextfm Inconsolata
mktextfm Inconsolata/I
mktextfm Inconsolata
mktextfm Inconsolata
mktextfm Inconsolata
mktextfm Inconsolata
mktextfm Inconsolata
mktextfm Inconsolata
mktextfm Inconsolata/BI
mktextfm Inconsolata
mktextfm Inconsolata/B
mktextfm Inconsolata
mktextfm Inconsolata/I
mktextfm Inconsolata
mktextfm Inconsolata
mktextfm Inconsolata
mktextfm Inconsolata
mktextfm Inconsolata
mktextfm Inconsolata
mktextfm Inconsolata/BI
mktextfm Inconsolata
mktextfm Inconsolata/B
mktextfm Inconsolata
mktextfm Inconsolata/I
mktextfm Inconsolata
mktextfm Inconsolata
mktextfm Inconsolata
