#-----------------------------------------------------------
# Vivado v2016.3 (64-bit)
# SW Build 1682563 on Mon Oct 10 19:07:27 MDT 2016
# IP Build 1681267 on Mon Oct 10 21:28:31 MDT 2016
# Start of session at: Mon Feb 13 11:02:02 2017
# Process ID: 10764
# Current directory: D:/Vivado_workspace/SDHCAL_DAQ2V0_latest
# Command line: vivado.exe -gui_launcher_event rodinguilauncherevent11124 D:\Vivado_workspace\SDHCAL_DAQ2V0_latest\SDHCAL_DAQ2V0.xpr
# Log file: D:/Vivado_workspace/SDHCAL_DAQ2V0_latest/vivado.log
# Journal file: D:/Vivado_workspace/SDHCAL_DAQ2V0_latest\vivado.jou
#-----------------------------------------------------------
start_gui
open_project D:/Vivado_workspace/SDHCAL_DAQ2V0_latest/SDHCAL_DAQ2V0.xpr
INFO: [Project 1-313] Project file moved from 'D:/Xilinx_Vivado_workspace/SDHCAL_DAQ2V0_ReadRAM' since last save.
Scanning sources...
Finished scanning sources
INFO: [IP_Flow 19-234] Refreshing IP repositories
INFO: [IP_Flow 19-1704] No user IP repositories specified
INFO: [IP_Flow 19-2313] Loaded Vivado IP repository 'D:/Xilinx/Vivado/2016.3/data/ip'.
open_project: Time (s): cpu = 00:00:17 ; elapsed = 00:01:01 . Memory (MB): peak = 777.523 ; gain = 179.418
exit
INFO: [Common 17-206] Exiting Vivado at Mon Feb 13 21:53:25 2017...
