This is pdfTeX, Version 3.1415926-2.5-1.40.14 (TeX Live 2013) (format=pdflatex 2017.4.4)  12 JUL 2017 17:25
entering extended mode
 restricted \write18 enabled.
 %&-line parsing enabled.
**CEPCNote
(./CEPCNote.tex
LaTeX2e <2011/06/27>
Babel <v3.8m> and hyphenation patterns for english, dumylang, nohyphenation, ru
ssian, ukrainian, bulgarian, loaded.
(./cepcnote.cls
Document Class: cepcnote 2014/03/19 version 0.0 CEPC Notes
\AN@skipbeforetitle=\dimen102
(/usr/share/texlive/texmf-dist/tex/latex/base/article.cls
Document Class: article 2007/10/19 v1.4h Standard LaTeX document class
(/usr/share/texlive/texmf-dist/tex/latex/base/size11.clo
File: size11.clo 2007/10/19 v1.4h Standard LaTeX file (size option)
)
\c@part=\count79
\c@section=\count80
\c@subsection=\count81
\c@subsubsection=\count82
\c@paragraph=\count83
\c@subparagraph=\count84
\c@figure=\count85
\c@table=\count86
\abovecaptionskip=\skip41
\belowcaptionskip=\skip42
\bibindent=\dimen103
) (./cepccover.sty
Package: cepccover 2014/03/19 v.0.0 CEPC Draft Cover Page

********************************
* CEPC Cover Page v.0.6 *
********************************
\AC@CepcCoverWidth=\dimen104
\AC@CepcCoverHeight=\dimen105
(/usr/share/texlive/texmf-dist/tex/latex/hyperref/hyperref.sty
Package: hyperref 2012/11/06 v6.83m Hypertext links for LaTeX

(/usr/share/texlive/texmf-dist/tex/generic/oberdiek/hobsub-hyperref.sty
Package: hobsub-hyperref 2012/05/28 v1.13 Bundle oberdiek, subset hyperref (HO)


(/usr/share/texlive/texmf-dist/tex/generic/oberdiek/hobsub-generic.sty
Package: hobsub-generic 2012/05/28 v1.13 Bundle oberdiek, subset generic (HO)
Package: hobsub 2012/05/28 v1.13 Construct package bundles (HO)
Package: infwarerr 2010/04/08 v1.3 Providing info/warning/error messages (HO)
Package: ltxcmds 2011/11/09 v1.22 LaTeX kernel commands for general use (HO)
Package: ifluatex 2010/03/01 v1.3 Provides the ifluatex switch (HO)
Package ifluatex Info: LuaTeX not detected.
Package: ifvtex 2010/03/01 v1.5 Detect VTeX and its facilities (HO)
Package ifvtex Info: VTeX not detected.
Package: intcalc 2007/09/27 v1.1 Expandable calculations with integers (HO)
Package: ifpdf 2011/01/30 v2.3 Provides the ifpdf switch (HO)
Package ifpdf Info: pdfTeX in PDF mode is detected.
Package: etexcmds 2011/02/16 v1.5 Avoid name clashes with e-TeX commands (HO)
Package etexcmds Info: Could not find \expanded.
(etexcmds)             That can mean that you are not using pdfTeX 1.50 or
(etexcmds)             that some package has redefined \expanded.
(etexcmds)             In the latter case, load this package earlier.
Package: kvsetkeys 2012/04/25 v1.16 Key value parser (HO)
Package: kvdefinekeys 2011/04/07 v1.3 Define keys (HO)
Package: pdftexcmds 2011/11/29 v0.20 Utility functions of pdfTeX for LuaTeX (HO
)
Package pdftexcmds Info: LuaTeX not detected.
Package pdftexcmds Info: \pdf@primitive is available.
Package pdftexcmds Info: \pdf@ifprimitive is available.
Package pdftexcmds Info: \pdfdraftmode found.
Package: pdfescape 2011/11/25 v1.13 Implements pdfTeX's escape features (HO)
Package: bigintcalc 2012/04/08 v1.3 Expandable calculations on big integers (HO
)
Package: bitset 2011/01/30 v1.1 Handle bit-vector datatype (HO)
Package: uniquecounter 2011/01/30 v1.2 Provide unlimited unique counter (HO)
)
Package hobsub Info: Skipping package `hobsub' (already loaded).
Package: letltxmacro 2010/09/02 v1.4 Let assignment for LaTeX macros (HO)
Package: hopatch 2012/05/28 v1.2 Wrapper for package hooks (HO)
Package: xcolor-patch 2011/01/30 xcolor patch
Package: atveryend 2011/06/30 v1.8 Hooks at the very end of document (HO)
Package atveryend Info: \enddocument detected (standard20110627).
Package: atbegshi 2011/10/05 v1.16 At begin shipout hook (HO)
Package: refcount 2011/10/16 v3.4 Data extraction from label references (HO)
Package: hycolor 2011/01/30 v1.7 Color options for hyperref/bookmark (HO)
)
(/usr/share/texlive/texmf-dist/tex/latex/graphics/keyval.sty
Package: keyval 1999/03/16 v1.13 key=value parser (DPC)
\KV@toks@=\toks14
)
(/usr/share/texlive/texmf-dist/tex/generic/ifxetex/ifxetex.sty
Package: ifxetex 2010/09/12 v0.6 Provides ifxetex conditional
)
(/usr/share/texlive/texmf-dist/tex/latex/oberdiek/auxhook.sty
Package: auxhook 2011/03/04 v1.3 Hooks for auxiliary files (HO)
)
(/usr/share/texlive/texmf-dist/tex/latex/oberdiek/kvoptions.sty
Package: kvoptions 2011/06/30 v3.11 Key value format for package options (HO)
)
\@linkdim=\dimen106
\Hy@linkcounter=\count87
\Hy@pagecounter=\count88

(/usr/share/texlive/texmf-dist/tex/latex/hyperref/pd1enc.def
File: pd1enc.def 2012/11/06 v6.83m Hyperref: PDFDocEncoding definition (HO)
)
\Hy@SavedSpaceFactor=\count89

(/usr/share/texlive/texmf-dist/tex/latex/latexconfig/hyperref.cfg
File: hyperref.cfg 2002/06/06 v1.2 hyperref configuration of TeXLive
)
Package hyperref Info: Option `colorlinks' set `true' on input line 4319.
Package hyperref Info: Option `breaklinks' set `true' on input line 4319.
Package hyperref Info: Hyper figures OFF on input line 4443.
Package hyperref Info: Link nesting OFF on input line 4448.
Package hyperref Info: Hyper index ON on input line 4451.
Package hyperref Info: Plain pages OFF on input line 4458.
Package hyperref Info: Backreferencing OFF on input line 4463.
Package hyperref Info: Implicit mode ON; LaTeX internals redefined.
Package hyperref Info: Bookmarks ON on input line 4688.
\c@Hy@tempcnt=\count90

(/usr/share/texlive/texmf-dist/tex/latex/url/url.sty
\Urlmuskip=\muskip10
Package: url 2006/04/12  ver 3.3  Verb mode for urls, etc.
)
LaTeX Info: Redefining \url on input line 5041.
\XeTeXLinkMargin=\dimen107
\Fld@menulength=\count91
\Field@Width=\dimen108
\Fld@charsize=\dimen109
Package hyperref Info: Hyper figures OFF on input line 6295.
Package hyperref Info: Link nesting OFF on input line 6300.
Package hyperref Info: Hyper index ON on input line 6303.
Package hyperref Info: backreferencing OFF on input line 6310.
Package hyperref Info: Link coloring ON on input line 6313.
Package hyperref Info: Link coloring with OCG OFF on input line 6320.
Package hyperref Info: PDF/A mode OFF on input line 6325.
LaTeX Info: Redefining \ref on input line 6365.
LaTeX Info: Redefining \pageref on input line 6369.
\Hy@abspage=\count92
\c@Item=\count93
\c@Hfootnote=\count94
)

Package hyperref Message: Driver (autodetected): hpdftex.

(/usr/share/texlive/texmf-dist/tex/latex/hyperref/hpdftex.def
File: hpdftex.def 2012/11/06 v6.83m Hyperref driver for pdfTeX
\Fld@listcount=\count95
\c@bookmark@seq@number=\count96

(/usr/share/texlive/texmf-dist/tex/latex/oberdiek/rerunfilecheck.sty
Package: rerunfilecheck 2011/04/15 v1.7 Rerun checks for auxiliary files (HO)
Package uniquecounter Info: New unique counter `rerunfilecheck' on input line 2
82.
)
\Hy@SectionHShift=\skip43
))
(/usr/share/texlive/texmf-dist/tex/latex/geometry/geometry.sty
Package: geometry 2010/09/12 v5.6 Page Geometry
\Gm@cnth=\count97
\Gm@cntv=\count98
\c@Gm@tempcnt=\count99
\Gm@bindingoffset=\dimen110
\Gm@wd@mp=\dimen111
\Gm@odd@mp=\dimen112
\Gm@even@mp=\dimen113
\Gm@layoutwidth=\dimen114
\Gm@layoutheight=\dimen115
\Gm@layouthoffset=\dimen116
\Gm@layoutvoffset=\dimen117
\Gm@dimlist=\toks15
)
(/usr/share/texlive/texmf-dist/tex/latex/graphics/color.sty
Package: color 2005/11/14 v1.0j Standard LaTeX Color (DPC)

(/usr/share/texlive/texmf-dist/tex/latex/latexconfig/color.cfg
File: color.cfg 2007/01/18 v1.5 color configuration of teTeX/TeXLive
)
Package color Info: Driver file: pdftex.def on input line 130.

(/usr/share/texlive/texmf-dist/tex/latex/pdftex-def/pdftex.def
File: pdftex.def 2011/05/27 v0.06d Graphics/color for pdfTeX
\Gread@gobject=\count100
))
(/usr/share/texlive/texmf-dist/tex/latex/graphics/graphicx.sty
Package: graphicx 1999/02/16 v1.0f Enhanced LaTeX Graphics (DPC,SPQR)

(/usr/share/texlive/texmf-dist/tex/latex/graphics/graphics.sty
Package: graphics 2009/02/05 v1.0o Standard LaTeX Graphics (DPC,SPQR)

(/usr/share/texlive/texmf-dist/tex/latex/graphics/trig.sty
Package: trig 1999/03/16 v1.09 sin cos tan (DPC)
)
(/usr/share/texlive/texmf-dist/tex/latex/latexconfig/graphics.cfg
File: graphics.cfg 2010/04/23 v1.9 graphics configuration of TeX Live
)
Package graphics Info: Driver file: pdftex.def on input line 91.
)
\Gin@req@height=\dimen118
\Gin@req@width=\dimen119
)
(/usr/share/texlive/texmf-dist/tex/latex/amsmath/amsmath.sty
Package: amsmath 2013/01/14 v2.14 AMS math features
\@mathmargin=\skip44

For additional information on amsmath, use the `?' option.
(/usr/share/texlive/texmf-dist/tex/latex/amsmath/amstext.sty
Package: amstext 2000/06/29 v2.01

(/usr/share/texlive/texmf-dist/tex/latex/amsmath/amsgen.sty
File: amsgen.sty 1999/11/30 v2.0
\@emptytoks=\toks16
\ex@=\dimen120
))
(/usr/share/texlive/texmf-dist/tex/latex/amsmath/amsbsy.sty
Package: amsbsy 1999/11/29 v1.2d
\pmbraise@=\dimen121
)
(/usr/share/texlive/texmf-dist/tex/latex/amsmath/amsopn.sty
Package: amsopn 1999/12/14 v2.01 operator names
)
\inf@bad=\count101
LaTeX Info: Redefining \frac on input line 210.
\uproot@=\count102
\leftroot@=\count103
LaTeX Info: Redefining \overline on input line 306.
\classnum@=\count104
\DOTSCASE@=\count105
LaTeX Info: Redefining \ldots on input line 378.
LaTeX Info: Redefining \dots on input line 381.
LaTeX Info: Redefining \cdots on input line 466.
\Mathstrutbox@=\box26
\strutbox@=\box27
\big@size=\dimen122
LaTeX Font Info:    Redeclaring font encoding OML on input line 566.
LaTeX Font Info:    Redeclaring font encoding OMS on input line 567.
\macc@depth=\count106
\c@MaxMatrixCols=\count107
\dotsspace@=\muskip11
\c@parentequation=\count108
\dspbrk@lvl=\count109
\tag@help=\toks17
\row@=\count110
\column@=\count111
\maxfields@=\count112
\andhelp@=\toks18
\eqnshift@=\dimen123
\alignsep@=\dimen124
\tagshift@=\dimen125
\tagwidth@=\dimen126
\totwidth@=\dimen127
\lineht@=\dimen128
\@envbody=\toks19
\multlinegap=\skip45
\multlinetaggap=\skip46
\mathdisplay@stack=\toks20
LaTeX Info: Redefining \[ on input line 2665.
LaTeX Info: Redefining \] on input line 2666.
)
(/usr/share/texlive/texmf-dist/tex/latex/txfonts/txfonts.sty
Package: txfonts 2008/01/22 v3.2.1
LaTeX Font Info:    Redeclaring symbol font `operators' on input line 21.
LaTeX Font Info:    Overwriting symbol font `operators' in version `normal'
(Font)                  OT1/cmr/m/n --> OT1/txr/m/n on input line 21.
LaTeX Font Info:    Overwriting symbol font `operators' in version `bold'
(Font)                  OT1/cmr/bx/n --> OT1/txr/m/n on input line 21.
LaTeX Font Info:    Overwriting symbol font `operators' in version `bold'
(Font)                  OT1/txr/m/n --> OT1/txr/bx/n on input line 22.
\symitalic=\mathgroup4
LaTeX Font Info:    Overwriting symbol font `italic' in version `bold'
(Font)                  OT1/txr/m/it --> OT1/txr/bx/it on input line 26.
LaTeX Font Info:    Redeclaring math alphabet \mathbf on input line 29.
LaTeX Font Info:    Overwriting math alphabet `\mathbf' in version `normal'
(Font)                  OT1/cmr/bx/n --> OT1/txr/bx/n on input line 29.
LaTeX Font Info:    Overwriting math alphabet `\mathbf' in version `bold'
(Font)                  OT1/cmr/bx/n --> OT1/txr/bx/n on input line 29.
LaTeX Font Info:    Redeclaring math alphabet \mathit on input line 30.
LaTeX Font Info:    Overwriting math alphabet `\mathit' in version `normal'
(Font)                  OT1/cmr/m/it --> OT1/txr/m/it on input line 30.
LaTeX Font Info:    Overwriting math alphabet `\mathit' in version `bold'
(Font)                  OT1/cmr/bx/it --> OT1/txr/m/it on input line 30.
LaTeX Font Info:    Overwriting math alphabet `\mathit' in version `bold'
(Font)                  OT1/txr/m/it --> OT1/txr/bx/it on input line 31.
LaTeX Font Info:    Redeclaring math alphabet \mathsf on input line 40.
LaTeX Font Info:    Overwriting math alphabet `\mathsf' in version `normal'
(Font)                  OT1/cmss/m/n --> OT1/txss/m/n on input line 40.
LaTeX Font Info:    Overwriting math alphabet `\mathsf' in version `bold'
(Font)                  OT1/cmss/bx/n --> OT1/txss/m/n on input line 40.
LaTeX Font Info:    Overwriting math alphabet `\mathsf' in version `bold'
(Font)                  OT1/txss/m/n --> OT1/txss/b/n on input line 41.
LaTeX Font Info:    Redeclaring math alphabet \mathtt on input line 50.
LaTeX Font Info:    Overwriting math alphabet `\mathtt' in version `normal'
(Font)                  OT1/cmtt/m/n --> OT1/txtt/m/n on input line 50.
LaTeX Font Info:    Overwriting math alphabet `\mathtt' in version `bold'
(Font)                  OT1/cmtt/m/n --> OT1/txtt/m/n on input line 50.
LaTeX Font Info:    Overwriting math alphabet `\mathtt' in version `bold'
(Font)                  OT1/txtt/m/n --> OT1/txtt/b/n on input line 51.
LaTeX Font Info:    Redeclaring symbol font `letters' on input line 58.
LaTeX Font Info:    Overwriting symbol font `letters' in version `normal'
(Font)                  OML/cmm/m/it --> OML/txmi/m/it on input line 58.
LaTeX Font Info:    Overwriting symbol font `letters' in version `bold'
(Font)                  OML/cmm/b/it --> OML/txmi/m/it on input line 58.
LaTeX Font Info:    Overwriting symbol font `letters' in version `bold'
(Font)                  OML/txmi/m/it --> OML/txmi/bx/it on input line 59.
\symlettersA=\mathgroup5
LaTeX Font Info:    Overwriting symbol font `lettersA' in version `bold'
(Font)                  U/txmia/m/it --> U/txmia/bx/it on input line 67.
LaTeX Font Info:    Redeclaring symbol font `symbols' on input line 77.
LaTeX Font Info:    Overwriting symbol font `symbols' in version `normal'
(Font)                  OMS/cmsy/m/n --> OMS/txsy/m/n on input line 77.
LaTeX Font Info:    Overwriting symbol font `symbols' in version `bold'
(Font)                  OMS/cmsy/b/n --> OMS/txsy/m/n on input line 77.
LaTeX Font Info:    Overwriting symbol font `symbols' in version `bold'
(Font)                  OMS/txsy/m/n --> OMS/txsy/bx/n on input line 78.
\symAMSa=\mathgroup6
LaTeX Font Info:    Overwriting symbol font `AMSa' in version `bold'
(Font)                  U/txsya/m/n --> U/txsya/bx/n on input line 94.
\symAMSb=\mathgroup7
LaTeX Font Info:    Overwriting symbol font `AMSb' in version `bold'
(Font)                  U/txsyb/m/n --> U/txsyb/bx/n on input line 103.
\symsymbolsC=\mathgroup8
LaTeX Font Info:    Overwriting symbol font `symbolsC' in version `bold'
(Font)                  U/txsyc/m/n --> U/txsyc/bx/n on input line 113.
LaTeX Font Info:    Redeclaring symbol font `largesymbols' on input line 120.
LaTeX Font Info:    Overwriting symbol font `largesymbols' in version `normal'
(Font)                  OMX/cmex/m/n --> OMX/txex/m/n on input line 120.
LaTeX Font Info:    Overwriting symbol font `largesymbols' in version `bold'
(Font)                  OMX/cmex/m/n --> OMX/txex/m/n on input line 120.
LaTeX Font Info:    Overwriting symbol font `largesymbols' in version `bold'
(Font)                  OMX/txex/m/n --> OMX/txex/bx/n on input line 121.
\symlargesymbolsA=\mathgroup9
LaTeX Font Info:    Overwriting symbol font `largesymbolsA' in version `bold'
(Font)                  U/txexa/m/n --> U/txexa/bx/n on input line 129.
LaTeX Info: Redefining \not on input line 1043.
)
(/usr/share/texlive/texmf-dist/tex/latex/footmisc/footmisc.sty
Package: footmisc 2011/06/06 v5.5b a miscellany of footnote facilities
\FN@temptoken=\toks21
\footnotemargin=\dimen129
\c@pp@next@reset=\count113
Package footmisc Info: Declaring symbol style bringhurst on input line 855.
Package footmisc Info: Declaring symbol style chicago on input line 863.
Package footmisc Info: Declaring symbol style wiley on input line 872.
Package footmisc Info: Declaring symbol style lamport-robust on input line 883.

Package footmisc Info: Declaring symbol style lamport* on input line 903.
Package footmisc Info: Declaring symbol style lamport*-robust on input line 924
.
) (./lineno.sty
Package: lineno 2005/11/02 line numbers on paragraphs v4.41
\linenopenalty=\count114
\output=\toks22
\linenoprevgraf=\count115
\linenumbersep=\dimen130
\linenumberwidth=\dimen131
\c@linenumber=\count116
\c@pagewiselinenumber=\count117
\c@LN@truepage=\count118
\c@internallinenumber=\count119
\c@internallinenumbers=\count120
\quotelinenumbersep=\dimen132
\bframerule=\dimen133
\bframesep=\dimen134
\bframebox=\box28
LaTeX Info: Redefining \\ on input line 3056.
)
\capindent=\skip47
\capwidth=\skip48
\figwidth=\skip49
) (./cepcphysics.sty
\hrs=\count121
\minu=\count122
\temptime=\count123
\boxsqbox=\box29
\boxsize=\dimen135
\dkwidth=\dimen136
)
(/usr/share/texlive/texmf-dist/tex/latex/subfigure/subfigure.sty
Package: subfigure 2002/03/15 v2.1.5 subfigure package
\subfigtopskip=\skip50
\subfigcapskip=\skip51
\subfigcaptopadj=\dimen137
\subfigbottomskip=\skip52
\subfigcapmargin=\dimen138
\subfiglabelskip=\skip53
\c@subfigure=\count124
\c@lofdepth=\count125
\c@subtable=\count126
\c@lotdepth=\count127

****************************************
* Local config file subfigure.cfg used *
****************************************
(/usr/share/texlive/texmf-dist/tex/latex/subfigure/subfigure.cfg)
\subfig@top=\skip54
\subfig@bottom=\skip55
)
(/usr/share/texlive/texmf-dist/tex/latex/jknapltx/mathrsfs.sty
Package: mathrsfs 1996/01/01 Math RSFS package v1.0 (jk)
\symrsfs=\mathgroup10
) (./authblk.sty
Package: authblk 2001/02/27 1.3 (PWD)
\affilsep=\skip56
\@affilsep=\skip57
\c@Maxaffil=\count128
\c@authors=\count129
\c@affil=\count130
) (/usr/share/texlive/texmf-dist/tex/latex/amsfonts/amssymb.sty
Package: amssymb 2013/01/14 v3.01 AMS font symbols

(/usr/share/texlive/texmf-dist/tex/latex/amsfonts/amsfonts.sty
Package: amsfonts 2013/01/14 v3.01 Basic AMSFonts support
LaTeX Font Info:    Redeclaring symbol font `AMSa' on input line 59.
LaTeX Font Info:    Overwriting symbol font `AMSa' in version `normal'
(Font)                  U/txsya/m/n --> U/msa/m/n on input line 59.
LaTeX Font Info:    Overwriting symbol font `AMSa' in version `bold'
(Font)                  U/txsya/bx/n --> U/msa/m/n on input line 59.
LaTeX Font Info:    Redeclaring symbol font `AMSb' on input line 60.
LaTeX Font Info:    Overwriting symbol font `AMSb' in version `normal'
(Font)                  U/txsyb/m/n --> U/msb/m/n on input line 60.
LaTeX Font Info:    Overwriting symbol font `AMSb' in version `bold'
(Font)                  U/txsyb/bx/n --> U/msb/m/n on input line 60.
LaTeX Font Info:    Redeclaring math delimiter \ulcorner on input line 74.
LaTeX Font Info:    Redeclaring math delimiter \urcorner on input line 75.
LaTeX Font Info:    Redeclaring math delimiter \llcorner on input line 76.
LaTeX Font Info:    Redeclaring math delimiter \lrcorner on input line 77.
LaTeX Font Info:    Redeclaring math symbol \square on input line 141.
LaTeX Font Info:    Redeclaring math symbol \lozenge on input line 142.
)
LaTeX Font Info:    Redeclaring math symbol \boxdot on input line 44.
LaTeX Font Info:    Redeclaring math symbol \boxplus on input line 45.
LaTeX Font Info:    Redeclaring math symbol \boxtimes on input line 46.
LaTeX Font Info:    Redeclaring math symbol \blacksquare on input line 48.
LaTeX Font Info:    Redeclaring math symbol \centerdot on input line 49.
LaTeX Font Info:    Redeclaring math symbol \blacklozenge on input line 51.
LaTeX Font Info:    Redeclaring math symbol \circlearrowright on input line 52.

LaTeX Font Info:    Redeclaring math symbol \circlearrowleft on input line 53.
LaTeX Font Info:    Redeclaring math symbol \leftrightharpoons on input line 56
.
LaTeX Font Info:    Redeclaring math symbol \boxminus on input line 57.
LaTeX Font Info:    Redeclaring math symbol \Vdash on input line 58.
LaTeX Font Info:    Redeclaring math symbol \Vvdash on input line 59.
LaTeX Font Info:    Redeclaring math symbol \vDash on input line 60.
LaTeX Font Info:    Redeclaring math symbol \twoheadrightarrow on input line 61
.
LaTeX Font Info:    Redeclaring math symbol \twoheadleftarrow on input line 62.

LaTeX Font Info:    Redeclaring math symbol \leftleftarrows on input line 63.
LaTeX Font Info:    Redeclaring math symbol \rightrightarrows on input line 64.

LaTeX Font Info:    Redeclaring math symbol \upuparrows on input line 65.
LaTeX Font Info:    Redeclaring math symbol \downdownarrows on input line 66.
LaTeX Font Info:    Redeclaring math symbol \upharpoonright on input line 67.
LaTeX Font Info:    Redeclaring math symbol \downharpoonright on input line 69.

LaTeX Font Info:    Redeclaring math symbol \upharpoonleft on input line 70.
LaTeX Font Info:    Redeclaring math symbol \downharpoonleft on input line 71.
LaTeX Font Info:    Redeclaring math symbol \rightarrowtail on input line 72.
LaTeX Font Info:    Redeclaring math symbol \leftarrowtail on input line 73.
LaTeX Font Info:    Redeclaring math symbol \leftrightarrows on input line 74.
LaTeX Font Info:    Redeclaring math symbol \rightleftarrows on input line 75.
LaTeX Font Info:    Redeclaring math symbol \Lsh on input line 76.
LaTeX Font Info:    Redeclaring math symbol \Rsh on input line 77.
LaTeX Font Info:    Redeclaring math symbol \leftrightsquigarrow on input line 
79.
LaTeX Font Info:    Redeclaring math symbol \looparrowleft on input line 80.
LaTeX Font Info:    Redeclaring math symbol \looparrowright on input line 81.
LaTeX Font Info:    Redeclaring math symbol \circeq on input line 82.
LaTeX Font Info:    Redeclaring math symbol \succsim on input line 83.
LaTeX Font Info:    Redeclaring math symbol \gtrsim on input line 84.
LaTeX Font Info:    Redeclaring math symbol \gtrapprox on input line 85.
LaTeX Font Info:    Redeclaring math symbol \multimap on input line 86.
LaTeX Font Info:    Redeclaring math symbol \therefore on input line 87.
LaTeX Font Info:    Redeclaring math symbol \because on input line 88.
LaTeX Font Info:    Redeclaring math symbol \doteqdot on input line 89.
LaTeX Font Info:    Redeclaring math symbol \triangleq on input line 91.
LaTeX Font Info:    Redeclaring math symbol \precsim on input line 92.
LaTeX Font Info:    Redeclaring math symbol \lesssim on input line 93.
LaTeX Font Info:    Redeclaring math symbol \lessapprox on input line 94.
LaTeX Font Info:    Redeclaring math symbol \eqslantless on input line 95.
LaTeX Font Info:    Redeclaring math symbol \eqslantgtr on input line 96.
LaTeX Font Info:    Redeclaring math symbol \curlyeqprec on input line 97.
LaTeX Font Info:    Redeclaring math symbol \curlyeqsucc on input line 98.
LaTeX Font Info:    Redeclaring math symbol \preccurlyeq on input line 99.
LaTeX Font Info:    Redeclaring math symbol \leqq on input line 100.
LaTeX Font Info:    Redeclaring math symbol \leqslant on input line 101.
LaTeX Font Info:    Redeclaring math symbol \lessgtr on input line 102.
LaTeX Font Info:    Redeclaring math symbol \backprime on input line 103.
LaTeX Font Info:    Redeclaring math symbol \risingdotseq on input line 104.
LaTeX Font Info:    Redeclaring math symbol \fallingdotseq on input line 105.
LaTeX Font Info:    Redeclaring math symbol \succcurlyeq on input line 106.
LaTeX Font Info:    Redeclaring math symbol \geqq on input line 107.
LaTeX Font Info:    Redeclaring math symbol \geqslant on input line 108.
LaTeX Font Info:    Redeclaring math symbol \gtrless on input line 109.
LaTeX Font Info:    Redeclaring math symbol \bigstar on input line 117.
LaTeX Font Info:    Redeclaring math symbol \between on input line 118.
LaTeX Font Info:    Redeclaring math symbol \blacktriangledown on input line 11
9.
LaTeX Font Info:    Redeclaring math symbol \blacktriangleright on input line 1
20.
LaTeX Font Info:    Redeclaring math symbol \blacktriangleleft on input line 12
1.
LaTeX Font Info:    Redeclaring math symbol \vartriangle on input line 122.
LaTeX Font Info:    Redeclaring math symbol \blacktriangle on input line 123.
LaTeX Font Info:    Redeclaring math symbol \triangledown on input line 124.
LaTeX Font Info:    Redeclaring math symbol \eqcirc on input line 125.
LaTeX Font Info:    Redeclaring math symbol \lesseqgtr on input line 126.
LaTeX Font Info:    Redeclaring math symbol \gtreqless on input line 127.
LaTeX Font Info:    Redeclaring math symbol \lesseqqgtr on input line 128.
LaTeX Font Info:    Redeclaring math symbol \gtreqqless on input line 129.
LaTeX Font Info:    Redeclaring math symbol \Rrightarrow on input line 130.
LaTeX Font Info:    Redeclaring math symbol \Lleftarrow on input line 131.
LaTeX Font Info:    Redeclaring math symbol \veebar on input line 132.
LaTeX Font Info:    Redeclaring math symbol \barwedge on input line 133.
LaTeX Font Info:    Redeclaring math symbol \doublebarwedge on input line 134.
LaTeX Font Info:    Redeclaring math symbol \measuredangle on input line 137.
LaTeX Font Info:    Redeclaring math symbol \sphericalangle on input line 138.
LaTeX Font Info:    Redeclaring math symbol \varpropto on input line 139.
LaTeX Font Info:    Redeclaring math symbol \smallsmile on input line 140.
LaTeX Font Info:    Redeclaring math symbol \smallfrown on input line 141.
LaTeX Font Info:    Redeclaring math symbol \Subset on input line 142.
LaTeX Font Info:    Redeclaring math symbol \Supset on input line 143.
LaTeX Font Info:    Redeclaring math symbol \Cup on input line 144.
LaTeX Font Info:    Redeclaring math symbol \Cap on input line 146.
LaTeX Font Info:    Redeclaring math symbol \curlywedge on input line 148.
LaTeX Font Info:    Redeclaring math symbol \curlyvee on input line 149.
LaTeX Font Info:    Redeclaring math symbol \leftthreetimes on input line 150.
LaTeX Font Info:    Redeclaring math symbol \rightthreetimes on input line 151.

LaTeX Font Info:    Redeclaring math symbol \subseteqq on input line 152.
LaTeX Font Info:    Redeclaring math symbol \supseteqq on input line 153.
LaTeX Font Info:    Redeclaring math symbol \bumpeq on input line 154.
LaTeX Font Info:    Redeclaring math symbol \Bumpeq on input line 155.
LaTeX Font Info:    Redeclaring math symbol \lll on input line 156.
LaTeX Font Info:    Redeclaring math symbol \ggg on input line 158.
LaTeX Font Info:    Redeclaring math symbol \circledS on input line 160.
LaTeX Font Info:    Redeclaring math symbol \pitchfork on input line 161.
LaTeX Font Info:    Redeclaring math symbol \dotplus on input line 162.
LaTeX Font Info:    Redeclaring math symbol \backsim on input line 163.
LaTeX Font Info:    Redeclaring math symbol \backsimeq on input line 164.
LaTeX Font Info:    Redeclaring math symbol \complement on input line 165.
LaTeX Font Info:    Redeclaring math symbol \intercal on input line 166.
LaTeX Font Info:    Redeclaring math symbol \circledcirc on input line 167.
LaTeX Font Info:    Redeclaring math symbol \circledast on input line 168.
LaTeX Font Info:    Redeclaring math symbol \circleddash on input line 169.
LaTeX Font Info:    Redeclaring math symbol \lvertneqq on input line 171.
LaTeX Font Info:    Redeclaring math symbol \gvertneqq on input line 172.
LaTeX Font Info:    Redeclaring math symbol \nleq on input line 173.
LaTeX Font Info:    Redeclaring math symbol \ngeq on input line 174.
LaTeX Font Info:    Redeclaring math symbol \nless on input line 175.
LaTeX Font Info:    Redeclaring math symbol \ngtr on input line 176.
LaTeX Font Info:    Redeclaring math symbol \nprec on input line 177.
LaTeX Font Info:    Redeclaring math symbol \nsucc on input line 178.
LaTeX Font Info:    Redeclaring math symbol \lneqq on input line 179.
LaTeX Font Info:    Redeclaring math symbol \gneqq on input line 180.
LaTeX Font Info:    Redeclaring math symbol \nleqslant on input line 181.
LaTeX Font Info:    Redeclaring math symbol \ngeqslant on input line 182.
LaTeX Font Info:    Redeclaring math symbol \lneq on input line 183.
LaTeX Font Info:    Redeclaring math symbol \gneq on input line 184.
LaTeX Font Info:    Redeclaring math symbol \npreceq on input line 185.
LaTeX Font Info:    Redeclaring math symbol \nsucceq on input line 186.
LaTeX Font Info:    Redeclaring math symbol \precnsim on input line 187.
LaTeX Font Info:    Redeclaring math symbol \succnsim on input line 188.
LaTeX Font Info:    Redeclaring math symbol \lnsim on input line 189.
LaTeX Font Info:    Redeclaring math symbol \gnsim on input line 190.
LaTeX Font Info:    Redeclaring math symbol \nleqq on input line 191.
LaTeX Font Info:    Redeclaring math symbol \ngeqq on input line 192.
LaTeX Font Info:    Redeclaring math symbol \precneqq on input line 193.
LaTeX Font Info:    Redeclaring math symbol \succneqq on input line 194.
LaTeX Font Info:    Redeclaring math symbol \precnapprox on input line 195.
LaTeX Font Info:    Redeclaring math symbol \succnapprox on input line 196.
LaTeX Font Info:    Redeclaring math symbol \lnapprox on input line 197.
LaTeX Font Info:    Redeclaring math symbol \gnapprox on input line 198.
LaTeX Font Info:    Redeclaring math symbol \nsim on input line 199.
LaTeX Font Info:    Redeclaring math symbol \ncong on input line 200.
LaTeX Font Info:    Redeclaring math symbol \diagup on input line 201.
LaTeX Font Info:    Redeclaring math symbol \diagdown on input line 202.
LaTeX Font Info:    Redeclaring math symbol \varsubsetneq on input line 203.
LaTeX Font Info:    Redeclaring math symbol \varsupsetneq on input line 204.
LaTeX Font Info:    Redeclaring math symbol \nsubseteqq on input line 205.
LaTeX Font Info:    Redeclaring math symbol \nsupseteqq on input line 206.
LaTeX Font Info:    Redeclaring math symbol \subsetneqq on input line 207.
LaTeX Font Info:    Redeclaring math symbol \supsetneqq on input line 208.
LaTeX Font Info:    Redeclaring math symbol \varsubsetneqq on input line 209.
LaTeX Font Info:    Redeclaring math symbol \varsupsetneqq on input line 210.
LaTeX Font Info:    Redeclaring math symbol \subsetneq on input line 211.
LaTeX Font Info:    Redeclaring math symbol \supsetneq on input line 212.
LaTeX Font Info:    Redeclaring math symbol \nsubseteq on input line 213.
LaTeX Font Info:    Redeclaring math symbol \nsupseteq on input line 214.
LaTeX Font Info:    Redeclaring math symbol \nparallel on input line 215.
LaTeX Font Info:    Redeclaring math symbol \nmid on input line 216.
LaTeX Font Info:    Redeclaring math symbol \nshortmid on input line 217.
LaTeX Font Info:    Redeclaring math symbol \nshortparallel on input line 218.
LaTeX Font Info:    Redeclaring math symbol \nvdash on input line 219.
LaTeX Font Info:    Redeclaring math symbol \nVdash on input line 220.
LaTeX Font Info:    Redeclaring math symbol \nvDash on input line 221.
LaTeX Font Info:    Redeclaring math symbol \nVDash on input line 222.
LaTeX Font Info:    Redeclaring math symbol \ntrianglerighteq on input line 223
.
LaTeX Font Info:    Redeclaring math symbol \ntrianglelefteq on input line 224.

LaTeX Font Info:    Redeclaring math symbol \ntriangleleft on input line 225.
LaTeX Font Info:    Redeclaring math symbol \ntriangleright on input line 226.
LaTeX Font Info:    Redeclaring math symbol \nleftarrow on input line 227.
LaTeX Font Info:    Redeclaring math symbol \nrightarrow on input line 228.
LaTeX Font Info:    Redeclaring math symbol \nLeftarrow on input line 229.
LaTeX Font Info:    Redeclaring math symbol \nRightarrow on input line 230.
LaTeX Font Info:    Redeclaring math symbol \nLeftrightarrow on input line 231.

LaTeX Font Info:    Redeclaring math symbol \nleftrightarrow on input line 232.

LaTeX Font Info:    Redeclaring math symbol \divideontimes on input line 233.
LaTeX Font Info:    Redeclaring math symbol \varnothing on input line 234.
LaTeX Font Info:    Redeclaring math symbol \nexists on input line 235.
LaTeX Font Info:    Redeclaring math symbol \Finv on input line 236.
LaTeX Font Info:    Redeclaring math symbol \Game on input line 237.
LaTeX Font Info:    Redeclaring math symbol \eth on input line 240.
LaTeX Font Info:    Redeclaring math symbol \eqsim on input line 241.
LaTeX Font Info:    Redeclaring math symbol \beth on input line 242.
LaTeX Font Info:    Redeclaring math symbol \gimel on input line 243.
LaTeX Font Info:    Redeclaring math symbol \daleth on input line 244.
LaTeX Font Info:    Redeclaring math symbol \lessdot on input line 245.
LaTeX Font Info:    Redeclaring math symbol \gtrdot on input line 246.
LaTeX Font Info:    Redeclaring math symbol \ltimes on input line 247.
LaTeX Font Info:    Redeclaring math symbol \rtimes on input line 248.
LaTeX Font Info:    Redeclaring math symbol \shortmid on input line 249.
LaTeX Font Info:    Redeclaring math symbol \shortparallel on input line 250.
LaTeX Font Info:    Redeclaring math symbol \smallsetminus on input line 251.
LaTeX Font Info:    Redeclaring math symbol \thicksim on input line 252.
LaTeX Font Info:    Redeclaring math symbol \thickapprox on input line 253.
LaTeX Font Info:    Redeclaring math symbol \approxeq on input line 254.
LaTeX Font Info:    Redeclaring math symbol \succapprox on input line 255.
LaTeX Font Info:    Redeclaring math symbol \precapprox on input line 256.
LaTeX Font Info:    Redeclaring math symbol \curvearrowleft on input line 257.
LaTeX Font Info:    Redeclaring math symbol \curvearrowright on input line 258.

LaTeX Font Info:    Redeclaring math symbol \digamma on input line 259.
LaTeX Font Info:    Redeclaring math symbol \varkappa on input line 260.
LaTeX Font Info:    Redeclaring math symbol \Bbbk on input line 261.
LaTeX Font Info:    Redeclaring math symbol \hslash on input line 262.
LaTeX Font Info:    Redeclaring math symbol \backepsilon on input line 265.
)
(/usr/share/texlive/texmf-dist/tex/latex/carlisle/slashed.sty
Package: slashed 1997/01/16 v0.01 Feynman Slashed Character Notation (DPC)
)
(/usr/share/texlive/texmf-dist/tex/latex/multirow/multirow.sty
\bigstrutjot=\dimen139
) (./CEPCNote.aux)
\openout1 = `CEPCNote.aux'.

LaTeX Font Info:    Checking defaults for OML/txmi/m/it on input line 161.
LaTeX Font Info:    Try loading font information for OML+txmi on input line 161
.
 (/usr/share/texlive/texmf-dist/tex/latex/txfonts/omltxmi.fd
File: omltxmi.fd 2000/12/15 v3.1
)
LaTeX Font Info:    ... okay on input line 161.
LaTeX Font Info:    Checking defaults for T1/cmr/m/n on input line 161.
LaTeX Font Info:    ... okay on input line 161.
LaTeX Font Info:    Checking defaults for OT1/cmr/m/n on input line 161.
LaTeX Font Info:    ... okay on input line 161.
LaTeX Font Info:    Checking defaults for OMS/txsy/m/n on input line 161.
LaTeX Font Info:    Try loading font information for OMS+txsy on input line 161
.

(/usr/share/texlive/texmf-dist/tex/latex/txfonts/omstxsy.fd
File: omstxsy.fd 2000/12/15 v3.1
)
LaTeX Font Info:    ... okay on input line 161.
LaTeX Font Info:    Checking defaults for OMX/txex/m/n on input line 161.
LaTeX Font Info:    Try loading font information for OMX+txex on input line 161
.

(/usr/share/texlive/texmf-dist/tex/latex/txfonts/omxtxex.fd
File: omxtxex.fd 2000/12/15 v3.1
)
LaTeX Font Info:    ... okay on input line 161.
LaTeX Font Info:    Checking defaults for U/txexa/m/n on input line 161.
LaTeX Font Info:    Try loading font information for U+txexa on input line 161.


(/usr/share/texlive/texmf-dist/tex/latex/txfonts/utxexa.fd
File: utxexa.fd 2000/12/15 v3.1
)
LaTeX Font Info:    ... okay on input line 161.
LaTeX Font Info:    Checking defaults for PD1/pdf/m/n on input line 161.
LaTeX Font Info:    ... okay on input line 161.
LaTeX Font Info:    Try loading font information for OT1+txr on input line 161.


(/usr/share/texlive/texmf-dist/tex/latex/txfonts/ot1txr.fd
File: ot1txr.fd 2000/12/15 v3.1
)
\AtBeginShipoutBox=\box30
Package hyperref Info: Link coloring ON on input line 161.

(/usr/share/texlive/texmf-dist/tex/latex/hyperref/nameref.sty
Package: nameref 2012/10/27 v2.43 Cross-referencing by name of section

(/usr/share/texlive/texmf-dist/tex/generic/oberdiek/gettitlestring.sty
Package: gettitlestring 2010/12/03 v1.4 Cleanup title references (HO)
)
\c@section@level=\count131
)
LaTeX Info: Redefining \ref on input line 161.
LaTeX Info: Redefining \pageref on input line 161.
LaTeX Info: Redefining \nameref on input line 161.

(./CEPCNote.out) (./CEPCNote.out)
\@outlinefile=\write3
\openout3 = `CEPCNote.out'.


*geometry* driver: auto-detecting
*geometry* detected driver: pdftex
*geometry* verbose mode - [ preamble ] result:
* driver: pdftex
* paper: a4paper
* layout: <same size as paper>
* layoutoffset:(h,v)=(0.0pt,0.0pt)
* modes: 
* h-part:(L,W,R)=(71.1319pt, 455.24408pt, 71.1319pt)
* v-part:(T,H,B)=(73.9772pt, 660.10384pt, 110.9658pt)
* \paperwidth=597.50787pt
* \paperheight=845.04684pt
* \textwidth=455.24408pt
* \textheight=660.10384pt
* \oddsidemargin=-1.13809pt
* \evensidemargin=-1.13809pt
* \topmargin=-35.29279pt
* \headheight=12.0pt
* \headsep=25.0pt
* \topskip=11.0pt
* \footskip=30.0pt
* \marginparwidth=71.13188pt
* \marginparsep=7.0pt
* \columnsep=10.0pt
* \skip\footins=10.0pt plus 4.0pt minus 2.0pt
* \hoffset=0.0pt
* \voffset=0.0pt
* \mag=1000
* \@twocolumnfalse
* \@twosidefalse
* \@mparswitchfalse
* \@reversemarginfalse
* (1in=72.27pt=25.4mm, 1cm=28.453pt)

(/usr/share/texlive/texmf-dist/tex/context/base/supp-pdf.mkii
[Loading MPS to PDF converter (version 2006.09.02).]
\scratchcounter=\count132
\scratchdimen=\dimen140
\scratchbox=\box31
\nofMPsegments=\count133
\nofMParguments=\count134
\everyMPshowfont=\toks23
\MPscratchCnt=\count135
\MPscratchDim=\dimen141
\MPnumerator=\count136
\makeMPintoPDFobject=\count137
\everyMPtoPDFconversion=\toks24
) (/usr/share/texlive/texmf-dist/tex/latex/oberdiek/epstopdf-base.sty
Package: epstopdf-base 2010/02/09 v2.5 Base part for package epstopdf

(/usr/share/texlive/texmf-dist/tex/latex/oberdiek/grfext.sty
Package: grfext 2010/08/19 v1.1 Manage graphics extensions (HO)
)
Package grfext Info: Graphics extension search list:
(grfext)             [.png,.pdf,.jpg,.mps,.jpeg,.jbig2,.jb2,.PNG,.PDF,.JPG,.JPE
G,.JBIG2,.JB2,.eps]
(grfext)             \AppendGraphicsExtensions on input line 452.

(/usr/share/texlive/texmf-dist/tex/latex/latexconfig/epstopdf-sys.cfg
File: epstopdf-sys.cfg 2010/07/13 v1.3 Configuration of (r)epstopdf for TeX Liv
e
))
LaTeX Font Info:    Try loading font information for OT1+phv on input line 161.


(/usr/share/texlive/texmf-dist/tex/latex/psnfss/ot1phv.fd
File: ot1phv.fd 2001/06/04 scalable font definitions for OT1/phv.
)
LaTeX Font Info:    Try loading font information for U+txmia on input line 161.


(/usr/share/texlive/texmf-dist/tex/latex/txfonts/utxmia.fd
File: utxmia.fd 2000/12/15 v3.1
)
LaTeX Font Info:    Try loading font information for U+msa on input line 161.

(/usr/share/texlive/texmf-dist/tex/latex/amsfonts/umsa.fd
File: umsa.fd 2013/01/14 v3.01 AMS symbols A
)
LaTeX Font Info:    Try loading font information for U+msb on input line 161.

(/usr/share/texlive/texmf-dist/tex/latex/amsfonts/umsb.fd
File: umsb.fd 2013/01/14 v3.01 AMS symbols B
)
LaTeX Font Info:    Try loading font information for U+txsyc on input line 161.


(/usr/share/texlive/texmf-dist/tex/latex/txfonts/utxsyc.fd
File: utxsyc.fd 2000/12/15 v3.1
)
LaTeX Font Info:    Try loading font information for U+rsfs on input line 161.

(/usr/share/texlive/texmf-dist/tex/latex/jknapltx/ursfs.fd
File: ursfs.fd 1998/03/24 rsfs font definition file (jk)
)
LaTeX Font Info:    Font shape `OT1/phv/bx/n' in size <10.95> not available
(Font)              Font shape `OT1/phv/b/n' tried instead on input line 161.
LaTeX Font Info:    Font shape `OT1/phv/bx/n' in size <20> not available
(Font)              Font shape `OT1/phv/b/n' tried instead on input line 161.
LaTeX Font Info:    Calculating math sizes for size <14> on input line 161.
LaTeX Font Info:    Try loading font information for OT1+txtt on input line 161
.

(/usr/share/texlive/texmf-dist/tex/latex/txfonts/ot1txtt.fd
File: ot1txtt.fd 2000/12/15 v3.1
)
Underfull \hbox (badness 10000) in paragraph at lines 161--161
[][][]
 []

[1{/usr/share/texlive/texmf/fonts/map/pdftex/updmap/pdftex.map}]pdfTeX warning 
(ext4): destination with the same identifier (name{page.1}) has been already us
ed, duplicate ignored
<to be read again> 
                   \relax 
l.161 \begin{document}
                       [1]
Package epstopdf Info: Source file: <cepc_logo.eps>
(epstopdf)                    date: 2017-07-12 17:24:33
(epstopdf)                    size: 1503751 bytes
(epstopdf)             Output file: <cepc_logo-eps-converted-to.pdf>
(epstopdf)                    date: 2017-07-12 17:24:33
(epstopdf)                    size: 43423 bytes
(epstopdf)             Command: <repstopdf --outfile=cepc_logo-eps-converted-to
.pdf cepc_logo.eps>
(epstopdf)             \includegraphics on input line 161.
Package epstopdf Info: Output file is already uptodate.

<cepc_logo-eps-converted-to.pdf, id=78, 155.58125pt x 91.34125pt>
File: cepc_logo-eps-converted-to.pdf Graphic file (type pdf)

<use cepc_logo-eps-converted-to.pdf>
Package pdftex.def Info: cepc_logo-eps-converted-to.pdf used on input line 161.

(pdftex.def)             Requested size: 85.35826pt x 50.11378pt.
LaTeX Font Info:    Try loading font information for OT1+txss on input line 161
.

(/usr/share/texlive/texmf-dist/tex/latex/txfonts/ot1txss.fd
File: ot1txss.fd 2000/12/15 v3.1
)
LaTeX Font Info:    Font shape `OT1/txss/bx/n' in size <20.74> not available
(Font)              Font shape `OT1/txss/b/n' tried instead on input line 161.
LaTeX Font Info:    Font shape `OT1/txss/b/n' will be
(Font)              scaled to size 19.70294pt on input line 161.

<AN_iheplogo.pdf, id=79, 416.55624pt x 164.615pt>
File: AN_iheplogo.pdf Graphic file (type pdf)
 <use AN_iheplogo.pdf>
Package pdftex.def Info: AN_iheplogo.pdf used on input line 161.
(pdftex.def)             Requested size: 142.26378pt x 56.21953pt.
LaTeX Font Info:    Try loading font information for OMS+txr on input line 161.


(/usr/share/texlive/texmf-dist/tex/latex/txfonts/omstxr.fd
File: omstxr.fd 2000/12/15 v3.1
)
LaTeX Font Info:    Font shape `OMS/txr/m/n' in size <10.95> not available
(Font)              Font shape `OMS/txsy/m/n' tried instead on input line 161.
LaTeX Font Info:    Font shape `OMS/txr/m/n' in size <10> not available
(Font)              Font shape `OMS/txsy/m/n' tried instead on input line 161.
pdfTeX warning (ext4): destination with the same identifier (name{page.1}) has 
been already used, duplicate ignored
<to be read again> 
                   \relax 
l.161 \begin{document}
                       [1

 <./cepc_logo-eps-converted-to.pdf> <./AN_iheplogo.pdf>]
LaTeX Font Info:    Font shape `OT1/txss/m/n' will be
(Font)              scaled to size 5.69998pt on input line 163.
 (./CEPCNote.toc)
\tf@toc=\write4
\openout4 = `CEPCNote.toc'.

pdfTeX warning (ext4): destination with the same identifier (name{page.1}) has 
been already used, duplicate ignored
<to be read again> 
                   \relax 
l.164 \clearpage
                 [1] (./texfiles/Introduction.tex [2

]) (./texfiles/CEPC_MC.tex
[3

]) (./texfiles/event_selection.tex
(./texfiles/EventSelection/llh_eventselection.tex

Package hyperref Warning: Token not allowed in a PDF string (PDFDocEncoding):
(hyperref)                removing `math shift' on input line 1.


Package hyperref Warning: Token not allowed in a PDF string (PDFDocEncoding):
(hyperref)                removing `superscript' on input line 1.


Package hyperref Warning: Token not allowed in a PDF string (PDFDocEncoding):
(hyperref)                removing `superscript' on input line 1.


Package hyperref Warning: Token not allowed in a PDF string (PDFDocEncoding):
(hyperref)                removing `math shift' on input line 1.

<figures/Analysis/mumuh/ZAngle.pdf, id=178, 569.12625pt x 409.53pt>
File: figures/Analysis/mumuh/ZAngle.pdf Graphic file (type pdf)

<use figures/Analysis/mumuh/ZAngle.pdf>
Package pdftex.def Info: figures/Analysis/mumuh/ZAngle.pdf used on input line 1
9.
(pdftex.def)             Requested size: 191.20168pt x 137.58238pt.

<figures/Analysis/mumuh/mumu_recoil.pdf, id=179, 569.12625pt x 409.53pt>
File: figures/Analysis/mumuh/mumu_recoil.pdf Graphic file (type pdf)

<use figures/Analysis/mumuh/mumu_recoil.pdf>
Package pdftex.def Info: figures/Analysis/mumuh/mumu_recoil.pdf used on input l
ine 25.
(pdftex.def)             Requested size: 191.20168pt x 137.58238pt.

<figures/Analysis/mumuh/mumu_inv.pdf, id=180, 569.12625pt x 409.53pt>
File: figures/Analysis/mumuh/mumu_inv.pdf Graphic file (type pdf)

<use figures/Analysis/mumuh/mumu_inv.pdf>
Package pdftex.def Info: figures/Analysis/mumuh/mumu_inv.pdf used on input line
 31.
(pdftex.def)             Requested size: 191.20168pt x 137.58238pt.

<figures/Analysis/mumuh/JJ_inv.pdf, id=181, 569.12625pt x 409.53pt>
File: figures/Analysis/mumuh/JJ_inv.pdf Graphic file (type pdf)

<use figures/Analysis/mumuh/JJ_inv.pdf>
Package pdftex.def Info: figures/Analysis/mumuh/JJ_inv.pdf used on input line 3
7.
(pdftex.def)             Requested size: 191.20168pt x 137.58238pt.

<figures/Analysis/eeh/ZAngle_ee.pdf, id=182, 569.12625pt x 409.53pt>
File: figures/Analysis/eeh/ZAngle_ee.pdf Graphic file (type pdf)

<use figures/Analysis/eeh/ZAngle_ee.pdf>
Package pdftex.def Info: figures/Analysis/eeh/ZAngle_ee.pdf used on input line 
71.
(pdftex.def)             Requested size: 191.20168pt x 137.58238pt.

<figures/Analysis/eeh/ee_recoil.pdf, id=183, 569.12625pt x 409.53pt>
File: figures/Analysis/eeh/ee_recoil.pdf Graphic file (type pdf)

<use figures/Analysis/eeh/ee_recoil.pdf>
Package pdftex.def Info: figures/Analysis/eeh/ee_recoil.pdf used on input line 
77.
(pdftex.def)             Requested size: 191.20168pt x 137.58238pt.

<figures/Analysis/eeh/ee_inv.pdf, id=184, 569.12625pt x 409.53pt>
File: figures/Analysis/eeh/ee_inv.pdf Graphic file (type pdf)

<use figures/Analysis/eeh/ee_inv.pdf>
Package pdftex.def Info: figures/Analysis/eeh/ee_inv.pdf used on input line 83.

(pdftex.def)             Requested size: 191.20168pt x 137.58238pt.

<figures/Analysis/eeh/jj_inv_ee.pdf, id=185, 569.12625pt x 409.53pt>
File: figures/Analysis/eeh/jj_inv_ee.pdf Graphic file (type pdf)

<use figures/Analysis/eeh/jj_inv_ee.pdf>
Package pdftex.def Info: figures/Analysis/eeh/jj_inv_ee.pdf used on input line 
89.
(pdftex.def)             Requested size: 191.20168pt x 137.58238pt.
)
(./texfiles/EventSelection/nnh_eventselection.tex [4

] [5 <./figures/Analysis/mumuh/ZAngle.pdf, page is rotated 90 degrees> <./figur
es/Analysis/mumuh/mumu_recoil.pdf, page is rotated 90 degrees> <./figures/Analy
sis/mumuh/mumu_inv.pdf, page is rotated 90 degrees> <./figures/Analysis/mumuh/J
J_inv.pdf, page is rotated 90 degrees>] [6 <./figures/Analysis/eeh/ZAngle_ee.pd
f, page is rotated 90 degrees> <./figures/Analysis/eeh/ee_recoil.pdf, page is r
otated 90 degrees> <./figures/Analysis/eeh/ee_inv.pdf, page is rotated 90 degre
es> <./figures/Analysis/eeh/jj_inv_ee.pdf, page is rotated 90 degrees>]

Package hyperref Warning: Token not allowed in a PDF string (PDFDocEncoding):
(hyperref)                removing `\nu' on input line 1.

<figures/Analysis/nnh/Etot.pdf, id=563, 569.12625pt x 409.53pt>
File: figures/Analysis/nnh/Etot.pdf Graphic file (type pdf)

<use figures/Analysis/nnh/Etot.pdf>
Package pdftex.def Info: figures/Analysis/nnh/Etot.pdf used on input line 28.
(pdftex.def)             Requested size: 141.12454pt x 101.55113pt.

<figures/Analysis/nnh/pT.pdf, id=564, 569.12625pt x 409.53pt>
File: figures/Analysis/nnh/pT.pdf Graphic file (type pdf)

<use figures/Analysis/nnh/pT.pdf>
Package pdftex.def Info: figures/Analysis/nnh/pT.pdf used on input line 34.
(pdftex.def)             Requested size: 141.12454pt x 101.55113pt.

<figures/Analysis/nnh/jj_inv.pdf, id=565, 569.12625pt x 409.53pt>
File: figures/Analysis/nnh/jj_inv.pdf Graphic file (type pdf)

<use figures/Analysis/nnh/jj_inv.pdf>
Package pdftex.def Info: figures/Analysis/nnh/jj_inv.pdf used on input line 40.

(pdftex.def)             Requested size: 141.12454pt x 101.55113pt.

<figures/Analysis/nnh/jj_recoil.pdf, id=566, 569.12625pt x 409.53pt>
File: figures/Analysis/nnh/jj_recoil.pdf Graphic file (type pdf)

<use figures/Analysis/nnh/jj_recoil.pdf>
Package pdftex.def Info: figures/Analysis/nnh/jj_recoil.pdf used on input line 
46.
(pdftex.def)             Requested size: 141.12454pt x 101.55113pt.

<figures/Analysis/nnh/costheta.pdf, id=567, 569.12625pt x 409.53pt>
File: figures/Analysis/nnh/costheta.pdf Graphic file (type pdf)

<use figures/Analysis/nnh/costheta.pdf>
Package pdftex.def Info: figures/Analysis/nnh/costheta.pdf used on input line 5
2.
(pdftex.def)             Requested size: 141.12454pt x 101.55113pt.

<figures/Analysis/nnh/y12.pdf, id=568, 569.12625pt x 409.53pt>
File: figures/Analysis/nnh/y12.pdf Graphic file (type pdf)

<use figures/Analysis/nnh/y12.pdf>
Package pdftex.def Info: figures/Analysis/nnh/y12.pdf used on input line 64.
(pdftex.def)             Requested size: 141.12454pt x 101.55113pt.

<figures/Analysis/nnh/y23.pdf, id=569, 569.12625pt x 409.53pt>
File: figures/Analysis/nnh/y23.pdf Graphic file (type pdf)

<use figures/Analysis/nnh/y23.pdf>
Package pdftex.def Info: figures/Analysis/nnh/y23.pdf used on input line 70.
(pdftex.def)             Requested size: 141.12454pt x 101.55113pt.

<figures/Analysis/nnh/y34.pdf, id=570, 569.12625pt x 409.53pt>
File: figures/Analysis/nnh/y34.pdf Graphic file (type pdf)

<use figures/Analysis/nnh/y34.pdf>
Package pdftex.def Info: figures/Analysis/nnh/y34.pdf used on input line 76.
(pdftex.def)             Requested size: 141.12454pt x 101.55113pt.

<figures/Analysis/nnh/overtrain_BDT.pdf, id=571, 569.12625pt x 422.57875pt>
File: figures/Analysis/nnh/overtrain_BDT.pdf Graphic file (type pdf)

<use figures/Analysis/nnh/overtrain_BDT.pdf>
Package pdftex.def Info: figures/Analysis/nnh/overtrain_BDT.pdf used on input l
ine 88.
(pdftex.def)             Requested size: 191.20168pt x 141.96614pt.

<figures/Analysis/nnh/mvaeffs_BDT.pdf, id=572, 569.12625pt x 422.57875pt>
File: figures/Analysis/nnh/mvaeffs_BDT.pdf Graphic file (type pdf)

<use figures/Analysis/nnh/mvaeffs_BDT.pdf>
Package pdftex.def Info: figures/Analysis/nnh/mvaeffs_BDT.pdf used on input lin
e 94.
(pdftex.def)             Requested size: 191.20168pt x 141.96614pt.

Overfull \hbox (21.42558pt too wide) in paragraph at lines 103--119
 [] 
 []

) (./texfiles/EventSelection/qqh_eventselection.tex

Package hyperref Warning: Token not allowed in a PDF string (PDFDocEncoding):
(hyperref)                removing `math shift' on input line 1.


Package hyperref Warning: Token not allowed in a PDF string (PDFDocEncoding):
(hyperref)                removing `math shift' on input line 1.

[7 <./figures/Analysis/nnh/Etot.pdf, page is rotated 90 degrees> <./figures/Ana
lysis/nnh/pT.pdf, page is rotated 90 degrees> <./figures/Analysis/nnh/jj_inv.pd
f, page is rotated 90 degrees> <./figures/Analysis/nnh/jj_recoil.pdf, page is r
otated 90 degrees> <./figures/Analysis/nnh/costheta.pdf, page is rotated 90 deg
rees>] [8 <./figures/Analysis/nnh/y12.pdf, page is rotated 90 degrees> <./figur
es/Analysis/nnh/y23.pdf, page is rotated 90 degrees> <./figures/Analysis/nnh/y3
4.pdf, page is rotated 90 degrees> <./figures/Analysis/nnh/overtrain_BDT.pdf> <
./figures/Analysis/nnh/mvaeffs_BDT.pdf>]
<figures/Analysis/qqh/VisEn.pdf, id=956, 569.12625pt x 410.53375pt>
File: figures/Analysis/qqh/VisEn.pdf Graphic file (type pdf)

<use figures/Analysis/qqh/VisEn.pdf>
Package pdftex.def Info: figures/Analysis/qqh/VisEn.pdf used on input line 17.
(pdftex.def)             Requested size: 191.20168pt x 137.9196pt.

<figures/Analysis/qqh/nPFOmin.pdf, id=957, 569.12625pt x 410.53375pt>
File: figures/Analysis/qqh/nPFOmin.pdf Graphic file (type pdf)

<use figures/Analysis/qqh/nPFOmin.pdf>
Package pdftex.def Info: figures/Analysis/qqh/nPFOmin.pdf used on input line 23
.
(pdftex.def)             Requested size: 191.20168pt x 137.9196pt.

<figures/Analysis/qqh/y34.pdf, id=960, 569.12625pt x 410.53375pt>
File: figures/Analysis/qqh/y34.pdf Graphic file (type pdf)

<use figures/Analysis/qqh/y34.pdf>
Package pdftex.def Info: figures/Analysis/qqh/y34.pdf used on input line 45.
(pdftex.def)             Requested size: 191.20168pt x 137.9196pt.

<figures/Analysis/qqh/DeltaTheta.pdf, id=961, 569.12625pt x 410.53375pt>
File: figures/Analysis/qqh/DeltaTheta.pdf Graphic file (type pdf)

<use figures/Analysis/qqh/DeltaTheta.pdf>
Package pdftex.def Info: figures/Analysis/qqh/DeltaTheta.pdf used on input line
 51.
(pdftex.def)             Requested size: 191.20168pt x 137.9196pt.
 [9 <./figures/Analysis/qqh/VisEn.pdf, page is rotated 90 degrees> <./figures/A
nalysis/qqh/nPFOmin.pdf, page is rotated 90 degrees> <./figures/Analysis/qqh/y3
4.pdf, page is rotated 90 degrees> <./figures/Analysis/qqh/DeltaTheta.pdf, page
 is rotated 90 degrees>]
<figures/Analysis/qqh/X.pdf, id=1149, 569.12625pt x 410.53375pt>
File: figures/Analysis/qqh/X.pdf Graphic file (type pdf)

<use figures/Analysis/qqh/X.pdf>
Package pdftex.def Info: figures/Analysis/qqh/X.pdf used on input line 80.
(pdftex.def)             Requested size: 305.0127pt x 220.0249pt.

<figures/Analysis/qqh/BDT.png, id=1153, 543.05743pt x 381.48236pt>
File: figures/Analysis/qqh/BDT.png Graphic file (type png)

<use figures/Analysis/qqh/BDT.png>
Package pdftex.def Info: figures/Analysis/qqh/BDT.png used on input line 136.
(pdftex.def)             Requested size: 191.20168pt x 134.31247pt.

<figures/Analysis/qqh/Correlation.png, id=1155, 421.03568pt x 344.8106pt>
File: figures/Analysis/qqh/Correlation.png Graphic file (type png)

<use figures/Analysis/qqh/Correlation.png>
Package pdftex.def Info: figures/Analysis/qqh/Correlation.png used on input lin
e 142.
(pdftex.def)             Requested size: 191.20168pt x 156.5839pt.

Overfull \hbox (41.39319pt too wide) in paragraph at lines 151--172
 [][] 
 []

)) (./texfiles/templatefit.tex [10 <./figures/Analysis/qqh/X.pdf, page is rotat
ed 90 degrees>]
<figures/Btagging/rejectionB-lcfiweights-test.pdf, id=1208, 569.12625pt x 541.0
2126pt>
File: figures/Btagging/rejectionB-lcfiweights-test.pdf Graphic file (type pdf)
 <use figures/Btagging/rejectionB-lcfiweights-test.pdf>
Package pdftex.def Info: figures/Btagging/rejectionB-lcfiweights-test.pdf used 
on input line 14.
(pdftex.def)             Requested size: 213.96527pt x 203.40256pt.

<figures/Btagging/rejectionC-lcfiweights-test.pdf, id=1209, 569.12625pt x 541.0
2126pt>
File: figures/Btagging/rejectionC-lcfiweights-test.pdf Graphic file (type pdf)
 <use figures/Btagging/rejectionC-lcfiweights-test.pdf>
Package pdftex.def Info: figures/Btagging/rejectionC-lcfiweights-test.pdf used 
on input line 20.
(pdftex.def)             Requested size: 213.96527pt x 203.40256pt.
 [11 <./figures/Analysis/qqh/BDT.png> <./figures/Analysis/qqh/Correlation.png> 
<./figures/Btagging/rejectionB-lcfiweights-test.pdf, page is rotated 90 degrees
> <./figures/Btagging/rejectionC-lcfiweights-test.pdf, page is rotated 90 degre
es>]
<figures/Template/eeh_data.pdf, id=1310, 569.12625pt x 410.53375pt>
File: figures/Template/eeh_data.pdf Graphic file (type pdf)

<use figures/Template/eeh_data.pdf>
Package pdftex.def Info: figures/Template/eeh_data.pdf used on input line 36.
(pdftex.def)             Requested size: 191.20168pt x 137.9196pt.

<figures/Template/mumuh_data.pdf, id=1311, 569.12625pt x 410.53375pt>
File: figures/Template/mumuh_data.pdf Graphic file (type pdf)

<use figures/Template/mumuh_data.pdf>
Package pdftex.def Info: figures/Template/mumuh_data.pdf used on input line 42.

(pdftex.def)             Requested size: 191.20168pt x 137.9196pt.

<figures/Template/nnh_data.pdf, id=1312, 569.12625pt x 410.53375pt>
File: figures/Template/nnh_data.pdf Graphic file (type pdf)

<use figures/Template/nnh_data.pdf>
Package pdftex.def Info: figures/Template/nnh_data.pdf used on input line 48.
(pdftex.def)             Requested size: 191.20168pt x 137.9196pt.

<figures/Template/qqh_data.pdf, id=1313, 569.12625pt x 410.53375pt>
File: figures/Template/qqh_data.pdf Graphic file (type pdf)

<use figures/Template/qqh_data.pdf>
Package pdftex.def Info: figures/Template/qqh_data.pdf used on input line 54.
(pdftex.def)             Requested size: 191.20168pt x 137.9196pt.
 [12 <./figures/Template/eeh_data.pdf, page is rotated 90 degrees> <./figures/T
emplate/mumuh_data.pdf, page is rotated 90 degrees> <./figures/Template/nnh_dat
a.pdf, page is rotated 90 degrees> <./figures/Template/qqh_data.pdf, page is ro
tated 90 degrees>]
<figures/Template/eeh_bb.pdf, id=1500, 569.12625pt x 410.53375pt>
File: figures/Template/eeh_bb.pdf Graphic file (type pdf)

<use figures/Template/eeh_bb.pdf>
Package pdftex.def Info: figures/Template/eeh_bb.pdf used on input line 77.
(pdftex.def)             Requested size: 150.23137pt x 108.36494pt.

<figures/Template/eeh_cc.pdf, id=1501, 569.12625pt x 410.53375pt>
File: figures/Template/eeh_cc.pdf Graphic file (type pdf)

<use figures/Template/eeh_cc.pdf>
Package pdftex.def Info: figures/Template/eeh_cc.pdf used on input line 83.
(pdftex.def)             Requested size: 141.12454pt x 101.80003pt.

<figures/Template/eeh_gg.pdf, id=1502, 569.12625pt x 410.53375pt>
File: figures/Template/eeh_gg.pdf Graphic file (type pdf)

<use figures/Template/eeh_gg.pdf>
Package pdftex.def Info: figures/Template/eeh_gg.pdf used on input line 89.
(pdftex.def)             Requested size: 141.12454pt x 101.80003pt.

<figures/Template/mumuh_bb.pdf, id=1503, 569.12625pt x 410.53375pt>
File: figures/Template/mumuh_bb.pdf Graphic file (type pdf)

<use figures/Template/mumuh_bb.pdf>
Package pdftex.def Info: figures/Template/mumuh_bb.pdf used on input line 95.
(pdftex.def)             Requested size: 141.12454pt x 101.80003pt.

<figures/Template/mumuh_cc.pdf, id=1504, 569.12625pt x 410.53375pt>
File: figures/Template/mumuh_cc.pdf Graphic file (type pdf)

<use figures/Template/mumuh_cc.pdf>
Package pdftex.def Info: figures/Template/mumuh_cc.pdf used on input line 101.
(pdftex.def)             Requested size: 141.12454pt x 101.80003pt.

<figures/Template/mumuh_gg.pdf, id=1505, 569.12625pt x 410.53375pt>
File: figures/Template/mumuh_gg.pdf Graphic file (type pdf)

<use figures/Template/mumuh_gg.pdf>
Package pdftex.def Info: figures/Template/mumuh_gg.pdf used on input line 107.
(pdftex.def)             Requested size: 141.12454pt x 101.80003pt.

<figures/Template/nnh_bb.pdf, id=1506, 569.12625pt x 410.53375pt>
File: figures/Template/nnh_bb.pdf Graphic file (type pdf)

<use figures/Template/nnh_bb.pdf>
Package pdftex.def Info: figures/Template/nnh_bb.pdf used on input line 113.
(pdftex.def)             Requested size: 141.12454pt x 101.80003pt.

<figures/Template/nnh_cc.pdf, id=1507, 569.12625pt x 410.53375pt>
File: figures/Template/nnh_cc.pdf Graphic file (type pdf)

<use figures/Template/nnh_cc.pdf>
Package pdftex.def Info: figures/Template/nnh_cc.pdf used on input line 119.
(pdftex.def)             Requested size: 141.12454pt x 101.80003pt.

<figures/Template/nnh_gg.pdf, id=1508, 569.12625pt x 410.53375pt>
File: figures/Template/nnh_gg.pdf Graphic file (type pdf)

<use figures/Template/nnh_gg.pdf>
Package pdftex.def Info: figures/Template/nnh_gg.pdf used on input line 125.
(pdftex.def)             Requested size: 141.12454pt x 101.80003pt.

<figures/Template/qqh_bb.pdf, id=1509, 569.12625pt x 410.53375pt>
File: figures/Template/qqh_bb.pdf Graphic file (type pdf)

<use figures/Template/qqh_bb.pdf>
Package pdftex.def Info: figures/Template/qqh_bb.pdf used on input line 131.
(pdftex.def)             Requested size: 141.12454pt x 101.80003pt.

<figures/Template/qqh_cc.pdf, id=1510, 569.12625pt x 410.53375pt>
File: figures/Template/qqh_cc.pdf Graphic file (type pdf)

<use figures/Template/qqh_cc.pdf>
Package pdftex.def Info: figures/Template/qqh_cc.pdf used on input line 137.
(pdftex.def)             Requested size: 141.12454pt x 101.80003pt.

<figures/Template/qqh_gg.pdf, id=1511, 569.12625pt x 410.53375pt>
File: figures/Template/qqh_gg.pdf Graphic file (type pdf)

<use figures/Template/qqh_gg.pdf>
Package pdftex.def Info: figures/Template/qqh_gg.pdf used on input line 143.
(pdftex.def)             Requested size: 141.12454pt x 101.80003pt.
 [13 <./figures/Template/eeh_bb.pdf, page is rotated 90 degrees> <./figures/Tem
plate/eeh_cc.pdf, page is rotated 90 degrees> <./figures/Template/eeh_gg.pdf, p
age is rotated 90 degrees> <./figures/Template/mumuh_bb.pdf, page is rotated 90
 degrees> <./figures/Template/mumuh_cc.pdf, page is rotated 90 degrees> <./figu
res/Template/mumuh_gg.pdf, page is rotated 90 degrees> <./figures/Template/nnh_
bb.pdf, page is rotated 90 degrees> <./figures/Template/nnh_cc.pdf, page is rot
ated 90 degrees> <./figures/Template/nnh_gg.pdf, page is rotated 90 degrees> <.
/figures/Template/qqh_bb.pdf, page is rotated 90 degrees> <./figures/Template/q
qh_cc.pdf, page is rotated 90 degrees> <./figures/Template/qqh_gg.pdf, page is 
rotated 90 degrees>]
<figures/Template/eeh_bkg.pdf, id=2049, 569.12625pt x 410.53375pt>
File: figures/Template/eeh_bkg.pdf Graphic file (type pdf)

<use figures/Template/eeh_bkg.pdf>
Package pdftex.def Info: figures/Template/eeh_bkg.pdf used on input line 157.
(pdftex.def)             Requested size: 191.20168pt x 137.9196pt.

<figures/Template/mumuh_bkg.pdf, id=2050, 569.12625pt x 410.53375pt>
File: figures/Template/mumuh_bkg.pdf Graphic file (type pdf)

<use figures/Template/mumuh_bkg.pdf>
Package pdftex.def Info: figures/Template/mumuh_bkg.pdf used on input line 163.

(pdftex.def)             Requested size: 191.20168pt x 137.9196pt.

<figures/Template/nnh_bkg.pdf, id=2051, 569.12625pt x 410.53375pt>
File: figures/Template/nnh_bkg.pdf Graphic file (type pdf)

<use figures/Template/nnh_bkg.pdf>
Package pdftex.def Info: figures/Template/nnh_bkg.pdf used on input line 169.
(pdftex.def)             Requested size: 191.20168pt x 137.9196pt.

<figures/Template/qqh_bkg.pdf, id=2052, 569.12625pt x 410.53375pt>
File: figures/Template/qqh_bkg.pdf Graphic file (type pdf)

<use figures/Template/qqh_bkg.pdf>
Package pdftex.def Info: figures/Template/qqh_bkg.pdf used on input line 175.
(pdftex.def)             Requested size: 191.20168pt x 137.9196pt.

<figures/Template/toymc_eeh_bb.pdf, id=2054, 569.12625pt x 410.53375pt>
File: figures/Template/toymc_eeh_bb.pdf Graphic file (type pdf)

<use figures/Template/toymc_eeh_bb.pdf>
Package pdftex.def Info: figures/Template/toymc_eeh_bb.pdf used on input line 2
06.
(pdftex.def)             Requested size: 141.12454pt x 101.80003pt.

<figures/Template/toymc_eeh_cc.pdf, id=2055, 569.12625pt x 410.53375pt>
File: figures/Template/toymc_eeh_cc.pdf Graphic file (type pdf)

<use figures/Template/toymc_eeh_cc.pdf>
Package pdftex.def Info: figures/Template/toymc_eeh_cc.pdf used on input line 2
12.
(pdftex.def)             Requested size: 141.12454pt x 101.80003pt.

<figures/Template/toymc_eeh_gg.pdf, id=2056, 569.12625pt x 410.53375pt>
File: figures/Template/toymc_eeh_gg.pdf Graphic file (type pdf)

<use figures/Template/toymc_eeh_gg.pdf>
Package pdftex.def Info: figures/Template/toymc_eeh_gg.pdf used on input line 2
18.
(pdftex.def)             Requested size: 141.12454pt x 101.80003pt.

<figures/Template/toymc_mumuh_bb.pdf, id=2057, 569.12625pt x 410.53375pt>
File: figures/Template/toymc_mumuh_bb.pdf Graphic file (type pdf)

<use figures/Template/toymc_mumuh_bb.pdf>
Package pdftex.def Info: figures/Template/toymc_mumuh_bb.pdf used on input line
 224.
(pdftex.def)             Requested size: 141.12454pt x 101.80003pt.

<figures/Template/toymc_mumuh_cc.pdf, id=2058, 569.12625pt x 410.53375pt>
File: figures/Template/toymc_mumuh_cc.pdf Graphic file (type pdf)

<use figures/Template/toymc_mumuh_cc.pdf>
Package pdftex.def Info: figures/Template/toymc_mumuh_cc.pdf used on input line
 230.
(pdftex.def)             Requested size: 141.12454pt x 101.80003pt.

<figures/Template/toymc_mumuh_gg.pdf, id=2059, 569.12625pt x 410.53375pt>
File: figures/Template/toymc_mumuh_gg.pdf Graphic file (type pdf)

<use figures/Template/toymc_mumuh_gg.pdf>
Package pdftex.def Info: figures/Template/toymc_mumuh_gg.pdf used on input line
 236.
(pdftex.def)             Requested size: 141.12454pt x 101.80003pt.

<figures/Template/toymc_nnh_bb.pdf, id=2060, 569.12625pt x 410.53375pt>
File: figures/Template/toymc_nnh_bb.pdf Graphic file (type pdf)

<use figures/Template/toymc_nnh_bb.pdf>
Package pdftex.def Info: figures/Template/toymc_nnh_bb.pdf used on input line 2
42.
(pdftex.def)             Requested size: 141.12454pt x 101.80003pt.

<figures/Template/toymc_nnh_cc.pdf, id=2061, 569.12625pt x 410.53375pt>
File: figures/Template/toymc_nnh_cc.pdf Graphic file (type pdf)

<use figures/Template/toymc_nnh_cc.pdf>
Package pdftex.def Info: figures/Template/toymc_nnh_cc.pdf used on input line 2
48.
(pdftex.def)             Requested size: 141.12454pt x 101.80003pt.

<figures/Template/toymc_nnh_gg.pdf, id=2062, 569.12625pt x 410.53375pt>
File: figures/Template/toymc_nnh_gg.pdf Graphic file (type pdf)

<use figures/Template/toymc_nnh_gg.pdf>
Package pdftex.def Info: figures/Template/toymc_nnh_gg.pdf used on input line 2
54.
(pdftex.def)             Requested size: 141.12454pt x 101.80003pt.

<figures/Template/toymc_qqh_bb.pdf, id=2063, 569.12625pt x 410.53375pt>
File: figures/Template/toymc_qqh_bb.pdf Graphic file (type pdf)

<use figures/Template/toymc_qqh_bb.pdf>
Package pdftex.def Info: figures/Template/toymc_qqh_bb.pdf used on input line 2
60.
(pdftex.def)             Requested size: 141.12454pt x 101.80003pt.

<figures/Template/toymc_qqh_cc.pdf, id=2064, 569.12625pt x 410.53375pt>
File: figures/Template/toymc_qqh_cc.pdf Graphic file (type pdf)

<use figures/Template/toymc_qqh_cc.pdf>
Package pdftex.def Info: figures/Template/toymc_qqh_cc.pdf used on input line 2
66.
(pdftex.def)             Requested size: 141.12454pt x 101.80003pt.

<figures/Template/toymc_qqh_gg.pdf, id=2065, 569.12625pt x 410.53375pt>
File: figures/Template/toymc_qqh_gg.pdf Graphic file (type pdf)

<use figures/Template/toymc_qqh_gg.pdf>
Package pdftex.def Info: figures/Template/toymc_qqh_gg.pdf used on input line 2
72.
(pdftex.def)             Requested size: 141.12454pt x 101.80003pt.
) (./texfiles/validation.tex [14 <./figures/Template/eeh_bkg.pdf, page is rotat
ed 90 degrees> <./figures/Template/mumuh_bkg.pdf, page is rotated 90 degrees> <
./figures/Template/nnh_bkg.pdf, page is rotated 90 degrees> <./figures/Template
/qqh_bkg.pdf, page is rotated 90 degrees>] [15 <./figures/Template/toymc_eeh_bb
.pdf, page is rotated 90 degrees> <./figures/Template/toymc_eeh_cc.pdf, page is
 rotated 90 degrees> <./figures/Template/toymc_eeh_gg.pdf, page is rotated 90 d
egrees> <./figures/Template/toymc_mumuh_bb.pdf, page is rotated 90 degrees> <./
figures/Template/toymc_mumuh_cc.pdf, page is rotated 90 degrees> <./figures/Tem
plate/toymc_mumuh_gg.pdf, page is rotated 90 degrees> <./figures/Template/toymc
_nnh_bb.pdf, page is rotated 90 degrees> <./figures/Template/toymc_nnh_cc.pdf, 
page is rotated 90 degrees> <./figures/Template/toymc_nnh_gg.pdf, page is rotat
ed 90 degrees> <./figures/Template/toymc_qqh_bb.pdf, page is rotated 90 degrees
> <./figures/Template/toymc_qqh_cc.pdf, page is rotated 90 degrees> <./figures/
Template/toymc_qqh_gg.pdf, page is rotated 90 degrees>]
<figures/Validation/mumuh/mumu_inv.pdf, id=2786, 569.12625pt x 410.53375pt>
File: figures/Validation/mumuh/mumu_inv.pdf Graphic file (type pdf)

<use figures/Validation/mumuh/mumu_inv.pdf>
Package pdftex.def Info: figures/Validation/mumuh/mumu_inv.pdf used on input li
ne 21.
(pdftex.def)             Requested size: 141.12454pt x 101.80003pt.

<figures/Validation/mumuh/mumu_recoil.pdf, id=2787, 569.12625pt x 410.53375pt>
File: figures/Validation/mumuh/mumu_recoil.pdf Graphic file (type pdf)

<use figures/Validation/mumuh/mumu_recoil.pdf>
Package pdftex.def Info: figures/Validation/mumuh/mumu_recoil.pdf used on input
 line 27.
(pdftex.def)             Requested size: 141.12454pt x 101.80003pt.

<figures/Validation/mumuh/jj_inv.pdf, id=2788, 569.12625pt x 410.53375pt>
File: figures/Validation/mumuh/jj_inv.pdf Graphic file (type pdf)

<use figures/Validation/mumuh/jj_inv.pdf>
Package pdftex.def Info: figures/Validation/mumuh/jj_inv.pdf used on input line
 33.
(pdftex.def)             Requested size: 141.12454pt x 101.80003pt.
) (./texfiles/results.tex
Missing character: There is no  in font txr!
Missing character: There is no  in font txr!
Missing character: There is no  in font txr!

<figures/Template/toymc_combined_bb.pdf, id=2791, 569.12625pt x 410.53375pt>
File: figures/Template/toymc_combined_bb.pdf Graphic file (type pdf)

<use figures/Template/toymc_combined_bb.pdf>
Package pdftex.def Info: figures/Template/toymc_combined_bb.pdf used on input l
ine 16.
(pdftex.def)             Requested size: 141.12454pt x 101.80003pt.

<figures/Template/toymc_combined_cc.pdf, id=2792, 569.12625pt x 410.53375pt>
File: figures/Template/toymc_combined_cc.pdf Graphic file (type pdf)

<use figures/Template/toymc_combined_cc.pdf>
Package pdftex.def Info: figures/Template/toymc_combined_cc.pdf used on input l
ine 22.
(pdftex.def)             Requested size: 141.12454pt x 101.80003pt.

<figures/Template/toymc_combined_gg.pdf, id=2793, 569.12625pt x 410.53375pt>
File: figures/Template/toymc_combined_gg.pdf Graphic file (type pdf)

<use figures/Template/toymc_combined_gg.pdf>
Package pdftex.def Info: figures/Template/toymc_combined_gg.pdf used on input l
ine 28.
(pdftex.def)             Requested size: 141.12454pt x 101.80003pt.
) (./texfiles/summary.tex) [16 <./figures/Validation/mumuh/mumu_inv.pdf, page i
s rotated 90 degrees> <./figures/Validation/mumuh/mumu_recoil.pdf, page is rota
ted 90 degrees> <./figures/Validation/mumuh/jj_inv.pdf, page is rotated 90 degr
ees>] [17 <./figures/Template/toymc_combined_bb.pdf, page is rotated 90 degrees
> <./figures/Template/toymc_combined_cc.pdf, page is rotated 90 degrees> <./fig
ures/Template/toymc_combined_gg.pdf, page is rotated 90 degrees>] (./CEPCNote.b
bl)
Package atveryend Info: Empty hook `BeforeClearDocument' on input line 183.
 [18

]
Package atveryend Info: Empty hook `AfterLastShipout' on input line 183.
 (./CEPCNote.aux)
Package atveryend Info: Executing hook `AtVeryEndDocument' on input line 183.
Package atveryend Info: Executing hook `AtEndAfterFileList' on input line 183.
Package rerunfilecheck Info: File `CEPCNote.out' has not changed.
(rerunfilecheck)             Checksum: 8EE48B027E8F47533D84254B28E77976;1000.
Package atveryend Info: Empty hook `AtVeryVeryEnd' on input line 183.
 ) 
Here is how much of TeX's memory you used:
 8824 strings out of 494820
 127545 string characters out of 3178050
 214277 words of memory out of 3000000
 11551 multiletter control sequences out of 15000+200000
 92077 words of font info for 224 fonts, out of 3000000 for 9000
 198 hyphenation exceptions out of 8191
 42i,14n,33p,954b,413s stack positions out of 5000i,500n,10000p,200000b,50000s
pdfTeX warning (dest): name{Hfootnote.2} has been referenced but does not exi
st, replaced by a fixed one

pdfTeX warning (dest): name{Hfootnote.1} has been referenced but does not exist
, replaced by a fixed one

{/usr/share/texlive/texmf-dist/fonts/enc/dvips/base/8r.enc}</usr/share/texlive/
texmf-dist/fonts/type1/public/txfonts/rtxb.pfb></usr/share/texlive/texmf-dist/f
onts/type1/public/txfonts/rtxbmi.pfb></usr/share/texlive/texmf-dist/fonts/type1
/public/txfonts/rtxmi.pfb></usr/share/texlive/texmf-dist/fonts/type1/public/txf
onts/rtxr.pfb></usr/share/texlive/texmf-dist/fonts/type1/public/txfonts/txbsy.p
fb></usr/share/texlive/texmf-dist/fonts/type1/public/txfonts/txex.pfb></usr/sha
re/texlive/texmf-dist/fonts/type1/public/txfonts/txsy.pfb></usr/share/texlive/t
exmf-dist/fonts/type1/public/txfonts/txtt.pfb></usr/share/texlive/texmf-dist/fo
nts/type1/urw/helvetic/uhvb8a.pfb></usr/share/texlive/texmf-dist/fonts/type1/ur
w/helvetic/uhvr8a.pfb></usr/share/texlive/texmf-dist/fonts/type1/urw/times/utmb
8a.pfb></usr/share/texlive/texmf-dist/fonts/type1/urw/times/utmbi8a.pfb></usr/s
hare/texlive/texmf-dist/fonts/type1/urw/times/utmr8a.pfb></usr/share/texlive/te
xmf-dist/fonts/type1/urw/times/utmri8a.pfb>
Output written on CEPCNote.pdf (21 pages, 3001198 bytes).
PDF statistics:
 3181 PDF objects out of 3580 (max. 8388607)
 1532 compressed objects within 16 object streams
 150 named destinations out of 1000 (max. 500000)
 464 words of extra memory for PDF output out of 10000 (max. 10000000)

