Copyright 1986-2018 Xilinx, Inc. All Rights Reserved.
------------------------------------------------------------------------------------
| Tool Version : Vivado v.2018.1 (win64) Build 2188600 Wed Apr  4 18:40:38 MDT 2018
| Date         : Thu Jun 28 16:39:12 2018
| Host         : WYU running 64-bit major release  (build 9200)
| Command      : upgrade_ip
| Device       : xc7a100tfgg484-2L
------------------------------------------------------------------------------------

Upgrade Log for IP 'ConfigParameterFIFO'

1. Summary
----------

SUCCESS in the conversion of ConfigParameterFIFO (xilinx.com:ip:fifo_generator:13.2 (Rev. 2)) to Vivado generation flows.






Copyright 1986-2018 Xilinx, Inc. All Rights Reserved.
------------------------------------------------------------------------------------
| Tool Version : Vivado v.2018.1 (win64) Build 2188600 Wed Apr  4 18:40:38 MDT 2018
| Date         : Thu Jun 28 16:37:16 2018
| Host         : WYU running 64-bit major release  (build 9200)
| Command      : upgrade_ip
| Device       : xc7a100tfgg484-2L
------------------------------------------------------------------------------------

Upgrade Log for IP 'CommandFifo'

1. Summary
----------

SUCCESS in the conversion of CommandFifo (xilinx.com:ip:fifo_generator:13.2 (Rev. 2)) to Vivado generation flows.

