(---------------------------------------------------------------------)
(                                                                     )
(    Allegro Netrev Import Logic                                      )
(                                                                     )
(    Drawing          : AGET_ERNI2HRS.brd                             )
(    Software Version : 16.6S025                                      )
(    Date/Time        : Mon Sep 11 17:11:19 2017                      )
(                                                                     )
(---------------------------------------------------------------------)


------ Directives ------------

Ripup etch:                  No
Ripup delete first segment:  No
Ripup retain bondwire:       No
Ripup symbols:               Always
Missing symbol has error:    No
DRC update:                  Yes
Schematic directory:         'D:/MyProject/SDHCAL_DAQ/PCB&Schematic/AGET_ERNI2HRS/Capture/allegro'
Design Directory:            '.'
Old design name:             'AGET_ERNI2HRS.brd'
New design name:             'AGET_ERNI2HRS.brd'

CmdLine: netrev -$ -i D:/MyProject/SDHCAL_DAQ/PCB&Schematic/AGET_ERNI2HRS/Capture/allegro -y 1 -q netrev_constraint_report.xml D:/MyProject/SDHCAL_DAQ/PCB&Schematic/AGET_ERNI2HRS/Allegro/#Taaaaay14540.tmp

------ Preparing to read pst files ------

Starting to read D:/MyProject/SDHCAL_DAQ/PCB&Schematic/AGET_ERNI2HRS/Capture/allegro/pstchip.dat 
   Finished reading D:/MyProject/SDHCAL_DAQ/PCB&Schematic/AGET_ERNI2HRS/Capture/allegro/pstchip.dat (00:00:00.04)
Starting to read D:/MyProject/SDHCAL_DAQ/PCB&Schematic/AGET_ERNI2HRS/Capture/allegro/pstxprt.dat 
   Finished reading D:/MyProject/SDHCAL_DAQ/PCB&Schematic/AGET_ERNI2HRS/Capture/allegro/pstxprt.dat (00:00:00.00)
Starting to read D:/MyProject/SDHCAL_DAQ/PCB&Schematic/AGET_ERNI2HRS/Capture/allegro/pstxnet.dat 
   Finished reading D:/MyProject/SDHCAL_DAQ/PCB&Schematic/AGET_ERNI2HRS/Capture/allegro/pstxnet.dat (00:00:00.00)

------ Oversights/Warnings/Errors ------


------ Library Paths ------
MODULEPATH =  . 
           D:/Cadence/SPB_16.6/share/local/pcb/modules 

PSMPATH =  . 
           symbols 
           .. 
           ../symbols 
           D:/Cadence/SPB_16.6/share/local/pcb/symbols 
           D:/Cadence/SPB_16.6/share/pcb/pcb_lib/symbols 
           D:/Cadence/SPB_16.6/share/pcb/allegrolib/symbols 
           D:/Cadence_workspace/Cadence Library/Allegro Library/Allegro Library/BGO_FEE_Library/ 
           D:/Cadence_workspace/Cadence Library/Allegro Library/Allegro Library/FEE_DAQ_Library/ 

PADPATH =  D:/Cadence_workspace/Cadence Library/Allegro Library/Allegro Library/BGO_FEE_Library/ 
           . 
           symbols 
           .. 
           ../symbols 
           D:/Cadence/SPB_16.6/share/local/pcb/padstacks 
           D:/Cadence/SPB_16.6/share/pcb/pcb_lib/symbols 
           D:/Cadence/SPB_16.6/share/pcb/allegrolib/symbols 
           D:/Cadence_workspace/Cadence Library/Allegro Library/Allegro Library/DAQ_CARD_Library/pad/ 
           D:/Cadence_workspace/Cadence Library/Allegro Library/Allegro Library/FEE_DAQ_Library/ 


------ Summary Statistics ------


netrev run on Sep 11 17:11:19 2017
   DESIGN NAME : 'AGET_ERNI2HRS'
   PACKAGING ON Jan 13 2014 18:46:08

   COMPILE 'logic'
   CHECK_PIN_NAMES OFF
   CROSS_REFERENCE OFF
   FEEDBACK OFF
   INCREMENTAL OFF
   INTERFACE_TYPE PHYSICAL
   MAX_ERRORS 500
   MERGE_MINIMUM 5
   NET_NAME_CHARS '#%&()*+-./:=>?@[]^_`|'
   NET_NAME_LENGTH 24
   OVERSIGHTS ON
   REPLACE_CHECK OFF
   SINGLE_NODE_NETS ON
   SPLIT_MINIMUM 0
   SUPPRESS   20
   WARNINGS ON

 No error detected
 No oversight detected
 No warning detected

cpu time      0:00:27
elapsed time  0:00:00

