(---------------------------------------------------------------------)
(                                                                     )
(    QUICKPLACE LOG                                                   )
(                                                                     )
(    Drawing          : AGET_ERNI2HRS.brd                             )
(    Software Version : 16.6S025                                      )
(    Date/Time        : Mon Sep 11 16:03:39 2017                      )
(                                                                     )
(---------------------------------------------------------------------)


State: Placing on layer TOP

         Placed symbol:  R10 / RESISTOR_SR0603_1M / SR0603 at (54.0 2631.0)
         Placed symbol:  R12 / RESISTOR_SR0603_1M / SR0603 at (160.0 2631.0)
         Placed symbol:  R14 / RESISTOR_SR0603_1M / SR0603 at (266.0 2631.0)
         Placed symbol:  R16 / RESISTOR_SR0603_1M / SR0603 at (372.0 2631.0)
         Placed symbol:  R18 / RESISTOR_SR0603_1M / SR0603 at (478.0 2631.0)
         Placed symbol:  R2 / RESISTOR_SR0603_1M / SR0603 at (584.0 2631.0)
         Placed symbol:  R20 / RESISTOR_SR0603_1M / SR0603 at (690.0 2631.0)
         Placed symbol:  R21 / RESISTOR_SR0603_1M / SR0603 at (796.0 2631.0)
         Placed symbol:  R22 / RESISTOR_SR0603_1M / SR0603 at (902.0 2631.0)
         Placed symbol:  R23 / RESISTOR_SR0603_1M / SR0603 at (1008.0 2631.0)
         Placed symbol:  R24 / RESISTOR_SR0603_1M / SR0603 at (1114.0 2631.0)
         Placed symbol:  R25 / RESISTOR_SR0603_1M / SR0603 at (1220.0 2631.0)
         Placed symbol:  R26 / RESISTOR_SR0603_1M / SR0603 at (1326.0 2631.0)
         Placed symbol:  R27 / RESISTOR_SR0603_1M / SR0603 at (1432.0 2631.0)
         Placed symbol:  R28 / RESISTOR_SR0603_1M / SR0603 at (1538.0 2631.0)
         Placed symbol:  R29 / RESISTOR_SR0603_1M / SR0603 at (1644.0 2631.0)
         Placed symbol:  R30 / RESISTOR_SR0603_1M / SR0603 at (1750.0 2631.0)
         Placed symbol:  R31 / RESISTOR_SR0603_1M / SR0603 at (1856.0 2631.0)
         Placed symbol:  R32 / RESISTOR_SR0603_1M / SR0603 at (1962.0 2631.0)
         Placed symbol:  R33 / RESISTOR_SR0603_1M / SR0603 at (2068.0 2631.0)
         Placed symbol:  R34 / RESISTOR_SR0603_1M / SR0603 at (2174.0 2631.0)
         Placed symbol:  R35 / RESISTOR_SR0603_1M / SR0603 at (2280.0 2631.0)
         Placed symbol:  R36 / RESISTOR_SR0603_1M / SR0603 at (2386.0 2631.0)
         Placed symbol:  R37 / RESISTOR_SR0603_1M / SR0603 at (2492.0 2631.0)
         Placed symbol:  R38 / RESISTOR_SR0603_1M / SR0603 at (2598.0 2631.0)
         Placed symbol:  R39 / RESISTOR_SR0603_1M / SR0603 at (2704.0 2631.0)
         Placed symbol:  R4 / RESISTOR_SR0603_1M / SR0603 at (2810.0 2631.0)
         Placed symbol:  R40 / RESISTOR_SR0603_1M / SR0603 at (2916.0 2631.0)
         Placed symbol:  R41 / RESISTOR_SR0603_1M / SR0603 at (3022.0 2631.0)
         Placed symbol:  R42 / RESISTOR_SR0603_1M / SR0603 at (3128.0 2631.0)
         Placed symbol:  R43 / RESISTOR_SR0603_1M / SR0603 at (3234.0 2631.0)
         Placed symbol:  R44 / RESISTOR_SR0603_1M / SR0603 at (3340.0 2631.0)
         Placed symbol:  R45 / RESISTOR_SR0603_1M / SR0603 at (3446.0 2631.0)
         Placed symbol:  R46 / RESISTOR_SR0603_1M / SR0603 at (3552.0 2631.0)
         Placed symbol:  R47 / RESISTOR_SR0603_1M / SR0603 at (3658.0 2631.0)
         Placed symbol:  R48 / RESISTOR_SR0603_1M / SR0603 at (3764.0 2631.0)
         Placed symbol:  R49 / RESISTOR_SR0603_1M / SR0603 at (3870.0 2631.0)
         Placed symbol:  R50 / RESISTOR_SR0603_1M / SR0603 at (3976.0 2631.0)
         Placed symbol:  R51 / RESISTOR_SR0603_1M / SR0603 at (4082.0 2631.0)
         Placed symbol:  R52 / RESISTOR_SR0603_1M / SR0603 at (4188.0 2631.0)
         Placed symbol:  R53 / RESISTOR_SR0603_1M / SR0603 at (4294.0 2631.0)
         Placed symbol:  R54 / RESISTOR_SR0603_1M / SR0603 at (4400.0 2631.0)
         Placed symbol:  R55 / RESISTOR_SR0603_1M / SR0603 at (4506.0 2631.0)
         Placed symbol:  R56 / RESISTOR_SR0603_1M / SR0603 at (4612.0 2631.0)
         Placed symbol:  R57 / RESISTOR_SR0603_1M / SR0603 at (4718.0 2631.0)
         Placed symbol:  R58 / RESISTOR_SR0603_1M / SR0603 at (4824.0 2631.0)
         Placed symbol:  R59 / RESISTOR_SR0603_1M / SR0603 at (4930.0 2631.0)
         Placed symbol:  R6 / RESISTOR_SR0603_1M / SR0603 at (5036.0 2631.0)
         Placed symbol:  R60 / RESISTOR_SR0603_1M / SR0603 at (5142.0 2631.0)
         Placed symbol:  R61 / RESISTOR_SR0603_1M / SR0603 at (5248.0 2631.0)
         Placed symbol:  R62 / RESISTOR_SR0603_1M / SR0603 at (5354.0 2631.0)
         Placed symbol:  R63 / RESISTOR_SR0603_1M / SR0603 at (5460.0 2631.0)
         Placed symbol:  R64 / RESISTOR_SR0603_1M / SR0603 at (5566.0 2631.0)
         Placed symbol:  R65 / RESISTOR_SR0603_1M / SR0603 at (5672.0 2631.0)
         Placed symbol:  R66 / RESISTOR_SR0603_1M / SR0603 at (5778.0 2631.0)
         Placed symbol:  R100 / R_SR0603_0 / SR0603 at (5884.0 2631.0)
         Placed symbol:  R101 / R_SR0603_0 / SR0603 at (5990.0 2631.0)
         Placed symbol:  R102 / R_SR0603_0 / SR0603 at (6096.0 2631.0)
         Placed symbol:  R103 / R_SR0603_0 / SR0603 at (6202.0 2631.0)
         Placed symbol:  R104 / R_SR0603_0 / SR0603 at (6308.0 2631.0)
         Placed symbol:  R105 / R_SR0603_0 / SR0603 at (6414.0 2631.0)
         Placed symbol:  R106 / R_SR0603_0 / SR0603 at (6520.0 2631.0)
         Placed symbol:  R107 / R_SR0603_0 / SR0603 at (6626.0 2631.0)
         Placed symbol:  R108 / R_SR0603_0 / SR0603 at (6732.0 2631.0)
         Placed symbol:  R109 / R_SR0603_0 / SR0603 at (6838.0 2631.0)
         Placed symbol:  R110 / R_SR0603_0 / SR0603 at (6944.0 2631.0)
         Placed symbol:  R111 / R_SR0603_0 / SR0603 at (7050.0 2631.0)
         Placed symbol:  R112 / R_SR0603_0 / SR0603 at (7156.0 2631.0)
         Placed symbol:  R113 / R_SR0603_0 / SR0603 at (7262.0 2631.0)
         Placed symbol:  R114 / R_SR0603_0 / SR0603 at (7368.0 2631.0)
         Placed symbol:  R115 / R_SR0603_0 / SR0603 at (7474.0 2631.0)
         Placed symbol:  R116 / R_SR0603_0 / SR0603 at (7580.0 2631.0)
         Placed symbol:  R117 / R_SR0603_0 / SR0603 at (7686.0 2631.0)
         Placed symbol:  R118 / R_SR0603_0 / SR0603 at (7792.0 2631.0)
         Placed symbol:  R119 / R_SR0603_0 / SR0603 at (7898.0 2631.0)
         Placed symbol:  R120 / R_SR0603_0 / SR0603 at (8060.0 2570.0)
         Placed symbol:  R121 / R_SR0603_0 / SR0603 at (8060.0 2517.0)
         Placed symbol:  R122 / R_SR0603_0 / SR0603 at (8060.0 2464.0)
         Placed symbol:  R123 / R_SR0603_0 / SR0603 at (8060.0 2411.0)
         Placed symbol:  R124 / R_SR0603_0 / SR0603 at (8060.0 2358.0)
         Placed symbol:  R125 / R_SR0603_0 / SR0603 at (8060.0 2305.0)
         Placed symbol:  R126 / R_SR0603_0 / SR0603 at (8060.0 2252.0)
         Placed symbol:  R127 / R_SR0603_0 / SR0603 at (8060.0 2199.0)
         Placed symbol:  R128 / R_SR0603_0 / SR0603 at (8060.0 2146.0)
         Placed symbol:  R129 / R_SR0603_0 / SR0603 at (8060.0 2093.0)
         Placed symbol:  R130 / R_SR0603_0 / SR0603 at (8060.0 2040.0)
         Placed symbol:  R67 / R_SR0603_0 / SR0603 at (8060.0 1987.0)
         Placed symbol:  R68 / R_SR0603_0 / SR0603 at (8060.0 1934.0)
         Placed symbol:  R69 / R_SR0603_0 / SR0603 at (8060.0 1881.0)
         Placed symbol:  R70 / R_SR0603_0 / SR0603 at (8060.0 1828.0)
         Placed symbol:  R71 / R_SR0603_0 / SR0603 at (8060.0 1775.0)
         Placed symbol:  R72 / R_SR0603_0 / SR0603 at (8060.0 1722.0)
         Placed symbol:  R73 / R_SR0603_0 / SR0603 at (8060.0 1669.0)
         Placed symbol:  R74 / R_SR0603_0 / SR0603 at (8060.0 1616.0)
         Placed symbol:  R75 / R_SR0603_0 / SR0603 at (8060.0 1563.0)
         Placed symbol:  R76 / R_SR0603_0 / SR0603 at (8060.0 1510.0)
         Placed symbol:  R77 / R_SR0603_0 / SR0603 at (8060.0 1457.0)
         Placed symbol:  R78 / R_SR0603_0 / SR0603 at (8060.0 1404.0)
         Placed symbol:  R79 / R_SR0603_0 / SR0603 at (8060.0 1351.0)
         Placed symbol:  R80 / R_SR0603_0 / SR0603 at (8060.0 1298.0)
         Placed symbol:  R81 / R_SR0603_0 / SR0603 at (8060.0 1245.0)
         Placed symbol:  R82 / R_SR0603_0 / SR0603 at (8060.0 1192.0)
         Placed symbol:  R83 / R_SR0603_0 / SR0603 at (8060.0 1139.0)
         Placed symbol:  R84 / R_SR0603_0 / SR0603 at (8060.0 1086.0)
         Placed symbol:  R85 / R_SR0603_0 / SR0603 at (8060.0 1033.0)
         Placed symbol:  R86 / R_SR0603_0 / SR0603 at (8060.0 980.0)
         Placed symbol:  R87 / R_SR0603_0 / SR0603 at (8060.0 927.0)
         Placed symbol:  R88 / R_SR0603_0 / SR0603 at (8060.0 874.0)
         Placed symbol:  R89 / R_SR0603_0 / SR0603 at (8060.0 821.0)
         Placed symbol:  R90 / R_SR0603_0 / SR0603 at (8060.0 768.0)
         Placed symbol:  R91 / R_SR0603_0 / SR0603 at (8060.0 715.0)
         Placed symbol:  R92 / R_SR0603_0 / SR0603 at (8060.0 662.0)
         Placed symbol:  R93 / R_SR0603_0 / SR0603 at (8060.0 609.0)
         Placed symbol:  R94 / R_SR0603_0 / SR0603 at (8060.0 556.0)
         Placed symbol:  R95 / R_SR0603_0 / SR0603 at (8060.0 503.0)
         Placed symbol:  R96 / R_SR0603_0 / SR0603 at (8060.0 450.0)
         Placed symbol:  R97 / R_SR0603_0 / SR0603 at (8060.0 397.0)
         Placed symbol:  R98 / R_SR0603_0 / SR0603 at (8060.0 344.0)
         Placed symbol:  R99 / R_SR0603_0 / SR0603 at (8060.0 291.0)
         Placed symbol:  R3 / R_SR0603_X / SR0603 at (8060.0 238.0)
         Placed symbol:  R7 / R_SR0603_X / SR0603 at (8060.0 185.0)
         Placed symbol:  TP1 / T POINT A_TP_40MIL_GND / TP_40MIL at (8077.0 114.5)
         Placed symbol:  TP2 / T POINT A_TP_40MIL_GND / TP_40MIL at (71.0 -53.5)
         Placed symbol:  TP3 / T POINT A_TP_40MIL_GND / TP_40MIL at (187.5 -53.5)
         Placed symbol:  TP4 / T POINT A_TP_40MIL_GND / TP_40MIL at (304.0 -53.5)
         Placed symbol:  TP5 / T POINT A_TP_40MIL_GND / TP_40MIL at (420.5 -53.5)
         Placed symbol:  TP6 / T POINT A_TP_40MIL_GND / TP_40MIL at (537.0 -53.5)
         Placed symbol:  TP7 / T POINT A_TP_40MIL_GND / TP_40MIL at (653.5 -53.5)
         Placed symbol:  TP8 / T POINT A_TP_40MIL_GND / TP_40MIL at (770.0 -53.5)


Placed 129 of 129 applicable (129 total) symbols.

-----------------------------------------------------------------------

